{"/Users/daniellewis/code/react-combobox/src/context.js": {"path":"/Users/daniellewis/code/react-combobox/src/context.js","statementMap":{"0":{"start":{"line":3,"column":23},"end":{"line":3,"column":38}}},"fnMap":{},"branchMap":{},"s":{"0":0},"f":{},"b":{},"hash":"8cfa742eb14d32282e091762e681e56de8491101"}
,"/Users/daniellewis/code/react-combobox/src/reinspect.js": {"path":"/Users/daniellewis/code/react-combobox/src/reinspect.js","statementMap":{"0":{"start":{"line":2,"column":0},"end":{"line":10,"column":1}},"1":{"start":{"line":3,"column":41},"end":{"line":3,"column":61}},"2":{"start":{"line":4,"column":2},"end":{"line":4,"column":42}},"3":{"start":{"line":5,"column":2},"end":{"line":5,"column":34}},"4":{"start":{"line":7,"column":35},"end":{"line":7,"column":51}},"5":{"start":{"line":8,"column":2},"end":{"line":8,"column":36}},"6":{"start":{"line":9,"column":2},"end":{"line":9,"column":34}}},"fnMap":{},"branchMap":{"0":{"loc":{"start":{"line":2,"column":0},"end":{"line":10,"column":1}},"type":"if","locations":[{"start":{"line":2,"column":0},"end":{"line":10,"column":1}},{"start":{"line":2,"column":0},"end":{"line":10,"column":1}}],"line":2}},"s":{"0":0,"1":0,"2":0,"3":0,"4":0,"5":0,"6":0},"f":{},"b":{"0":[0,0]},"hash":"a61585ec68fd7654a7e66587ceadc127a6a1f9a4"}
,"/Users/daniellewis/code/react-combobox/src/components/combo_box_button.jsx": {"path":"/Users/daniellewis/code/react-combobox/src/components/combo_box_button.jsx","statementMap":{"0":{"start":{"line":4,"column":34},"end":{"line":4,"column":49}},"1":{"start":{"line":5,"column":19},"end":{"line":5,"column":27}},"2":{"start":{"line":6,"column":20},"end":{"line":6,"column":28}},"3":{"start":{"line":7,"column":22},"end":{"line":7,"column":30}},"4":{"start":{"line":9,"column":18},"end":{"line":11,"column":3}},"5":{"start":{"line":10,"column":4},"end":{"line":10,"column":27}},"6":{"start":{"line":13,"column":19},"end":{"line":19,"column":3}},"7":{"start":{"line":14,"column":4},"end":{"line":14,"column":28}},"8":{"start":{"line":15,"column":4},"end":{"line":15,"column":23}},"9":{"start":{"line":16,"column":4},"end":{"line":18,"column":5}},"10":{"start":{"line":17,"column":6},"end":{"line":17,"column":32}},"11":{"start":{"line":21,"column":2},"end":{"line":25,"column":17}},"12":{"start":{"line":22,"column":4},"end":{"line":24,"column":5}},"13":{"start":{"line":23,"column":6},"end":{"line":23,"column":26}},"14":{"start":{"line":27,"column":2},"end":{"line":46,"column":4}}},"fnMap":{"0":{"name":"ComboBoxButton","decl":{"start":{"line":3,"column":16},"end":{"line":3,"column":30}},"loc":{"start":{"line":3,"column":33},"end":{"line":47,"column":1}},"line":3},"1":{"name":"(anonymous_1)","decl":{"start":{"line":9,"column":18},"end":{"line":9,"column":19}},"loc":{"start":{"line":9,"column":24},"end":{"line":11,"column":3}},"line":9},"2":{"name":"(anonymous_2)","decl":{"start":{"line":13,"column":19},"end":{"line":13,"column":20}},"loc":{"start":{"line":13,"column":30},"end":{"line":19,"column":3}},"line":13},"3":{"name":"(anonymous_3)","decl":{"start":{"line":21,"column":18},"end":{"line":21,"column":19}},"loc":{"start":{"line":21,"column":24},"end":{"line":25,"column":3}},"line":21}},"branchMap":{"0":{"loc":{"start":{"line":16,"column":4},"end":{"line":18,"column":5}},"type":"if","locations":[{"start":{"line":16,"column":4},"end":{"line":18,"column":5}},{"start":{"line":16,"column":4},"end":{"line":18,"column":5}}],"line":16},"1":{"loc":{"start":{"line":22,"column":4},"end":{"line":24,"column":5}},"type":"if","locations":[{"start":{"line":22,"column":4},"end":{"line":24,"column":5}},{"start":{"line":22,"column":4},"end":{"line":24,"column":5}}],"line":22},"2":{"loc":{"start":{"line":37,"column":23},"end":{"line":37,"column":50}},"type":"cond-expr","locations":[{"start":{"line":37,"column":34},"end":{"line":37,"column":40}},{"start":{"line":37,"column":43},"end":{"line":37,"column":50}}],"line":37}},"s":{"0":0,"1":0,"2":0,"3":0,"4":0,"5":0,"6":0,"7":0,"8":0,"9":0,"10":0,"11":0,"12":0,"13":0,"14":0},"f":{"0":0,"1":0,"2":0,"3":0},"b":{"0":[0,0],"1":[0,0],"2":[0,0]},"hash":"112083f8c96e599da40a5a7639d28f2357609d2b"}
,"/Users/daniellewis/code/react-combobox/src/components/highlight.jsx": {"path":"/Users/daniellewis/code/react-combobox/src/components/highlight.jsx","statementMap":{"0":{"start":{"line":5,"column":16},"end":{"line":5,"column":90}},"1":{"start":{"line":5,"column":40},"end":{"line":5,"column":88}},"2":{"start":{"line":6,"column":2},"end":{"line":6,"column":55}},"3":{"start":{"line":9,"column":0},"end":{"line":14,"column":2}}},"fnMap":{"0":{"name":"Highlight","decl":{"start":{"line":4,"column":16},"end":{"line":4,"column":25}},"loc":{"start":{"line":4,"column":40},"end":{"line":7,"column":1}},"line":4},"1":{"name":"(anonymous_1)","decl":{"start":{"line":5,"column":29},"end":{"line":5,"column":30}},"loc":{"start":{"line":5,"column":40},"end":{"line":5,"column":88}},"line":5}},"branchMap":{"0":{"loc":{"start":{"line":5,"column":40},"end":{"line":5,"column":88}},"type":"cond-expr","locations":[{"start":{"line":5,"column":62},"end":{"line":5,"column":81}},{"start":{"line":5,"column":84},"end":{"line":5,"column":88}}],"line":5}},"s":{"0":0,"1":0,"2":0,"3":0},"f":{"0":0,"1":0},"b":{"0":[0,0]},"hash":"3920d5afbd27ceff262c625d2a02e1622ccf5556"}
,"/Users/daniellewis/code/react-combobox/src/components/highlight_value.jsx": {"path":"/Users/daniellewis/code/react-combobox/src/components/highlight_value.jsx","statementMap":{"0":{"start":{"line":7,"column":16},"end":{"line":7,"column":35}},"1":{"start":{"line":8,"column":2},"end":{"line":12,"column":4}},"2":{"start":{"line":15,"column":0},"end":{"line":18,"column":2}}},"fnMap":{"0":{"name":"HighlightValue","decl":{"start":{"line":6,"column":16},"end":{"line":6,"column":30}},"loc":{"start":{"line":6,"column":63},"end":{"line":13,"column":1}},"line":6}},"branchMap":{},"s":{"0":0,"1":0,"2":0},"f":{"0":0},"b":{},"hash":"870c98d3bb56df3f8a5b8fc03dccd079cb0a6296"}
,"/Users/daniellewis/code/react-combobox/src/components/select.jsx": {"path":"/Users/daniellewis/code/react-combobox/src/components/select.jsx","statementMap":{"0":{"start":{"line":10,"column":6},"end":{"line":10,"column":36}},"1":{"start":{"line":12,"column":2},"end":{"line":43,"column":4}},"2":{"start":{"line":14,"column":38},"end":{"line":14,"column":48}},"3":{"start":{"line":15,"column":50},"end":{"line":15,"column":90}},"4":{"start":{"line":21,"column":10},"end":{"line":25,"column":12}},"5":{"start":{"line":29,"column":10},"end":{"line":39,"column":12}},"6":{"start":{"line":46,"column":0},"end":{"line":51,"column":2}},"7":{"start":{"line":53,"column":0},"end":{"line":56,"column":2}}},"fnMap":{"0":{"name":"Select","decl":{"start":{"line":7,"column":16},"end":{"line":7,"column":22}},"loc":{"start":{"line":7,"column":33},"end":{"line":44,"column":1}},"line":7},"1":{"name":"(anonymous_1)","decl":{"start":{"line":14,"column":31},"end":{"line":14,"column":32}},"loc":{"start":{"line":14,"column":38},"end":{"line":14,"column":48}},"line":14},"2":{"name":"(anonymous_2)","decl":{"start":{"line":15,"column":16},"end":{"line":15,"column":17}},"loc":{"start":{"line":15,"column":50},"end":{"line":15,"column":90}},"line":15},"3":{"name":"(anonymous_3)","decl":{"start":{"line":20,"column":8},"end":{"line":20,"column":9}},"loc":{"start":{"line":20,"column":52},"end":{"line":26,"column":9}},"line":20},"4":{"name":"(anonymous_4)","decl":{"start":{"line":28,"column":8},"end":{"line":28,"column":9}},"loc":{"start":{"line":28,"column":66},"end":{"line":40,"column":9}},"line":28}},"branchMap":{"0":{"loc":{"start":{"line":15,"column":59},"end":{"line":15,"column":89}},"type":"binary-expr","locations":[{"start":{"line":15,"column":59},"end":{"line":15,"column":81}},{"start":{"line":15,"column":85},"end":{"line":15,"column":89}}],"line":15},"1":{"loc":{"start":{"line":37,"column":15},"end":{"line":37,"column":28}},"type":"binary-expr","locations":[{"start":{"line":37,"column":15},"end":{"line":37,"column":19}},{"start":{"line":37,"column":23},"end":{"line":37,"column":28}}],"line":37}},"s":{"0":0,"1":0,"2":0,"3":0,"4":0,"5":0,"6":0,"7":0},"f":{"0":0,"1":0,"2":0,"3":0,"4":0},"b":{"0":[0,0],"1":[0,0]},"hash":"6d00155b4583fc40fac7151537da2a6af09e824d"}
,"/Users/daniellewis/code/react-combobox/src/components/combo_box/actions.js": {"path":"/Users/daniellewis/code/react-combobox/src/components/combo_box/actions.js","statementMap":{"0":{"start":{"line":7,"column":26},"end":{"line":7,"column":38}},"1":{"start":{"line":8,"column":28},"end":{"line":8,"column":42}},"2":{"start":{"line":9,"column":28},"end":{"line":9,"column":42}},"3":{"start":{"line":10,"column":28},"end":{"line":10,"column":42}},"4":{"start":{"line":11,"column":34},"end":{"line":11,"column":54}},"5":{"start":{"line":14,"column":2},"end":{"line":14,"column":42}},"6":{"start":{"line":18,"column":2},"end":{"line":18,"column":63}},"7":{"start":{"line":22,"column":2},"end":{"line":22,"column":47}},"8":{"start":{"line":26,"column":2},"end":{"line":30,"column":4}},"9":{"start":{"line":34,"column":2},"end":{"line":34,"column":53}},"10":{"start":{"line":38,"column":2},"end":{"line":44,"column":4}},"11":{"start":{"line":39,"column":45},"end":{"line":39,"column":55}},"12":{"start":{"line":40,"column":4},"end":{"line":40,"column":33}},"13":{"start":{"line":41,"column":4},"end":{"line":41,"column":27}},"14":{"start":{"line":42,"column":4},"end":{"line":42,"column":33}},"15":{"start":{"line":43,"column":4},"end":{"line":43,"column":29}},"16":{"start":{"line":48,"column":2},"end":{"line":142,"column":4}},"17":{"start":{"line":49,"column":64},"end":{"line":49,"column":74}},"18":{"start":{"line":50,"column":61},"end":{"line":50,"column":71}},"19":{"start":{"line":51,"column":46},"end":{"line":51,"column":51}},"20":{"start":{"line":53,"column":4},"end":{"line":55,"column":5}},"21":{"start":{"line":54,"column":6},"end":{"line":54,"column":13}},"22":{"start":{"line":57,"column":4},"end":{"line":61,"column":5}},"23":{"start":{"line":58,"column":6},"end":{"line":58,"column":29}},"24":{"start":{"line":59,"column":6},"end":{"line":59,"column":35}},"25":{"start":{"line":60,"column":6},"end":{"line":60,"column":13}},"26":{"start":{"line":63,"column":4},"end":{"line":65,"column":5}},"27":{"start":{"line":64,"column":6},"end":{"line":64,"column":13}},"28":{"start":{"line":67,"column":26},"end":{"line":69,"column":10}},"29":{"start":{"line":68,"column":33},"end":{"line":68,"column":64}},"30":{"start":{"line":71,"column":4},"end":{"line":141,"column":5}},"31":{"start":{"line":74,"column":8},"end":{"line":74,"column":31}},"32":{"start":{"line":75,"column":8},"end":{"line":77,"column":9}},"33":{"start":{"line":76,"column":10},"end":{"line":76,"column":17}},"34":{"start":{"line":78,"column":8},"end":{"line":84,"column":9}},"35":{"start":{"line":79,"column":10},"end":{"line":79,"column":39}},"36":{"start":{"line":81,"column":10},"end":{"line":83,"column":14}},"37":{"start":{"line":85,"column":8},"end":{"line":85,"column":14}},"38":{"start":{"line":88,"column":8},"end":{"line":88,"column":31}},"39":{"start":{"line":89,"column":8},"end":{"line":91,"column":9}},"40":{"start":{"line":90,"column":10},"end":{"line":90,"column":17}},"41":{"start":{"line":92,"column":8},"end":{"line":96,"column":9}},"42":{"start":{"line":93,"column":10},"end":{"line":93,"column":99}},"43":{"start":{"line":95,"column":10},"end":{"line":95,"column":38}},"44":{"start":{"line":97,"column":8},"end":{"line":97,"column":14}},"45":{"start":{"line":100,"column":8},"end":{"line":103,"column":9}},"46":{"start":{"line":101,"column":10},"end":{"line":101,"column":33}},"47":{"start":{"line":102,"column":10},"end":{"line":102,"column":78}},"48":{"start":{"line":104,"column":8},"end":{"line":104,"column":14}},"49":{"start":{"line":107,"column":8},"end":{"line":110,"column":9}},"50":{"start":{"line":108,"column":10},"end":{"line":108,"column":33}},"51":{"start":{"line":109,"column":10},"end":{"line":109,"column":65}},"52":{"start":{"line":111,"column":8},"end":{"line":111,"column":14}},"53":{"start":{"line":114,"column":8},"end":{"line":126,"column":9}},"54":{"start":{"line":115,"column":10},"end":{"line":125,"column":11}},"55":{"start":{"line":116,"column":12},"end":{"line":116,"column":35}},"56":{"start":{"line":117,"column":27},"end":{"line":117,"column":49}},"57":{"start":{"line":118,"column":12},"end":{"line":120,"column":13}},"58":{"start":{"line":119,"column":14},"end":{"line":119,"column":21}},"59":{"start":{"line":121,"column":12},"end":{"line":121,"column":44}},"60":{"start":{"line":122,"column":17},"end":{"line":125,"column":11}},"61":{"start":{"line":123,"column":12},"end":{"line":123,"column":35}},"62":{"start":{"line":124,"column":12},"end":{"line":124,"column":42}},"63":{"start":{"line":127,"column":8},"end":{"line":127,"column":14}},"64":{"start":{"line":133,"column":8},"end":{"line":135,"column":9}},"65":{"start":{"line":134,"column":10},"end":{"line":134,"column":35}},"66":{"start":{"line":136,"column":8},"end":{"line":136,"column":14}},"67":{"start":{"line":138,"column":8},"end":{"line":140,"column":9}},"68":{"start":{"line":139,"column":10},"end":{"line":139,"column":35}},"69":{"start":{"line":146,"column":2},"end":{"line":151,"column":4}},"70":{"start":{"line":147,"column":34},"end":{"line":147,"column":39}},"71":{"start":{"line":148,"column":25},"end":{"line":148,"column":35}},"72":{"start":{"line":149,"column":4},"end":{"line":149,"column":80}},"73":{"start":{"line":150,"column":4},"end":{"line":150,"column":20}},"74":{"start":{"line":155,"column":2},"end":{"line":164,"column":4}},"75":{"start":{"line":156,"column":41},"end":{"line":156,"column":51}},"76":{"start":{"line":157,"column":24},"end":{"line":157,"column":34}},"77":{"start":{"line":158,"column":4},"end":{"line":160,"column":5}},"78":{"start":{"line":159,"column":6},"end":{"line":159,"column":13}},"79":{"start":{"line":161,"column":21},"end":{"line":161,"column":58}},"80":{"start":{"line":162,"column":4},"end":{"line":162,"column":94}},"81":{"start":{"line":163,"column":4},"end":{"line":163,"column":39}},"82":{"start":{"line":168,"column":2},"end":{"line":177,"column":4}},"83":{"start":{"line":169,"column":32},"end":{"line":169,"column":42}},"84":{"start":{"line":170,"column":30},"end":{"line":170,"column":40}},"85":{"start":{"line":171,"column":4},"end":{"line":176,"column":5}},"86":{"start":{"line":172,"column":6},"end":{"line":172,"column":43}},"87":{"start":{"line":173,"column":6},"end":{"line":173,"column":30}},"88":{"start":{"line":175,"column":6},"end":{"line":175,"column":35}}},"fnMap":{"0":{"name":"setExpanded","decl":{"start":{"line":13,"column":16},"end":{"line":13,"column":27}},"loc":{"start":{"line":13,"column":38},"end":{"line":15,"column":1}},"line":13},"1":{"name":"setActive","decl":{"start":{"line":17,"column":16},"end":{"line":17,"column":25}},"loc":{"start":{"line":17,"column":63},"end":{"line":19,"column":1}},"line":17},"2":{"name":"setInactive","decl":{"start":{"line":21,"column":16},"end":{"line":21,"column":27}},"loc":{"start":{"line":21,"column":43},"end":{"line":23,"column":1}},"line":21},"3":{"name":"setSelected","decl":{"start":{"line":25,"column":16},"end":{"line":25,"column":27}},"loc":{"start":{"line":25,"column":43},"end":{"line":31,"column":1}},"line":25},"4":{"name":"setSelectedValue","decl":{"start":{"line":33,"column":16},"end":{"line":33,"column":32}},"loc":{"start":{"line":33,"column":48},"end":{"line":35,"column":1}},"line":33},"5":{"name":"onSelectValue","decl":{"start":{"line":37,"column":16},"end":{"line":37,"column":29}},"loc":{"start":{"line":37,"column":37},"end":{"line":45,"column":1}},"line":37},"6":{"name":"(anonymous_6)","decl":{"start":{"line":38,"column":9},"end":{"line":38,"column":10}},"loc":{"start":{"line":38,"column":43},"end":{"line":44,"column":3}},"line":38},"7":{"name":"onKeyDown","decl":{"start":{"line":47,"column":16},"end":{"line":47,"column":25}},"loc":{"start":{"line":47,"column":33},"end":{"line":143,"column":1}},"line":47},"8":{"name":"(anonymous_8)","decl":{"start":{"line":48,"column":9},"end":{"line":48,"column":10}},"loc":{"start":{"line":48,"column":43},"end":{"line":142,"column":3}},"line":48},"9":{"name":"(anonymous_9)","decl":{"start":{"line":68,"column":26},"end":{"line":68,"column":27}},"loc":{"start":{"line":68,"column":33},"end":{"line":68,"column":64}},"line":68},"10":{"name":"onChange","decl":{"start":{"line":145,"column":16},"end":{"line":145,"column":24}},"loc":{"start":{"line":145,"column":32},"end":{"line":152,"column":1}},"line":145},"11":{"name":"(anonymous_11)","decl":{"start":{"line":146,"column":9},"end":{"line":146,"column":10}},"loc":{"start":{"line":146,"column":43},"end":{"line":151,"column":3}},"line":146},"12":{"name":"onFocus","decl":{"start":{"line":154,"column":16},"end":{"line":154,"column":23}},"loc":{"start":{"line":154,"column":26},"end":{"line":165,"column":1}},"line":154},"13":{"name":"(anonymous_13)","decl":{"start":{"line":155,"column":9},"end":{"line":155,"column":10}},"loc":{"start":{"line":155,"column":43},"end":{"line":164,"column":3}},"line":155},"14":{"name":"onBlur","decl":{"start":{"line":167,"column":16},"end":{"line":167,"column":22}},"loc":{"start":{"line":167,"column":25},"end":{"line":178,"column":1}},"line":167},"15":{"name":"(anonymous_15)","decl":{"start":{"line":168,"column":9},"end":{"line":168,"column":10}},"loc":{"start":{"line":168,"column":43},"end":{"line":177,"column":3}},"line":168}},"branchMap":{"0":{"loc":{"start":{"line":29,"column":12},"end":{"line":29,"column":52}},"type":"cond-expr","locations":[{"start":{"line":29,"column":28},"end":{"line":29,"column":47}},{"start":{"line":29,"column":50},"end":{"line":29,"column":52}}],"line":29},"1":{"loc":{"start":{"line":42,"column":13},"end":{"line":42,"column":31}},"type":"binary-expr","locations":[{"start":{"line":42,"column":13},"end":{"line":42,"column":25}},{"start":{"line":42,"column":29},"end":{"line":42,"column":31}}],"line":42},"2":{"loc":{"start":{"line":53,"column":4},"end":{"line":55,"column":5}},"type":"if","locations":[{"start":{"line":53,"column":4},"end":{"line":55,"column":5}},{"start":{"line":53,"column":4},"end":{"line":55,"column":5}}],"line":53},"3":{"loc":{"start":{"line":53,"column":8},"end":{"line":53,"column":26}},"type":"binary-expr","locations":[{"start":{"line":53,"column":8},"end":{"line":53,"column":15}},{"start":{"line":53,"column":19},"end":{"line":53,"column":26}}],"line":53},"4":{"loc":{"start":{"line":57,"column":4},"end":{"line":61,"column":5}},"type":"if","locations":[{"start":{"line":57,"column":4},"end":{"line":61,"column":5}},{"start":{"line":57,"column":4},"end":{"line":61,"column":5}}],"line":57},"5":{"loc":{"start":{"line":63,"column":4},"end":{"line":65,"column":5}},"type":"if","locations":[{"start":{"line":63,"column":4},"end":{"line":65,"column":5}},{"start":{"line":63,"column":4},"end":{"line":65,"column":5}}],"line":63},"6":{"loc":{"start":{"line":63,"column":8},"end":{"line":63,"column":43}},"type":"binary-expr","locations":[{"start":{"line":63,"column":8},"end":{"line":63,"column":12}},{"start":{"line":63,"column":16},"end":{"line":63,"column":24}},{"start":{"line":63,"column":28},"end":{"line":63,"column":43}}],"line":63},"7":{"loc":{"start":{"line":67,"column":26},"end":{"line":69,"column":10}},"type":"cond-expr","locations":[{"start":{"line":68,"column":8},"end":{"line":68,"column":65}},{"start":{"line":69,"column":8},"end":{"line":69,"column":10}}],"line":67},"8":{"loc":{"start":{"line":71,"column":4},"end":{"line":141,"column":5}},"type":"switch","locations":[{"start":{"line":72,"column":6},"end":{"line":85,"column":14}},{"start":{"line":86,"column":6},"end":{"line":97,"column":14}},{"start":{"line":98,"column":6},"end":{"line":104,"column":14}},{"start":{"line":105,"column":6},"end":{"line":111,"column":14}},{"start":{"line":112,"column":6},"end":{"line":127,"column":14}},{"start":{"line":128,"column":6},"end":{"line":128,"column":20}},{"start":{"line":129,"column":6},"end":{"line":129,"column":23}},{"start":{"line":130,"column":6},"end":{"line":130,"column":23}},{"start":{"line":131,"column":6},"end":{"line":131,"column":24}},{"start":{"line":132,"column":6},"end":{"line":136,"column":14}},{"start":{"line":137,"column":6},"end":{"line":140,"column":9}}],"line":71},"9":{"loc":{"start":{"line":75,"column":8},"end":{"line":77,"column":9}},"type":"if","locations":[{"start":{"line":75,"column":8},"end":{"line":77,"column":9}},{"start":{"line":75,"column":8},"end":{"line":77,"column":9}}],"line":75},"10":{"loc":{"start":{"line":75,"column":12},"end":{"line":75,"column":61}},"type":"binary-expr","locations":[{"start":{"line":75,"column":12},"end":{"line":75,"column":21}},{"start":{"line":75,"column":25},"end":{"line":75,"column":61}}],"line":75},"11":{"loc":{"start":{"line":78,"column":8},"end":{"line":84,"column":9}},"type":"if","locations":[{"start":{"line":78,"column":8},"end":{"line":84,"column":9}},{"start":{"line":78,"column":8},"end":{"line":84,"column":9}}],"line":78},"12":{"loc":{"start":{"line":89,"column":8},"end":{"line":91,"column":9}},"type":"if","locations":[{"start":{"line":89,"column":8},"end":{"line":91,"column":9}},{"start":{"line":89,"column":8},"end":{"line":91,"column":9}}],"line":89},"13":{"loc":{"start":{"line":89,"column":12},"end":{"line":89,"column":61}},"type":"binary-expr","locations":[{"start":{"line":89,"column":12},"end":{"line":89,"column":21}},{"start":{"line":89,"column":25},"end":{"line":89,"column":61}}],"line":89},"14":{"loc":{"start":{"line":92,"column":8},"end":{"line":96,"column":9}},"type":"if","locations":[{"start":{"line":92,"column":8},"end":{"line":96,"column":9}},{"start":{"line":92,"column":8},"end":{"line":96,"column":9}}],"line":92},"15":{"loc":{"start":{"line":100,"column":8},"end":{"line":103,"column":9}},"type":"if","locations":[{"start":{"line":100,"column":8},"end":{"line":103,"column":9}},{"start":{"line":100,"column":8},"end":{"line":103,"column":9}}],"line":100},"16":{"loc":{"start":{"line":107,"column":8},"end":{"line":110,"column":9}},"type":"if","locations":[{"start":{"line":107,"column":8},"end":{"line":110,"column":9}},{"start":{"line":107,"column":8},"end":{"line":110,"column":9}}],"line":107},"17":{"loc":{"start":{"line":114,"column":8},"end":{"line":126,"column":9}},"type":"if","locations":[{"start":{"line":114,"column":8},"end":{"line":126,"column":9}},{"start":{"line":114,"column":8},"end":{"line":126,"column":9}}],"line":114},"18":{"loc":{"start":{"line":115,"column":10},"end":{"line":125,"column":11}},"type":"if","locations":[{"start":{"line":115,"column":10},"end":{"line":125,"column":11}},{"start":{"line":115,"column":10},"end":{"line":125,"column":11}}],"line":115},"19":{"loc":{"start":{"line":115,"column":14},"end":{"line":115,"column":60}},"type":"binary-expr","locations":[{"start":{"line":115,"column":14},"end":{"line":115,"column":34}},{"start":{"line":115,"column":38},"end":{"line":115,"column":60}}],"line":115},"20":{"loc":{"start":{"line":118,"column":12},"end":{"line":120,"column":13}},"type":"if","locations":[{"start":{"line":118,"column":12},"end":{"line":120,"column":13}},{"start":{"line":118,"column":12},"end":{"line":120,"column":13}}],"line":118},"21":{"loc":{"start":{"line":122,"column":17},"end":{"line":125,"column":11}},"type":"if","locations":[{"start":{"line":122,"column":17},"end":{"line":125,"column":11}},{"start":{"line":122,"column":17},"end":{"line":125,"column":11}}],"line":122},"22":{"loc":{"start":{"line":133,"column":8},"end":{"line":135,"column":9}},"type":"if","locations":[{"start":{"line":133,"column":8},"end":{"line":135,"column":9}},{"start":{"line":133,"column":8},"end":{"line":135,"column":9}}],"line":133},"23":{"loc":{"start":{"line":133,"column":12},"end":{"line":133,"column":42}},"type":"binary-expr","locations":[{"start":{"line":133,"column":12},"end":{"line":133,"column":24}},{"start":{"line":133,"column":28},"end":{"line":133,"column":42}}],"line":133},"24":{"loc":{"start":{"line":138,"column":8},"end":{"line":140,"column":9}},"type":"if","locations":[{"start":{"line":138,"column":8},"end":{"line":140,"column":9}},{"start":{"line":138,"column":8},"end":{"line":140,"column":9}}],"line":138},"25":{"loc":{"start":{"line":138,"column":12},"end":{"line":138,"column":73}},"type":"binary-expr","locations":[{"start":{"line":138,"column":12},"end":{"line":138,"column":24}},{"start":{"line":138,"column":28},"end":{"line":138,"column":42}},{"start":{"line":138,"column":46},"end":{"line":138,"column":73}}],"line":138},"26":{"loc":{"start":{"line":158,"column":4},"end":{"line":160,"column":5}},"type":"if","locations":[{"start":{"line":158,"column":4},"end":{"line":160,"column":5}},{"start":{"line":158,"column":4},"end":{"line":160,"column":5}}],"line":158},"27":{"loc":{"start":{"line":162,"column":33},"end":{"line":162,"column":57}},"type":"cond-expr","locations":[{"start":{"line":162,"column":41},"end":{"line":162,"column":52}},{"start":{"line":162,"column":55},"end":{"line":162,"column":57}}],"line":162},"28":{"loc":{"start":{"line":163,"column":13},"end":{"line":163,"column":37}},"type":"cond-expr","locations":[{"start":{"line":163,"column":21},"end":{"line":163,"column":32}},{"start":{"line":163,"column":35},"end":{"line":163,"column":37}}],"line":163},"29":{"loc":{"start":{"line":171,"column":4},"end":{"line":176,"column":5}},"type":"if","locations":[{"start":{"line":171,"column":4},"end":{"line":176,"column":5}},{"start":{"line":171,"column":4},"end":{"line":176,"column":5}}],"line":171}},"s":{"0":0,"1":0,"2":0,"3":0,"4":0,"5":0,"6":0,"7":0,"8":0,"9":0,"10":0,"11":0,"12":0,"13":0,"14":0,"15":0,"16":0,"17":0,"18":0,"19":0,"20":0,"21":0,"22":0,"23":0,"24":0,"25":0,"26":0,"27":0,"28":0,"29":0,"30":0,"31":0,"32":0,"33":0,"34":0,"35":0,"36":0,"37":0,"38":0,"39":0,"40":0,"41":0,"42":0,"43":0,"44":0,"45":0,"46":0,"47":0,"48":0,"49":0,"50":0,"51":0,"52":0,"53":0,"54":0,"55":0,"56":0,"57":0,"58":0,"59":0,"60":0,"61":0,"62":0,"63":0,"64":0,"65":0,"66":0,"67":0,"68":0,"69":0,"70":0,"71":0,"72":0,"73":0,"74":0,"75":0,"76":0,"77":0,"78":0,"79":0,"80":0,"81":0,"82":0,"83":0,"84":0,"85":0,"86":0,"87":0,"88":0},"f":{"0":0,"1":0,"2":0,"3":0,"4":0,"5":0,"6":0,"7":0,"8":0,"9":0,"10":0,"11":0,"12":0,"13":0,"14":0,"15":0},"b":{"0":[0,0],"1":[0,0],"2":[0,0],"3":[0,0],"4":[0,0],"5":[0,0],"6":[0,0,0],"7":[0,0],"8":[0,0,0,0,0,0,0,0,0,0,0],"9":[0,0],"10":[0,0],"11":[0,0],"12":[0,0],"13":[0,0],"14":[0,0],"15":[0,0],"16":[0,0],"17":[0,0],"18":[0,0],"19":[0,0],"20":[0,0],"21":[0,0],"22":[0,0],"23":[0,0],"24":[0,0],"25":[0,0,0],"26":[0,0],"27":[0,0],"28":[0,0],"29":[0,0]},"hash":"e5a2a4435eac5cd97b08e469027ee09a52ef59a4"}
,"/Users/daniellewis/code/react-combobox/src/components/combo_box/combo_box.jsx": {"path":"/Users/daniellewis/code/react-combobox/src/components/combo_box/combo_box.jsx","statementMap":{"0":{"start":{"line":22,"column":19},"end":{"line":22,"column":27}},"1":{"start":{"line":23,"column":19},"end":{"line":23,"column":27}},"2":{"start":{"line":24,"column":22},"end":{"line":24,"column":30}},"3":{"start":{"line":26,"column":26},"end":{"line":26,"column":63}},"4":{"start":{"line":30,"column":6},"end":{"line":30,"column":21}},"5":{"start":{"line":31,"column":28},"end":{"line":31,"column":99}},"6":{"start":{"line":32,"column":71},"end":{"line":32,"column":76}},"7":{"start":{"line":33,"column":24},"end":{"line":33,"column":68}},"8":{"start":{"line":35,"column":19},"end":{"line":35,"column":64}},"9":{"start":{"line":36,"column":22},"end":{"line":36,"column":48}},"10":{"start":{"line":37,"column":23},"end":{"line":37,"column":68}},"11":{"start":{"line":38,"column":21},"end":{"line":38,"column":68}},"12":{"start":{"line":39,"column":19},"end":{"line":39,"column":52}},"13":{"start":{"line":41,"column":15},"end":{"line":41,"column":60}},"14":{"start":{"line":41,"column":31},"end":{"line":41,"column":49}},"15":{"start":{"line":43,"column":2},"end":{"line":45,"column":14}},"16":{"start":{"line":44,"column":4},"end":{"line":44,"column":33}},"17":{"start":{"line":47,"column":2},"end":{"line":53,"column":55}},"18":{"start":{"line":48,"column":4},"end":{"line":52,"column":5}},"19":{"start":{"line":49,"column":6},"end":{"line":49,"column":34}},"20":{"start":{"line":50,"column":11},"end":{"line":52,"column":5}},"21":{"start":{"line":51,"column":6},"end":{"line":51,"column":31}},"22":{"start":{"line":55,"column":34},"end":{"line":55,"column":78}},"23":{"start":{"line":56,"column":31},"end":{"line":56,"column":74}},"24":{"start":{"line":57,"column":33},"end":{"line":57,"column":75}},"25":{"start":{"line":58,"column":31},"end":{"line":58,"column":71}},"26":{"start":{"line":59,"column":32},"end":{"line":59,"column":73}},"27":{"start":{"line":60,"column":31},"end":{"line":60,"column":65}},"28":{"start":{"line":61,"column":33},"end":{"line":61,"column":77}},"29":{"start":{"line":62,"column":37},"end":{"line":62,"column":85}},"30":{"start":{"line":63,"column":36},"end":{"line":63,"column":83}},"31":{"start":{"line":64,"column":34},"end":{"line":64,"column":78}},"32":{"start":{"line":66,"column":2},"end":{"line":212,"column":4}},"33":{"start":{"line":92,"column":28},"end":{"line":92,"column":50}},"34":{"start":{"line":93,"column":27},"end":{"line":93,"column":48}},"35":{"start":{"line":94,"column":26},"end":{"line":94,"column":46}},"36":{"start":{"line":102,"column":30},"end":{"line":102,"column":48}},"37":{"start":{"line":104,"column":12},"end":{"line":106,"column":13}},"38":{"start":{"line":105,"column":14},"end":{"line":105,"column":21}},"39":{"start":{"line":107,"column":12},"end":{"line":107,"column":37}},"40":{"start":{"line":108,"column":12},"end":{"line":108,"column":42}},"41":{"start":{"line":120,"column":30},"end":{"line":120,"column":48}},"42":{"start":{"line":122,"column":12},"end":{"line":124,"column":13}},"43":{"start":{"line":123,"column":14},"end":{"line":123,"column":21}},"44":{"start":{"line":125,"column":12},"end":{"line":125,"column":37}},"45":{"start":{"line":126,"column":12},"end":{"line":126,"column":40}},"46":{"start":{"line":140,"column":28},"end":{"line":140,"column":50}},"47":{"start":{"line":141,"column":30},"end":{"line":141,"column":48}},"48":{"start":{"line":148,"column":74},"end":{"line":148,"column":79}},"49":{"start":{"line":149,"column":14},"end":{"line":165,"column":16}},"50":{"start":{"line":169,"column":83},"end":{"line":169,"column":89}},"51":{"start":{"line":170,"column":14},"end":{"line":196,"column":16}},"52":{"start":{"line":187,"column":53},"end":{"line":187,"column":84}},"53":{"start":{"line":215,"column":0},"end":{"line":236,"column":2}},"54":{"start":{"line":238,"column":0},"end":{"line":255,"column":2}}},"fnMap":{"0":{"name":"ComboBox","decl":{"start":{"line":17,"column":16},"end":{"line":17,"column":24}},"loc":{"start":{"line":21,"column":3},"end":{"line":213,"column":1}},"line":21},"1":{"name":"(anonymous_1)","decl":{"start":{"line":41,"column":25},"end":{"line":41,"column":26}},"loc":{"start":{"line":41,"column":31},"end":{"line":41,"column":49}},"line":41},"2":{"name":"(anonymous_2)","decl":{"start":{"line":43,"column":12},"end":{"line":43,"column":13}},"loc":{"start":{"line":43,"column":18},"end":{"line":45,"column":3}},"line":43},"3":{"name":"(anonymous_3)","decl":{"start":{"line":47,"column":18},"end":{"line":47,"column":19}},"loc":{"start":{"line":47,"column":24},"end":{"line":53,"column":3}},"line":47},"4":{"name":"(anonymous_4)","decl":{"start":{"line":92,"column":21},"end":{"line":92,"column":22}},"loc":{"start":{"line":92,"column":28},"end":{"line":92,"column":50}},"line":92},"5":{"name":"(anonymous_5)","decl":{"start":{"line":93,"column":20},"end":{"line":93,"column":21}},"loc":{"start":{"line":93,"column":27},"end":{"line":93,"column":48}},"line":93},"6":{"name":"(anonymous_6)","decl":{"start":{"line":94,"column":19},"end":{"line":94,"column":20}},"loc":{"start":{"line":94,"column":26},"end":{"line":94,"column":46}},"line":94},"7":{"name":"(anonymous_7)","decl":{"start":{"line":102,"column":23},"end":{"line":102,"column":24}},"loc":{"start":{"line":102,"column":30},"end":{"line":102,"column":48}},"line":102},"8":{"name":"(anonymous_8)","decl":{"start":{"line":103,"column":19},"end":{"line":103,"column":20}},"loc":{"start":{"line":103,"column":26},"end":{"line":109,"column":11}},"line":103},"9":{"name":"(anonymous_9)","decl":{"start":{"line":120,"column":23},"end":{"line":120,"column":24}},"loc":{"start":{"line":120,"column":30},"end":{"line":120,"column":48}},"line":120},"10":{"name":"(anonymous_10)","decl":{"start":{"line":121,"column":19},"end":{"line":121,"column":20}},"loc":{"start":{"line":121,"column":26},"end":{"line":127,"column":11}},"line":121},"11":{"name":"(anonymous_11)","decl":{"start":{"line":140,"column":21},"end":{"line":140,"column":22}},"loc":{"start":{"line":140,"column":28},"end":{"line":140,"column":50}},"line":140},"12":{"name":"(anonymous_12)","decl":{"start":{"line":141,"column":23},"end":{"line":141,"column":24}},"loc":{"start":{"line":141,"column":30},"end":{"line":141,"column":48}},"line":141},"13":{"name":"(anonymous_13)","decl":{"start":{"line":147,"column":12},"end":{"line":147,"column":13}},"loc":{"start":{"line":147,"column":31},"end":{"line":166,"column":13}},"line":147},"14":{"name":"(anonymous_14)","decl":{"start":{"line":168,"column":12},"end":{"line":168,"column":13}},"loc":{"start":{"line":168,"column":33},"end":{"line":197,"column":13}},"line":168},"15":{"name":"(anonymous_15)","decl":{"start":{"line":187,"column":47},"end":{"line":187,"column":48}},"loc":{"start":{"line":187,"column":53},"end":{"line":187,"column":84}},"line":187}},"branchMap":{"0":{"loc":{"start":{"line":35,"column":19},"end":{"line":35,"column":64}},"type":"binary-expr","locations":[{"start":{"line":35,"column":20},"end":{"line":35,"column":34}},{"start":{"line":35,"column":38},"end":{"line":35,"column":55}},{"start":{"line":35,"column":60},"end":{"line":35,"column":64}}],"line":35},"1":{"loc":{"start":{"line":36,"column":22},"end":{"line":36,"column":48}},"type":"binary-expr","locations":[{"start":{"line":36,"column":22},"end":{"line":36,"column":30}},{"start":{"line":36,"column":34},"end":{"line":36,"column":48}}],"line":36},"2":{"loc":{"start":{"line":37,"column":23},"end":{"line":37,"column":68}},"type":"binary-expr","locations":[{"start":{"line":37,"column":23},"end":{"line":37,"column":31}},{"start":{"line":37,"column":35},"end":{"line":37,"column":50}},{"start":{"line":37,"column":54},"end":{"line":37,"column":68}}],"line":37},"3":{"loc":{"start":{"line":38,"column":21},"end":{"line":38,"column":68}},"type":"cond-expr","locations":[{"start":{"line":38,"column":39},"end":{"line":38,"column":45}},{"start":{"line":38,"column":48},"end":{"line":38,"column":68}}],"line":38},"4":{"loc":{"start":{"line":38,"column":48},"end":{"line":38,"column":68}},"type":"binary-expr","locations":[{"start":{"line":38,"column":49},"end":{"line":38,"column":61}},{"start":{"line":38,"column":66},"end":{"line":38,"column":68}}],"line":38},"5":{"loc":{"start":{"line":39,"column":19},"end":{"line":39,"column":52}},"type":"binary-expr","locations":[{"start":{"line":39,"column":19},"end":{"line":39,"column":23}},{"start":{"line":39,"column":27},"end":{"line":39,"column":52}}],"line":39},"6":{"loc":{"start":{"line":48,"column":4},"end":{"line":52,"column":5}},"type":"if","locations":[{"start":{"line":48,"column":4},"end":{"line":52,"column":5}},{"start":{"line":48,"column":4},"end":{"line":52,"column":5}}],"line":48},"7":{"loc":{"start":{"line":48,"column":8},"end":{"line":48,"column":58}},"type":"binary-expr","locations":[{"start":{"line":48,"column":8},"end":{"line":48,"column":16}},{"start":{"line":48,"column":20},"end":{"line":48,"column":42}},{"start":{"line":48,"column":46},"end":{"line":48,"column":58}}],"line":48},"8":{"loc":{"start":{"line":50,"column":11},"end":{"line":52,"column":5}},"type":"if","locations":[{"start":{"line":50,"column":11},"end":{"line":52,"column":5}},{"start":{"line":50,"column":11},"end":{"line":52,"column":5}}],"line":50},"9":{"loc":{"start":{"line":69,"column":19},"end":{"line":69,"column":46}},"type":"cond-expr","locations":[{"start":{"line":69,"column":30},"end":{"line":69,"column":36}},{"start":{"line":69,"column":39},"end":{"line":69,"column":46}}],"line":69},"10":{"loc":{"start":{"line":77,"column":21},"end":{"line":77,"column":63}},"type":"cond-expr","locations":[{"start":{"line":77,"column":33},"end":{"line":77,"column":56}},{"start":{"line":77,"column":59},"end":{"line":77,"column":63}}],"line":77},"11":{"loc":{"start":{"line":88,"column":25},"end":{"line":88,"column":55}},"type":"cond-expr","locations":[{"start":{"line":88,"column":39},"end":{"line":88,"column":45}},{"start":{"line":88,"column":48},"end":{"line":88,"column":55}}],"line":88},"12":{"loc":{"start":{"line":90,"column":24},"end":{"line":90,"column":47}},"type":"cond-expr","locations":[{"start":{"line":90,"column":34},"end":{"line":90,"column":40}},{"start":{"line":90,"column":43},"end":{"line":90,"column":47}}],"line":90},"13":{"loc":{"start":{"line":95,"column":39},"end":{"line":95,"column":72}},"type":"binary-expr","locations":[{"start":{"line":95,"column":39},"end":{"line":95,"column":51}},{"start":{"line":95,"column":55},"end":{"line":95,"column":72}}],"line":95},"14":{"loc":{"start":{"line":98,"column":21},"end":{"line":98,"column":61}},"type":"cond-expr","locations":[{"start":{"line":98,"column":33},"end":{"line":98,"column":54}},{"start":{"line":98,"column":57},"end":{"line":98,"column":61}}],"line":98},"15":{"loc":{"start":{"line":104,"column":12},"end":{"line":106,"column":13}},"type":"if","locations":[{"start":{"line":104,"column":12},"end":{"line":106,"column":13}},{"start":{"line":104,"column":12},"end":{"line":106,"column":13}}],"line":104},"16":{"loc":{"start":{"line":114,"column":21},"end":{"line":114,"column":68}},"type":"cond-expr","locations":[{"start":{"line":114,"column":33},"end":{"line":114,"column":61}},{"start":{"line":114,"column":64},"end":{"line":114,"column":68}}],"line":114},"17":{"loc":{"start":{"line":122,"column":12},"end":{"line":124,"column":13}},"type":"if","locations":[{"start":{"line":122,"column":12},"end":{"line":124,"column":13}},{"start":{"line":122,"column":12},"end":{"line":124,"column":13}}],"line":122},"18":{"loc":{"start":{"line":129,"column":21},"end":{"line":129,"column":67}},"type":"cond-expr","locations":[{"start":{"line":129,"column":33},"end":{"line":129,"column":60}},{"start":{"line":129,"column":63},"end":{"line":129,"column":67}}],"line":129},"19":{"loc":{"start":{"line":139,"column":33},"end":{"line":139,"column":67}},"type":"binary-expr","locations":[{"start":{"line":139,"column":33},"end":{"line":139,"column":59}},{"start":{"line":139,"column":63},"end":{"line":139,"column":67}}],"line":139},"20":{"loc":{"start":{"line":142,"column":21},"end":{"line":142,"column":63}},"type":"cond-expr","locations":[{"start":{"line":142,"column":33},"end":{"line":142,"column":56}},{"start":{"line":142,"column":59},"end":{"line":142,"column":63}}],"line":142},"21":{"loc":{"start":{"line":157,"column":31},"end":{"line":157,"column":80}},"type":"cond-expr","locations":[{"start":{"line":157,"column":43},"end":{"line":157,"column":73}},{"start":{"line":157,"column":76},"end":{"line":157,"column":80}}],"line":157},"22":{"loc":{"start":{"line":161,"column":21},"end":{"line":161,"column":34}},"type":"binary-expr","locations":[{"start":{"line":161,"column":21},"end":{"line":161,"column":25}},{"start":{"line":161,"column":29},"end":{"line":161,"column":34}}],"line":161},"23":{"loc":{"start":{"line":179,"column":35},"end":{"line":179,"column":59}},"type":"cond-expr","locations":[{"start":{"line":179,"column":46},"end":{"line":179,"column":52}},{"start":{"line":179,"column":55},"end":{"line":179,"column":59}}],"line":179},"24":{"loc":{"start":{"line":180,"column":35},"end":{"line":180,"column":59}},"type":"cond-expr","locations":[{"start":{"line":180,"column":46},"end":{"line":180,"column":52}},{"start":{"line":180,"column":55},"end":{"line":180,"column":59}}],"line":180},"25":{"loc":{"start":{"line":181,"column":37},"end":{"line":181,"column":73}},"type":"cond-expr","locations":[{"start":{"line":181,"column":45},"end":{"line":181,"column":66}},{"start":{"line":181,"column":69},"end":{"line":181,"column":73}}],"line":181},"26":{"loc":{"start":{"line":182,"column":34},"end":{"line":182,"column":73}},"type":"cond-expr","locations":[{"start":{"line":182,"column":60},"end":{"line":182,"column":66}},{"start":{"line":182,"column":69},"end":{"line":182,"column":73}}],"line":182},"27":{"loc":{"start":{"line":183,"column":25},"end":{"line":183,"column":69}},"type":"cond-expr","locations":[{"start":{"line":183,"column":51},"end":{"line":183,"column":62}},{"start":{"line":183,"column":65},"end":{"line":183,"column":69}}],"line":183},"28":{"loc":{"start":{"line":184,"column":31},"end":{"line":184,"column":81}},"type":"cond-expr","locations":[{"start":{"line":184,"column":43},"end":{"line":184,"column":74}},{"start":{"line":184,"column":77},"end":{"line":184,"column":81}}],"line":184},"29":{"loc":{"start":{"line":187,"column":29},"end":{"line":187,"column":84}},"type":"cond-expr","locations":[{"start":{"line":187,"column":40},"end":{"line":187,"column":44}},{"start":{"line":187,"column":47},"end":{"line":187,"column":84}}],"line":187},"30":{"loc":{"start":{"line":192,"column":23},"end":{"line":192,"column":36}},"type":"binary-expr","locations":[{"start":{"line":192,"column":23},"end":{"line":192,"column":27}},{"start":{"line":192,"column":31},"end":{"line":192,"column":36}}],"line":192},"31":{"loc":{"start":{"line":205,"column":21},"end":{"line":205,"column":65}},"type":"cond-expr","locations":[{"start":{"line":205,"column":33},"end":{"line":205,"column":58}},{"start":{"line":205,"column":61},"end":{"line":205,"column":65}}],"line":205},"32":{"loc":{"start":{"line":208,"column":11},"end":{"line":208,"column":48}},"type":"cond-expr","locations":[{"start":{"line":208,"column":26},"end":{"line":208,"column":41}},{"start":{"line":208,"column":44},"end":{"line":208,"column":48}}],"line":208}},"s":{"0":0,"1":0,"2":0,"3":0,"4":0,"5":0,"6":0,"7":0,"8":0,"9":0,"10":0,"11":0,"12":0,"13":0,"14":0,"15":0,"16":0,"17":0,"18":0,"19":0,"20":0,"21":0,"22":0,"23":0,"24":0,"25":0,"26":0,"27":0,"28":0,"29":0,"30":0,"31":0,"32":0,"33":0,"34":0,"35":0,"36":0,"37":0,"38":0,"39":0,"40":0,"41":0,"42":0,"43":0,"44":0,"45":0,"46":0,"47":0,"48":0,"49":0,"50":0,"51":0,"52":0,"53":0,"54":0},"f":{"0":0,"1":0,"2":0,"3":0,"4":0,"5":0,"6":0,"7":0,"8":0,"9":0,"10":0,"11":0,"12":0,"13":0,"14":0,"15":0},"b":{"0":[0,0,0],"1":[0,0],"2":[0,0,0],"3":[0,0],"4":[0,0],"5":[0,0],"6":[0,0],"7":[0,0,0],"8":[0,0],"9":[0,0],"10":[0,0],"11":[0,0],"12":[0,0],"13":[0,0],"14":[0,0],"15":[0,0],"16":[0,0],"17":[0,0],"18":[0,0],"19":[0,0],"20":[0,0],"21":[0,0],"22":[0,0],"23":[0,0],"24":[0,0],"25":[0,0],"26":[0,0],"27":[0,0],"28":[0,0],"29":[0,0],"30":[0,0],"31":[0,0],"32":[0,0]},"hash":"f27a60bd1263ff82a9adf1750aaeb5f4438e9eb8"}
,"/Users/daniellewis/code/react-combobox/src/components/combo_box/index.jsx": {"path":"/Users/daniellewis/code/react-combobox/src/components/combo_box/index.jsx","statementMap":{"0":{"start":{"line":7,"column":17},"end":{"line":7,"column":22}},"1":{"start":{"line":8,"column":2},"end":{"line":14,"column":4}},"2":{"start":{"line":17,"column":0},"end":{"line":20,"column":2}},"3":{"start":{"line":22,"column":0},"end":{"line":24,"column":2}}},"fnMap":{"0":{"name":"Inspector","decl":{"start":{"line":6,"column":9},"end":{"line":6,"column":18}},"loc":{"start":{"line":6,"column":43},"end":{"line":15,"column":1}},"line":6}},"branchMap":{},"s":{"0":0,"1":0,"2":0,"3":0},"f":{"0":0},"b":{},"hash":"493352a1419c29c13e13eceb62eec7943ea27a37"}
,"/Users/daniellewis/code/react-combobox/src/components/combo_box/initial_state.js": {"path":"/Users/daniellewis/code/react-combobox/src/components/combo_box/initial_state.js","statementMap":{"0":{"start":{"line":2,"column":2},"end":{"line":8,"column":4}}},"fnMap":{"0":{"name":"initialState","decl":{"start":{"line":1,"column":16},"end":{"line":1,"column":28}},"loc":{"start":{"line":1,"column":40},"end":{"line":9,"column":1}},"line":1}},"branchMap":{},"s":{"0":0},"f":{"0":0},"b":{},"hash":"baf114624ea440b74c47174f6e83e4f64b689725"}
,"/Users/daniellewis/code/react-combobox/src/components/combo_box/reducer.js": {"path":"/Users/daniellewis/code/react-combobox/src/components/combo_box/reducer.js","statementMap":{"0":{"start":{"line":4,"column":2},"end":{"line":17,"column":3}},"1":{"start":{"line":6,"column":6},"end":{"line":6,"column":97}},"2":{"start":{"line":8,"column":6},"end":{"line":8,"column":82}},"3":{"start":{"line":10,"column":6},"end":{"line":10,"column":93}},"4":{"start":{"line":12,"column":6},"end":{"line":12,"column":89}},"5":{"start":{"line":14,"column":6},"end":{"line":14,"column":90}},"6":{"start":{"line":16,"column":6},"end":{"line":16,"column":41}}},"fnMap":{"0":{"name":"reducer","decl":{"start":{"line":3,"column":16},"end":{"line":3,"column":23}},"loc":{"start":{"line":3,"column":74},"end":{"line":18,"column":1}},"line":3}},"branchMap":{"0":{"loc":{"start":{"line":4,"column":2},"end":{"line":17,"column":3}},"type":"switch","locations":[{"start":{"line":5,"column":4},"end":{"line":6,"column":97}},{"start":{"line":7,"column":4},"end":{"line":8,"column":82}},{"start":{"line":9,"column":4},"end":{"line":10,"column":93}},{"start":{"line":11,"column":4},"end":{"line":12,"column":89}},{"start":{"line":13,"column":4},"end":{"line":14,"column":90}},{"start":{"line":15,"column":4},"end":{"line":16,"column":41}}],"line":4},"1":{"loc":{"start":{"line":10,"column":51},"end":{"line":10,"column":90}},"type":"cond-expr","locations":[{"start":{"line":10,"column":62},"end":{"line":10,"column":82}},{"start":{"line":10,"column":85},"end":{"line":10,"column":90}}],"line":10}},"s":{"0":0,"1":0,"2":0,"3":0,"4":0,"5":0,"6":0},"f":{"0":0},"b":{"0":[0,0,0,0,0,0],"1":[0,0]},"hash":"866d0618ed368a86253c015a19b0a9ba3d15df37"}
,"/Users/daniellewis/code/react-combobox/src/components/drop_down/actions.js": {"path":"/Users/daniellewis/code/react-combobox/src/components/drop_down/actions.js","statementMap":{"0":{"start":{"line":7,"column":28},"end":{"line":7,"column":42}},"1":{"start":{"line":8,"column":28},"end":{"line":8,"column":42}},"2":{"start":{"line":9,"column":30},"end":{"line":9,"column":46}},"3":{"start":{"line":10,"column":28},"end":{"line":10,"column":42}},"4":{"start":{"line":11,"column":34},"end":{"line":11,"column":54}},"5":{"start":{"line":12,"column":37},"end":{"line":12,"column":60}},"6":{"start":{"line":15,"column":2},"end":{"line":15,"column":42}},"7":{"start":{"line":19,"column":2},"end":{"line":19,"column":32}},"8":{"start":{"line":23,"column":2},"end":{"line":23,"column":39}},"9":{"start":{"line":27,"column":2},"end":{"line":27,"column":53}},"10":{"start":{"line":31,"column":2},"end":{"line":34,"column":4}},"11":{"start":{"line":38,"column":2},"end":{"line":38,"column":52}},"12":{"start":{"line":42,"column":2},"end":{"line":46,"column":4}},"13":{"start":{"line":43,"column":25},"end":{"line":43,"column":35}},"14":{"start":{"line":44,"column":4},"end":{"line":44,"column":33}},"15":{"start":{"line":45,"column":4},"end":{"line":45,"column":27}},"16":{"start":{"line":50,"column":2},"end":{"line":62,"column":4}},"17":{"start":{"line":51,"column":22},"end":{"line":51,"column":32}},"18":{"start":{"line":52,"column":38},"end":{"line":52,"column":43}},"19":{"start":{"line":54,"column":4},"end":{"line":56,"column":5}},"20":{"start":{"line":55,"column":6},"end":{"line":55,"column":13}},"21":{"start":{"line":58,"column":4},"end":{"line":61,"column":5}},"22":{"start":{"line":59,"column":6},"end":{"line":59,"column":29}},"23":{"start":{"line":60,"column":6},"end":{"line":60,"column":40}},"24":{"start":{"line":66,"column":2},"end":{"line":137,"column":4}},"25":{"start":{"line":67,"column":40},"end":{"line":67,"column":50}},"26":{"start":{"line":68,"column":52},"end":{"line":68,"column":62}},"27":{"start":{"line":69,"column":46},"end":{"line":69,"column":51}},"28":{"start":{"line":71,"column":4},"end":{"line":73,"column":5}},"29":{"start":{"line":72,"column":6},"end":{"line":72,"column":13}},"30":{"start":{"line":75,"column":4},"end":{"line":83,"column":5}},"31":{"start":{"line":76,"column":6},"end":{"line":76,"column":29}},"32":{"start":{"line":77,"column":6},"end":{"line":79,"column":7}},"33":{"start":{"line":78,"column":8},"end":{"line":78,"column":42}},"34":{"start":{"line":80,"column":6},"end":{"line":80,"column":35}},"35":{"start":{"line":81,"column":6},"end":{"line":81,"column":32}},"36":{"start":{"line":82,"column":6},"end":{"line":82,"column":13}},"37":{"start":{"line":85,"column":26},"end":{"line":85,"column":87}},"38":{"start":{"line":87,"column":4},"end":{"line":136,"column":5}},"39":{"start":{"line":90,"column":8},"end":{"line":90,"column":31}},"40":{"start":{"line":91,"column":8},"end":{"line":95,"column":9}},"41":{"start":{"line":92,"column":10},"end":{"line":92,"column":39}},"42":{"start":{"line":93,"column":15},"end":{"line":95,"column":9}},"43":{"start":{"line":94,"column":10},"end":{"line":94,"column":77}},"44":{"start":{"line":96,"column":8},"end":{"line":96,"column":14}},"45":{"start":{"line":99,"column":8},"end":{"line":99,"column":31}},"46":{"start":{"line":100,"column":8},"end":{"line":104,"column":9}},"47":{"start":{"line":101,"column":10},"end":{"line":101,"column":73}},"48":{"start":{"line":103,"column":10},"end":{"line":103,"column":38}},"49":{"start":{"line":105,"column":8},"end":{"line":105,"column":14}},"50":{"start":{"line":108,"column":8},"end":{"line":111,"column":9}},"51":{"start":{"line":109,"column":10},"end":{"line":109,"column":33}},"52":{"start":{"line":110,"column":10},"end":{"line":110,"column":78}},"53":{"start":{"line":112,"column":8},"end":{"line":112,"column":14}},"54":{"start":{"line":115,"column":8},"end":{"line":118,"column":9}},"55":{"start":{"line":116,"column":10},"end":{"line":116,"column":33}},"56":{"start":{"line":117,"column":10},"end":{"line":117,"column":65}},"57":{"start":{"line":119,"column":8},"end":{"line":119,"column":14}},"58":{"start":{"line":122,"column":8},"end":{"line":130,"column":9}},"59":{"start":{"line":123,"column":10},"end":{"line":123,"column":33}},"60":{"start":{"line":124,"column":25},"end":{"line":124,"column":47}},"61":{"start":{"line":125,"column":10},"end":{"line":127,"column":11}},"62":{"start":{"line":126,"column":12},"end":{"line":126,"column":19}},"63":{"start":{"line":128,"column":10},"end":{"line":128,"column":42}},"64":{"start":{"line":129,"column":10},"end":{"line":129,"column":36}},"65":{"start":{"line":131,"column":8},"end":{"line":131,"column":14}},"66":{"start":{"line":133,"column":8},"end":{"line":135,"column":9}},"67":{"start":{"line":134,"column":10},"end":{"line":134,"column":38}},"68":{"start":{"line":141,"column":2},"end":{"line":151,"column":4}},"69":{"start":{"line":142,"column":36},"end":{"line":142,"column":46}},"70":{"start":{"line":143,"column":22},"end":{"line":143,"column":32}},"71":{"start":{"line":144,"column":4},"end":{"line":150,"column":5}},"72":{"start":{"line":145,"column":6},"end":{"line":145,"column":35}},"73":{"start":{"line":146,"column":11},"end":{"line":150,"column":5}},"74":{"start":{"line":147,"column":6},"end":{"line":147,"column":42}},"75":{"start":{"line":149,"column":6},"end":{"line":149,"column":40}},"76":{"start":{"line":155,"column":2},"end":{"line":162,"column":4}},"77":{"start":{"line":156,"column":25},"end":{"line":156,"column":35}},"78":{"start":{"line":157,"column":4},"end":{"line":159,"column":5}},"79":{"start":{"line":158,"column":6},"end":{"line":158,"column":13}},"80":{"start":{"line":160,"column":22},"end":{"line":160,"column":32}},"81":{"start":{"line":161,"column":4},"end":{"line":161,"column":38}},"82":{"start":{"line":166,"column":2},"end":{"line":178,"column":4}},"83":{"start":{"line":167,"column":22},"end":{"line":167,"column":32}},"84":{"start":{"line":168,"column":41},"end":{"line":168,"column":51}},"85":{"start":{"line":169,"column":4},"end":{"line":172,"column":5}},"86":{"start":{"line":170,"column":6},"end":{"line":170,"column":42}},"87":{"start":{"line":171,"column":6},"end":{"line":171,"column":13}},"88":{"start":{"line":173,"column":4},"end":{"line":177,"column":5}},"89":{"start":{"line":174,"column":6},"end":{"line":174,"column":45}},"90":{"start":{"line":176,"column":6},"end":{"line":176,"column":35}},"91":{"start":{"line":182,"column":2},"end":{"line":190,"column":4}},"92":{"start":{"line":183,"column":4},"end":{"line":185,"column":5}},"93":{"start":{"line":184,"column":6},"end":{"line":184,"column":13}},"94":{"start":{"line":187,"column":26},"end":{"line":187,"column":36}},"95":{"start":{"line":188,"column":4},"end":{"line":188,"column":35}},"96":{"start":{"line":189,"column":4},"end":{"line":189,"column":30}}},"fnMap":{"0":{"name":"setExpanded","decl":{"start":{"line":14,"column":16},"end":{"line":14,"column":27}},"loc":{"start":{"line":14,"column":38},"end":{"line":16,"column":1}},"line":14},"1":{"name":"clearSearch","decl":{"start":{"line":18,"column":16},"end":{"line":18,"column":27}},"loc":{"start":{"line":18,"column":30},"end":{"line":20,"column":1}},"line":18},"2":{"name":"setSearchKey","decl":{"start":{"line":22,"column":16},"end":{"line":22,"column":28}},"loc":{"start":{"line":22,"column":34},"end":{"line":24,"column":1}},"line":22},"3":{"name":"setSelectedValue","decl":{"start":{"line":26,"column":16},"end":{"line":26,"column":32}},"loc":{"start":{"line":26,"column":48},"end":{"line":28,"column":1}},"line":26},"4":{"name":"setSelected","decl":{"start":{"line":30,"column":16},"end":{"line":30,"column":27}},"loc":{"start":{"line":30,"column":43},"end":{"line":35,"column":1}},"line":30},"5":{"name":"setButtonMouseDown","decl":{"start":{"line":37,"column":16},"end":{"line":37,"column":34}},"loc":{"start":{"line":37,"column":46},"end":{"line":39,"column":1}},"line":37},"6":{"name":"onSelectValue","decl":{"start":{"line":41,"column":16},"end":{"line":41,"column":29}},"loc":{"start":{"line":41,"column":37},"end":{"line":47,"column":1}},"line":41},"7":{"name":"(anonymous_7)","decl":{"start":{"line":42,"column":9},"end":{"line":42,"column":10}},"loc":{"start":{"line":42,"column":43},"end":{"line":46,"column":3}},"line":42},"8":{"name":"onButtonKeyDown","decl":{"start":{"line":49,"column":16},"end":{"line":49,"column":31}},"loc":{"start":{"line":49,"column":39},"end":{"line":63,"column":1}},"line":49},"9":{"name":"(anonymous_9)","decl":{"start":{"line":50,"column":9},"end":{"line":50,"column":10}},"loc":{"start":{"line":50,"column":43},"end":{"line":62,"column":3}},"line":50},"10":{"name":"onKeyDown","decl":{"start":{"line":65,"column":16},"end":{"line":65,"column":25}},"loc":{"start":{"line":65,"column":33},"end":{"line":138,"column":1}},"line":65},"11":{"name":"(anonymous_11)","decl":{"start":{"line":66,"column":9},"end":{"line":66,"column":10}},"loc":{"start":{"line":66,"column":43},"end":{"line":137,"column":3}},"line":66},"12":{"name":"onToggleOpen","decl":{"start":{"line":140,"column":16},"end":{"line":140,"column":28}},"loc":{"start":{"line":140,"column":31},"end":{"line":152,"column":1}},"line":140},"13":{"name":"(anonymous_13)","decl":{"start":{"line":141,"column":9},"end":{"line":141,"column":10}},"loc":{"start":{"line":141,"column":43},"end":{"line":151,"column":3}},"line":141},"14":{"name":"onFocus","decl":{"start":{"line":154,"column":16},"end":{"line":154,"column":23}},"loc":{"start":{"line":154,"column":26},"end":{"line":163,"column":1}},"line":154},"15":{"name":"(anonymous_15)","decl":{"start":{"line":155,"column":9},"end":{"line":155,"column":10}},"loc":{"start":{"line":155,"column":43},"end":{"line":162,"column":3}},"line":155},"16":{"name":"onBlur","decl":{"start":{"line":165,"column":16},"end":{"line":165,"column":22}},"loc":{"start":{"line":165,"column":25},"end":{"line":179,"column":1}},"line":165},"17":{"name":"(anonymous_17)","decl":{"start":{"line":166,"column":9},"end":{"line":166,"column":10}},"loc":{"start":{"line":166,"column":43},"end":{"line":178,"column":3}},"line":166},"18":{"name":"onClick","decl":{"start":{"line":181,"column":16},"end":{"line":181,"column":23}},"loc":{"start":{"line":181,"column":34},"end":{"line":191,"column":1}},"line":181},"19":{"name":"(anonymous_19)","decl":{"start":{"line":182,"column":9},"end":{"line":182,"column":10}},"loc":{"start":{"line":182,"column":43},"end":{"line":190,"column":3}},"line":182}},"branchMap":{"0":{"loc":{"start":{"line":54,"column":4},"end":{"line":56,"column":5}},"type":"if","locations":[{"start":{"line":54,"column":4},"end":{"line":56,"column":5}},{"start":{"line":54,"column":4},"end":{"line":56,"column":5}}],"line":54},"1":{"loc":{"start":{"line":54,"column":8},"end":{"line":54,"column":26}},"type":"binary-expr","locations":[{"start":{"line":54,"column":8},"end":{"line":54,"column":15}},{"start":{"line":54,"column":19},"end":{"line":54,"column":26}}],"line":54},"2":{"loc":{"start":{"line":58,"column":4},"end":{"line":61,"column":5}},"type":"if","locations":[{"start":{"line":58,"column":4},"end":{"line":61,"column":5}},{"start":{"line":58,"column":4},"end":{"line":61,"column":5}}],"line":58},"3":{"loc":{"start":{"line":58,"column":8},"end":{"line":58,"column":48}},"type":"binary-expr","locations":[{"start":{"line":58,"column":8},"end":{"line":58,"column":25}},{"start":{"line":58,"column":29},"end":{"line":58,"column":48}}],"line":58},"4":{"loc":{"start":{"line":71,"column":4},"end":{"line":73,"column":5}},"type":"if","locations":[{"start":{"line":71,"column":4},"end":{"line":73,"column":5}},{"start":{"line":71,"column":4},"end":{"line":73,"column":5}}],"line":71},"5":{"loc":{"start":{"line":71,"column":8},"end":{"line":71,"column":26}},"type":"binary-expr","locations":[{"start":{"line":71,"column":8},"end":{"line":71,"column":15}},{"start":{"line":71,"column":19},"end":{"line":71,"column":26}}],"line":71},"6":{"loc":{"start":{"line":75,"column":4},"end":{"line":83,"column":5}},"type":"if","locations":[{"start":{"line":75,"column":4},"end":{"line":83,"column":5}},{"start":{"line":75,"column":4},"end":{"line":83,"column":5}}],"line":75},"7":{"loc":{"start":{"line":77,"column":6},"end":{"line":79,"column":7}},"type":"if","locations":[{"start":{"line":77,"column":6},"end":{"line":79,"column":7}},{"start":{"line":77,"column":6},"end":{"line":79,"column":7}}],"line":77},"8":{"loc":{"start":{"line":87,"column":4},"end":{"line":136,"column":5}},"type":"switch","locations":[{"start":{"line":88,"column":6},"end":{"line":96,"column":14}},{"start":{"line":97,"column":6},"end":{"line":105,"column":14}},{"start":{"line":106,"column":6},"end":{"line":112,"column":14}},{"start":{"line":113,"column":6},"end":{"line":119,"column":14}},{"start":{"line":120,"column":6},"end":{"line":131,"column":14}},{"start":{"line":132,"column":6},"end":{"line":135,"column":9}}],"line":87},"9":{"loc":{"start":{"line":91,"column":8},"end":{"line":95,"column":9}},"type":"if","locations":[{"start":{"line":91,"column":8},"end":{"line":95,"column":9}},{"start":{"line":91,"column":8},"end":{"line":95,"column":9}}],"line":91},"10":{"loc":{"start":{"line":93,"column":15},"end":{"line":95,"column":9}},"type":"if","locations":[{"start":{"line":93,"column":15},"end":{"line":95,"column":9}},{"start":{"line":93,"column":15},"end":{"line":95,"column":9}}],"line":93},"11":{"loc":{"start":{"line":100,"column":8},"end":{"line":104,"column":9}},"type":"if","locations":[{"start":{"line":100,"column":8},"end":{"line":104,"column":9}},{"start":{"line":100,"column":8},"end":{"line":104,"column":9}}],"line":100},"12":{"loc":{"start":{"line":100,"column":12},"end":{"line":100,"column":31}},"type":"binary-expr","locations":[{"start":{"line":100,"column":12},"end":{"line":100,"column":20}},{"start":{"line":100,"column":24},"end":{"line":100,"column":31}}],"line":100},"13":{"loc":{"start":{"line":108,"column":8},"end":{"line":111,"column":9}},"type":"if","locations":[{"start":{"line":108,"column":8},"end":{"line":111,"column":9}},{"start":{"line":108,"column":8},"end":{"line":111,"column":9}}],"line":108},"14":{"loc":{"start":{"line":115,"column":8},"end":{"line":118,"column":9}},"type":"if","locations":[{"start":{"line":115,"column":8},"end":{"line":118,"column":9}},{"start":{"line":115,"column":8},"end":{"line":118,"column":9}}],"line":115},"15":{"loc":{"start":{"line":122,"column":8},"end":{"line":130,"column":9}},"type":"if","locations":[{"start":{"line":122,"column":8},"end":{"line":130,"column":9}},{"start":{"line":122,"column":8},"end":{"line":130,"column":9}}],"line":122},"16":{"loc":{"start":{"line":122,"column":12},"end":{"line":122,"column":70}},"type":"binary-expr","locations":[{"start":{"line":122,"column":12},"end":{"line":122,"column":20}},{"start":{"line":122,"column":24},"end":{"line":122,"column":44}},{"start":{"line":122,"column":48},"end":{"line":122,"column":70}}],"line":122},"17":{"loc":{"start":{"line":125,"column":10},"end":{"line":127,"column":11}},"type":"if","locations":[{"start":{"line":125,"column":10},"end":{"line":127,"column":11}},{"start":{"line":125,"column":10},"end":{"line":127,"column":11}}],"line":125},"18":{"loc":{"start":{"line":133,"column":8},"end":{"line":135,"column":9}},"type":"if","locations":[{"start":{"line":133,"column":8},"end":{"line":135,"column":9}},{"start":{"line":133,"column":8},"end":{"line":135,"column":9}}],"line":133},"19":{"loc":{"start":{"line":133,"column":12},"end":{"line":133,"column":51}},"type":"binary-expr","locations":[{"start":{"line":133,"column":12},"end":{"line":133,"column":20}},{"start":{"line":133,"column":24},"end":{"line":133,"column":51}}],"line":133},"20":{"loc":{"start":{"line":144,"column":4},"end":{"line":150,"column":5}},"type":"if","locations":[{"start":{"line":144,"column":4},"end":{"line":150,"column":5}},{"start":{"line":144,"column":4},"end":{"line":150,"column":5}}],"line":144},"21":{"loc":{"start":{"line":146,"column":11},"end":{"line":150,"column":5}},"type":"if","locations":[{"start":{"line":146,"column":11},"end":{"line":150,"column":5}},{"start":{"line":146,"column":11},"end":{"line":150,"column":5}}],"line":146},"22":{"loc":{"start":{"line":157,"column":4},"end":{"line":159,"column":5}},"type":"if","locations":[{"start":{"line":157,"column":4},"end":{"line":159,"column":5}},{"start":{"line":157,"column":4},"end":{"line":159,"column":5}}],"line":157},"23":{"loc":{"start":{"line":169,"column":4},"end":{"line":172,"column":5}},"type":"if","locations":[{"start":{"line":169,"column":4},"end":{"line":172,"column":5}},{"start":{"line":169,"column":4},"end":{"line":172,"column":5}}],"line":169},"24":{"loc":{"start":{"line":173,"column":4},"end":{"line":177,"column":5}},"type":"if","locations":[{"start":{"line":173,"column":4},"end":{"line":177,"column":5}},{"start":{"line":173,"column":4},"end":{"line":177,"column":5}}],"line":173},"25":{"loc":{"start":{"line":183,"column":4},"end":{"line":185,"column":5}},"type":"if","locations":[{"start":{"line":183,"column":4},"end":{"line":185,"column":5}},{"start":{"line":183,"column":4},"end":{"line":185,"column":5}}],"line":183}},"s":{"0":0,"1":0,"2":0,"3":0,"4":0,"5":0,"6":0,"7":0,"8":0,"9":0,"10":0,"11":0,"12":0,"13":0,"14":0,"15":0,"16":0,"17":0,"18":0,"19":0,"20":0,"21":0,"22":0,"23":0,"24":0,"25":0,"26":0,"27":0,"28":0,"29":0,"30":0,"31":0,"32":0,"33":0,"34":0,"35":0,"36":0,"37":0,"38":0,"39":0,"40":0,"41":0,"42":0,"43":0,"44":0,"45":0,"46":0,"47":0,"48":0,"49":0,"50":0,"51":0,"52":0,"53":0,"54":0,"55":0,"56":0,"57":0,"58":0,"59":0,"60":0,"61":0,"62":0,"63":0,"64":0,"65":0,"66":0,"67":0,"68":0,"69":0,"70":0,"71":0,"72":0,"73":0,"74":0,"75":0,"76":0,"77":0,"78":0,"79":0,"80":0,"81":0,"82":0,"83":0,"84":0,"85":0,"86":0,"87":0,"88":0,"89":0,"90":0,"91":0,"92":0,"93":0,"94":0,"95":0,"96":0},"f":{"0":0,"1":0,"2":0,"3":0,"4":0,"5":0,"6":0,"7":0,"8":0,"9":0,"10":0,"11":0,"12":0,"13":0,"14":0,"15":0,"16":0,"17":0,"18":0,"19":0},"b":{"0":[0,0],"1":[0,0],"2":[0,0],"3":[0,0],"4":[0,0],"5":[0,0],"6":[0,0],"7":[0,0],"8":[0,0,0,0,0,0],"9":[0,0],"10":[0,0],"11":[0,0],"12":[0,0],"13":[0,0],"14":[0,0],"15":[0,0],"16":[0,0,0],"17":[0,0],"18":[0,0],"19":[0,0],"20":[0,0],"21":[0,0],"22":[0,0],"23":[0,0],"24":[0,0],"25":[0,0]},"hash":"63cdd0ee1887b41e2686f6aabc9907da3c1ccbd1"}
,"/Users/daniellewis/code/react-combobox/src/components/drop_down/drop_down.jsx": {"path":"/Users/daniellewis/code/react-combobox/src/components/drop_down/drop_down.jsx","statementMap":{"0":{"start":{"line":24,"column":26},"end":{"line":24,"column":56}},"1":{"start":{"line":28,"column":6},"end":{"line":28,"column":21}},"2":{"start":{"line":29,"column":20},"end":{"line":29,"column":28}},"3":{"start":{"line":30,"column":18},"end":{"line":30,"column":26}},"4":{"start":{"line":31,"column":22},"end":{"line":31,"column":30}},"5":{"start":{"line":33,"column":28},"end":{"line":38,"column":3}},"6":{"start":{"line":39,"column":46},"end":{"line":39,"column":51}},"7":{"start":{"line":40,"column":24},"end":{"line":40,"column":84}},"8":{"start":{"line":41,"column":24},"end":{"line":41,"column":68}},"9":{"start":{"line":41,"column":40},"end":{"line":41,"column":58}},"10":{"start":{"line":43,"column":2},"end":{"line":54,"column":34}},"11":{"start":{"line":44,"column":4},"end":{"line":46,"column":5}},"12":{"start":{"line":45,"column":6},"end":{"line":45,"column":23}},"13":{"start":{"line":47,"column":18},"end":{"line":47,"column":79}},"14":{"start":{"line":47,"column":38},"end":{"line":47,"column":78}},"15":{"start":{"line":48,"column":4},"end":{"line":50,"column":5}},"16":{"start":{"line":49,"column":6},"end":{"line":49,"column":40}},"17":{"start":{"line":51,"column":20},"end":{"line":51,"column":67}},"18":{"start":{"line":51,"column":37},"end":{"line":51,"column":60}},"19":{"start":{"line":53,"column":4},"end":{"line":53,"column":39}},"20":{"start":{"line":53,"column":17},"end":{"line":53,"column":38}},"21":{"start":{"line":56,"column":2},"end":{"line":62,"column":55}},"22":{"start":{"line":57,"column":4},"end":{"line":61,"column":5}},"23":{"start":{"line":58,"column":6},"end":{"line":58,"column":34}},"24":{"start":{"line":59,"column":11},"end":{"line":61,"column":5}},"25":{"start":{"line":60,"column":6},"end":{"line":60,"column":30}},"26":{"start":{"line":64,"column":34},"end":{"line":64,"column":78}},"27":{"start":{"line":65,"column":32},"end":{"line":65,"column":77}},"28":{"start":{"line":66,"column":33},"end":{"line":66,"column":75}},"29":{"start":{"line":67,"column":31},"end":{"line":67,"column":71}},"30":{"start":{"line":68,"column":32},"end":{"line":68,"column":73}},"31":{"start":{"line":69,"column":31},"end":{"line":69,"column":65}},"32":{"start":{"line":71,"column":2},"end":{"line":163,"column":4}},"33":{"start":{"line":86,"column":25},"end":{"line":86,"column":49}},"34":{"start":{"line":87,"column":28},"end":{"line":87,"column":56}},"35":{"start":{"line":100,"column":26},"end":{"line":100,"column":46}},"36":{"start":{"line":102,"column":28},"end":{"line":102,"column":50}},"37":{"start":{"line":109,"column":74},"end":{"line":109,"column":79}},"38":{"start":{"line":110,"column":14},"end":{"line":126,"column":16}},"39":{"start":{"line":130,"column":83},"end":{"line":130,"column":89}},"40":{"start":{"line":131,"column":14},"end":{"line":157,"column":16}},"41":{"start":{"line":148,"column":54},"end":{"line":148,"column":82}},"42":{"start":{"line":166,"column":0},"end":{"line":182,"column":2}},"43":{"start":{"line":184,"column":0},"end":{"line":197,"column":2}}},"fnMap":{"0":{"name":"DropDown","decl":{"start":{"line":20,"column":16},"end":{"line":20,"column":24}},"loc":{"start":{"line":23,"column":3},"end":{"line":164,"column":1}},"line":23},"1":{"name":"(anonymous_1)","decl":{"start":{"line":41,"column":34},"end":{"line":41,"column":35}},"loc":{"start":{"line":41,"column":40},"end":{"line":41,"column":58}},"line":41},"2":{"name":"(anonymous_2)","decl":{"start":{"line":43,"column":12},"end":{"line":43,"column":13}},"loc":{"start":{"line":43,"column":18},"end":{"line":54,"column":3}},"line":43},"3":{"name":"(anonymous_3)","decl":{"start":{"line":47,"column":31},"end":{"line":47,"column":32}},"loc":{"start":{"line":47,"column":38},"end":{"line":47,"column":78}},"line":47},"4":{"name":"(anonymous_4)","decl":{"start":{"line":51,"column":31},"end":{"line":51,"column":32}},"loc":{"start":{"line":51,"column":37},"end":{"line":51,"column":60}},"line":51},"5":{"name":"(anonymous_5)","decl":{"start":{"line":53,"column":11},"end":{"line":53,"column":12}},"loc":{"start":{"line":53,"column":17},"end":{"line":53,"column":38}},"line":53},"6":{"name":"(anonymous_6)","decl":{"start":{"line":56,"column":18},"end":{"line":56,"column":19}},"loc":{"start":{"line":56,"column":24},"end":{"line":62,"column":3}},"line":56},"7":{"name":"(anonymous_7)","decl":{"start":{"line":86,"column":19},"end":{"line":86,"column":20}},"loc":{"start":{"line":86,"column":25},"end":{"line":86,"column":49}},"line":86},"8":{"name":"(anonymous_8)","decl":{"start":{"line":87,"column":21},"end":{"line":87,"column":22}},"loc":{"start":{"line":87,"column":28},"end":{"line":87,"column":56}},"line":87},"9":{"name":"(anonymous_9)","decl":{"start":{"line":100,"column":19},"end":{"line":100,"column":20}},"loc":{"start":{"line":100,"column":26},"end":{"line":100,"column":46}},"line":100},"10":{"name":"(anonymous_10)","decl":{"start":{"line":102,"column":21},"end":{"line":102,"column":22}},"loc":{"start":{"line":102,"column":28},"end":{"line":102,"column":50}},"line":102},"11":{"name":"(anonymous_11)","decl":{"start":{"line":108,"column":12},"end":{"line":108,"column":13}},"loc":{"start":{"line":108,"column":31},"end":{"line":127,"column":13}},"line":108},"12":{"name":"(anonymous_12)","decl":{"start":{"line":129,"column":12},"end":{"line":129,"column":13}},"loc":{"start":{"line":129,"column":33},"end":{"line":158,"column":13}},"line":129},"13":{"name":"(anonymous_13)","decl":{"start":{"line":148,"column":47},"end":{"line":148,"column":48}},"loc":{"start":{"line":148,"column":54},"end":{"line":148,"column":82}},"line":148}},"branchMap":{"0":{"loc":{"start":{"line":44,"column":4},"end":{"line":46,"column":5}},"type":"if","locations":[{"start":{"line":44,"column":4},"end":{"line":46,"column":5}},{"start":{"line":44,"column":4},"end":{"line":46,"column":5}}],"line":44},"1":{"loc":{"start":{"line":48,"column":4},"end":{"line":50,"column":5}},"type":"if","locations":[{"start":{"line":48,"column":4},"end":{"line":50,"column":5}},{"start":{"line":48,"column":4},"end":{"line":50,"column":5}}],"line":48},"2":{"loc":{"start":{"line":57,"column":4},"end":{"line":61,"column":5}},"type":"if","locations":[{"start":{"line":57,"column":4},"end":{"line":61,"column":5}},{"start":{"line":57,"column":4},"end":{"line":61,"column":5}}],"line":57},"3":{"loc":{"start":{"line":57,"column":8},"end":{"line":57,"column":58}},"type":"binary-expr","locations":[{"start":{"line":57,"column":8},"end":{"line":57,"column":16}},{"start":{"line":57,"column":20},"end":{"line":57,"column":42}},{"start":{"line":57,"column":46},"end":{"line":57,"column":58}}],"line":57},"4":{"loc":{"start":{"line":59,"column":11},"end":{"line":61,"column":5}},"type":"if","locations":[{"start":{"line":59,"column":11},"end":{"line":61,"column":5}},{"start":{"line":59,"column":11},"end":{"line":61,"column":5}}],"line":59},"5":{"loc":{"start":{"line":74,"column":13},"end":{"line":74,"column":82}},"type":"cond-expr","locations":[{"start":{"line":74,"column":57},"end":{"line":74,"column":66}},{"start":{"line":74,"column":69},"end":{"line":74,"column":82}}],"line":74},"6":{"loc":{"start":{"line":80,"column":16},"end":{"line":80,"column":58}},"type":"cond-expr","locations":[{"start":{"line":80,"column":41},"end":{"line":80,"column":51}},{"start":{"line":80,"column":54},"end":{"line":80,"column":58}}],"line":80},"7":{"loc":{"start":{"line":83,"column":25},"end":{"line":83,"column":86}},"type":"cond-expr","locations":[{"start":{"line":83,"column":36},"end":{"line":83,"column":42}},{"start":{"line":83,"column":45},"end":{"line":83,"column":86}}],"line":83},"8":{"loc":{"start":{"line":84,"column":25},"end":{"line":84,"column":64}},"type":"cond-expr","locations":[{"start":{"line":84,"column":46},"end":{"line":84,"column":52}},{"start":{"line":84,"column":55},"end":{"line":84,"column":64}}],"line":84},"9":{"loc":{"start":{"line":88,"column":21},"end":{"line":88,"column":62}},"type":"cond-expr","locations":[{"start":{"line":88,"column":33},"end":{"line":88,"column":55}},{"start":{"line":88,"column":58},"end":{"line":88,"column":62}}],"line":88},"10":{"loc":{"start":{"line":91,"column":11},"end":{"line":91,"column":54}},"type":"binary-expr","locations":[{"start":{"line":91,"column":11},"end":{"line":91,"column":19}},{"start":{"line":91,"column":24},"end":{"line":91,"column":29}},{"start":{"line":91,"column":33},"end":{"line":91,"column":44}},{"start":{"line":91,"column":49},"end":{"line":91,"column":54}}],"line":91},"11":{"loc":{"start":{"line":96,"column":16},"end":{"line":96,"column":55}},"type":"cond-expr","locations":[{"start":{"line":96,"column":37},"end":{"line":96,"column":43}},{"start":{"line":96,"column":46},"end":{"line":96,"column":55}}],"line":96},"12":{"loc":{"start":{"line":99,"column":33},"end":{"line":99,"column":67}},"type":"binary-expr","locations":[{"start":{"line":99,"column":33},"end":{"line":99,"column":59}},{"start":{"line":99,"column":63},"end":{"line":99,"column":67}}],"line":99},"13":{"loc":{"start":{"line":103,"column":21},"end":{"line":103,"column":63}},"type":"cond-expr","locations":[{"start":{"line":103,"column":33},"end":{"line":103,"column":56}},{"start":{"line":103,"column":59},"end":{"line":103,"column":63}}],"line":103},"14":{"loc":{"start":{"line":118,"column":31},"end":{"line":118,"column":80}},"type":"cond-expr","locations":[{"start":{"line":118,"column":43},"end":{"line":118,"column":73}},{"start":{"line":118,"column":76},"end":{"line":118,"column":80}}],"line":118},"15":{"loc":{"start":{"line":122,"column":21},"end":{"line":122,"column":34}},"type":"binary-expr","locations":[{"start":{"line":122,"column":21},"end":{"line":122,"column":25}},{"start":{"line":122,"column":29},"end":{"line":122,"column":34}}],"line":122},"16":{"loc":{"start":{"line":140,"column":35},"end":{"line":140,"column":59}},"type":"cond-expr","locations":[{"start":{"line":140,"column":46},"end":{"line":140,"column":52}},{"start":{"line":140,"column":55},"end":{"line":140,"column":59}}],"line":140},"17":{"loc":{"start":{"line":141,"column":35},"end":{"line":141,"column":59}},"type":"cond-expr","locations":[{"start":{"line":141,"column":46},"end":{"line":141,"column":52}},{"start":{"line":141,"column":55},"end":{"line":141,"column":59}}],"line":141},"18":{"loc":{"start":{"line":142,"column":37},"end":{"line":142,"column":73}},"type":"cond-expr","locations":[{"start":{"line":142,"column":45},"end":{"line":142,"column":66}},{"start":{"line":142,"column":69},"end":{"line":142,"column":73}}],"line":142},"19":{"loc":{"start":{"line":143,"column":34},"end":{"line":143,"column":73}},"type":"cond-expr","locations":[{"start":{"line":143,"column":60},"end":{"line":143,"column":66}},{"start":{"line":143,"column":69},"end":{"line":143,"column":73}}],"line":143},"20":{"loc":{"start":{"line":144,"column":25},"end":{"line":144,"column":69}},"type":"cond-expr","locations":[{"start":{"line":144,"column":51},"end":{"line":144,"column":62}},{"start":{"line":144,"column":65},"end":{"line":144,"column":69}}],"line":144},"21":{"loc":{"start":{"line":145,"column":31},"end":{"line":145,"column":81}},"type":"cond-expr","locations":[{"start":{"line":145,"column":43},"end":{"line":145,"column":74}},{"start":{"line":145,"column":77},"end":{"line":145,"column":81}}],"line":145},"22":{"loc":{"start":{"line":148,"column":29},"end":{"line":148,"column":82}},"type":"cond-expr","locations":[{"start":{"line":148,"column":40},"end":{"line":148,"column":44}},{"start":{"line":148,"column":47},"end":{"line":148,"column":82}}],"line":148},"23":{"loc":{"start":{"line":153,"column":23},"end":{"line":153,"column":36}},"type":"binary-expr","locations":[{"start":{"line":153,"column":23},"end":{"line":153,"column":27}},{"start":{"line":153,"column":31},"end":{"line":153,"column":36}}],"line":153}},"s":{"0":0,"1":0,"2":0,"3":0,"4":0,"5":0,"6":0,"7":0,"8":0,"9":0,"10":0,"11":0,"12":0,"13":0,"14":0,"15":0,"16":0,"17":0,"18":0,"19":0,"20":0,"21":0,"22":0,"23":0,"24":0,"25":0,"26":0,"27":0,"28":0,"29":0,"30":0,"31":0,"32":0,"33":0,"34":0,"35":0,"36":0,"37":0,"38":0,"39":0,"40":0,"41":0,"42":0,"43":0},"f":{"0":0,"1":0,"2":0,"3":0,"4":0,"5":0,"6":0,"7":0,"8":0,"9":0,"10":0,"11":0,"12":0,"13":0},"b":{"0":[0,0],"1":[0,0],"2":[0,0],"3":[0,0,0],"4":[0,0],"5":[0,0],"6":[0,0],"7":[0,0],"8":[0,0],"9":[0,0],"10":[0,0,0,0],"11":[0,0],"12":[0,0],"13":[0,0],"14":[0,0],"15":[0,0],"16":[0,0],"17":[0,0],"18":[0,0],"19":[0,0],"20":[0,0],"21":[0,0],"22":[0,0],"23":[0,0]},"hash":"68d4f2187f2f123661f48d9abc17f9711c163125"}
,"/Users/daniellewis/code/react-combobox/src/components/drop_down/index.jsx": {"path":"/Users/daniellewis/code/react-combobox/src/components/drop_down/index.jsx","statementMap":{"0":{"start":{"line":7,"column":17},"end":{"line":7,"column":22}},"1":{"start":{"line":8,"column":2},"end":{"line":14,"column":4}},"2":{"start":{"line":17,"column":0},"end":{"line":20,"column":2}},"3":{"start":{"line":22,"column":0},"end":{"line":24,"column":2}}},"fnMap":{"0":{"name":"Inspector","decl":{"start":{"line":6,"column":9},"end":{"line":6,"column":18}},"loc":{"start":{"line":6,"column":43},"end":{"line":15,"column":1}},"line":6}},"branchMap":{},"s":{"0":0,"1":0,"2":0,"3":0},"f":{"0":0},"b":{},"hash":"d3264144cc2dbcee79cdad2f7a37157bd89f19d9"}
,"/Users/daniellewis/code/react-combobox/src/components/drop_down/initial_state.js": {"path":"/Users/daniellewis/code/react-combobox/src/components/drop_down/initial_state.js","statementMap":{"0":{"start":{"line":2,"column":2},"end":{"line":7,"column":4}}},"fnMap":{"0":{"name":"initialState","decl":{"start":{"line":1,"column":16},"end":{"line":1,"column":28}},"loc":{"start":{"line":1,"column":40},"end":{"line":8,"column":1}},"line":1}},"branchMap":{},"s":{"0":0},"f":{"0":0},"b":{},"hash":"21177f42ea2f910738a647363682e505ce40fd38"}
[...]
,"/Users/daniellewis/code/react-combobox/src/hooks/use_on_blur.js": {"path":"/Users/daniellewis/code/react-combobox/src/hooks/use_on_blur.js","statementMap":{"0":{"start":{"line":5,"column":23},"end":{"line":5,"column":36}},"1":{"start":{"line":7,"column":17},"end":{"line":13,"column":15}},"2":{"start":{"line":8,"column":4},"end":{"line":12,"column":10}},"3":{"start":{"line":9,"column":6},"end":{"line":11,"column":7}},"4":{"start":{"line":10,"column":8},"end":{"line":10,"column":13}},"5":{"start":{"line":15,"column":22},"end":{"line":21,"column":14}},"6":{"start":{"line":16,"column":4},"end":{"line":16,"column":32}},"7":{"start":{"line":17,"column":4},"end":{"line":20,"column":26}},"8":{"start":{"line":18,"column":6},"end":{"line":18,"column":35}},"9":{"start":{"line":19,"column":6},"end":{"line":19,"column":15}},"10":{"start":{"line":23,"column":2},"end":{"line":31,"column":28}},"11":{"start":{"line":24,"column":4},"end":{"line":24,"column":64}},"12":{"start":{"line":25,"column":4},"end":{"line":25,"column":75}},"13":{"start":{"line":27,"column":4},"end":{"line":30,"column":6}},"14":{"start":{"line":28,"column":6},"end":{"line":28,"column":69}},"15":{"start":{"line":29,"column":6},"end":{"line":29,"column":80}},"16":{"start":{"line":33,"column":2},"end":{"line":33,"column":16}}},"fnMap":{"0":{"name":"useOnBlur","decl":{"start":{"line":4,"column":16},"end":{"line":4,"column":25}},"loc":{"start":{"line":4,"column":35},"end":{"line":34,"column":1}},"line":4},"1":{"name":"(anonymous_1)","decl":{"start":{"line":7,"column":29},"end":{"line":7,"column":30}},"loc":{"start":{"line":7,"column":35},"end":{"line":13,"column":3}},"line":7},"2":{"name":"(anonymous_2)","decl":{"start":{"line":8,"column":15},"end":{"line":8,"column":16}},"loc":{"start":{"line":8,"column":21},"end":{"line":12,"column":5}},"line":8},"3":{"name":"(anonymous_3)","decl":{"start":{"line":15,"column":34},"end":{"line":15,"column":35}},"loc":{"start":{"line":15,"column":40},"end":{"line":21,"column":3}},"line":15},"4":{"name":"(anonymous_4)","decl":{"start":{"line":17,"column":38},"end":{"line":17,"column":39}},"loc":{"start":{"line":17,"column":44},"end":{"line":20,"column":5}},"line":17},"5":{"name":"(anonymous_5)","decl":{"start":{"line":23,"column":12},"end":{"line":23,"column":13}},"loc":{"start":{"line":23,"column":18},"end":{"line":31,"column":3}},"line":23},"6":{"name":"(anonymous_6)","decl":{"start":{"line":27,"column":11},"end":{"line":27,"column":12}},"loc":{"start":{"line":27,"column":17},"end":{"line":30,"column":5}},"line":27}},"branchMap":{"0":{"loc":{"start":{"line":9,"column":6},"end":{"line":11,"column":7}},"type":"if","locations":[{"start":{"line":9,"column":6},"end":{"line":11,"column":7}},{"start":{"line":9,"column":6},"end":{"line":11,"column":7}}],"line":9},"1":{"loc":{"start":{"line":9,"column":10},"end":{"line":9,"column":80}},"type":"binary-expr","locations":[{"start":{"line":9,"column":10},"end":{"line":9,"column":31}},{"start":{"line":9,"column":35},"end":{"line":9,"column":80}}],"line":9}},"s":{"0":0,"1":0,"2":0,"3":0,"4":0,"5":0,"6":0,"7":0,"8":0,"9":0,"10":0,"11":0,"12":0,"13":0,"14":0,"15":0,"16":0},"f":{"0":0,"1":0,"2":0,"3":0,"4":0,"5":0,"6":0},"b":{"0":[0,0],"1":[0,0]},"hash":"cd3d85a3cd46ddc4ef46bb7950724a70ef516235"}
,"/Users/daniellewis/code/react-combobox/src/hooks/use_on_mouse_leave.js": {"path":"/Users/daniellewis/code/react-combobox/src/hooks/use_on_mouse_leave.js","statementMap":{"0":{"start":{"line":4,"column":2},"end":{"line":23,"column":11}},"1":{"start":{"line":5,"column":15},"end":{"line":5,"column":19}},"2":{"start":{"line":6,"column":16},"end":{"line":6,"column":50}},"3":{"start":{"line":6,"column":42},"end":{"line":6,"column":49}},"4":{"start":{"line":7,"column":25},"end":{"line":9,"column":5}},"5":{"start":{"line":8,"column":6},"end":{"line":8,"column":19}},"6":{"start":{"line":11,"column":4},"end":{"line":13,"column":7}},"7":{"start":{"line":12,"column":6},"end":{"line":12,"column":72}},"8":{"start":{"line":15,"column":4},"end":{"line":22,"column":12}},"9":{"start":{"line":16,"column":6},"end":{"line":18,"column":7}},"10":{"start":{"line":17,"column":8},"end":{"line":17,"column":13}},"11":{"start":{"line":19,"column":6},"end":{"line":21,"column":9}},"12":{"start":{"line":20,"column":8},"end":{"line":20,"column":77}}},"fnMap":{"0":{"name":"useOnMouseLeave","decl":{"start":{"line":3,"column":16},"end":{"line":3,"column":31}},"loc":{"start":{"line":3,"column":45},"end":{"line":24,"column":1}},"line":3},"1":{"name":"(anonymous_1)","decl":{"start":{"line":4,"column":21},"end":{"line":4,"column":22}},"loc":{"start":{"line":4,"column":27},"end":{"line":23,"column":3}},"line":4},"2":{"name":"(anonymous_2)","decl":{"start":{"line":6,"column":25},"end":{"line":6,"column":26}},"loc":{"start":{"line":6,"column":42},"end":{"line":6,"column":49}},"line":6},"3":{"name":"(anonymous_3)","decl":{"start":{"line":7,"column":25},"end":{"line":7,"column":26}},"loc":{"start":{"line":7,"column":31},"end":{"line":9,"column":5}},"line":7},"4":{"name":"(anonymous_4)","decl":{"start":{"line":11,"column":16},"end":{"line":11,"column":17}},"loc":{"start":{"line":12,"column":6},"end":{"line":12,"column":72}},"line":12},"5":{"name":"(anonymous_5)","decl":{"start":{"line":15,"column":15},"end":{"line":15,"column":16}},"loc":{"start":{"line":15,"column":21},"end":{"line":22,"column":5}},"line":15},"6":{"name":"(anonymous_6)","decl":{"start":{"line":19,"column":18},"end":{"line":19,"column":19}},"loc":{"start":{"line":20,"column":8},"end":{"line":20,"column":77}},"line":20}},"branchMap":{"0":{"loc":{"start":{"line":16,"column":6},"end":{"line":18,"column":7}},"type":"if","locations":[{"start":{"line":16,"column":6},"end":{"line":18,"column":7}},{"start":{"line":16,"column":6},"end":{"line":18,"column":7}}],"line":16}},"s":{"0":0,"1":0,"2":0,"3":0,"4":0,"5":0,"6":0,"7":0,"8":0,"9":0,"10":0,"11":0,"12":0},"f":{"0":0,"1":0,"2":0,"3":0,"4":0,"5":0,"6":0},"b":{"0":[0,0]},"hash":"4ae2a602cf9f12e23e6c03c469245b9de5edc0fe"}
,"/Users/daniellewis/code/react-combobox/src/hooks/use_optionised_props.js": {"path":"/Users/daniellewis/code/react-combobox/src/hooks/use_optionised_props.js","statementMap":{"0":{"start":{"line":5,"column":34},"end":{"line":43,"column":1}},"1":{"start":{"line":8,"column":18},"end":{"line":19,"column":3}},"2":{"start":{"line":10,"column":23},"end":{"line":12,"column":20}},"3":{"start":{"line":13,"column":6},"end":{"line":13,"column":55}},"4":{"start":{"line":13,"column":41},"end":{"line":13,"column":53}},"5":{"start":{"line":14,"column":6},"end":{"line":14,"column":44}},"6":{"start":{"line":15,"column":6},"end":{"line":15,"column":74}},"7":{"start":{"line":15,"column":45},"end":{"line":15,"column":71}},"8":{"start":{"line":16,"column":6},"end":{"line":16,"column":24}},"9":{"start":{"line":21,"column":16},"end":{"line":24,"column":3}},"10":{"start":{"line":22,"column":11},"end":{"line":22,"column":65}},"11":{"start":{"line":26,"column":21},"end":{"line":29,"column":3}},"12":{"start":{"line":27,"column":10},"end":{"line":27,"column":70}},"13":{"start":{"line":27,"column":35},"end":{"line":27,"column":69}},"14":{"start":{"line":31,"column":19},"end":{"line":40,"column":3}},"15":{"start":{"line":33,"column":18},"end":{"line":33,"column":91}},"16":{"start":{"line":33,"column":61},"end":{"line":33,"column":85}},"17":{"start":{"line":34,"column":6},"end":{"line":36,"column":7}},"18":{"start":{"line":35,"column":8},"end":{"line":35,"column":19}},"19":{"start":{"line":37,"column":6},"end":{"line":37,"column":57}},"20":{"start":{"line":42,"column":2},"end":{"line":42,"column":71}}},"fnMap":{"0":{"name":"(anonymous_0)","decl":{"start":{"line":5,"column":34},"end":{"line":5,"column":35}},"loc":{"start":{"line":7,"column":6},"end":{"line":43,"column":1}},"line":7},"1":{"name":"(anonymous_1)","decl":{"start":{"line":9,"column":4},"end":{"line":9,"column":5}},"loc":{"start":{"line":9,"column":10},"end":{"line":17,"column":5}},"line":9},"2":{"name":"(anonymous_2)","decl":{"start":{"line":13,"column":34},"end":{"line":13,"column":35}},"loc":{"start":{"line":13,"column":41},"end":{"line":13,"column":53}},"line":13},"3":{"name":"(anonymous_3)","decl":{"start":{"line":15,"column":34},"end":{"line":15,"column":35}},"loc":{"start":{"line":15,"column":45},"end":{"line":15,"column":71}},"line":15},"4":{"name":"(anonymous_4)","decl":{"start":{"line":22,"column":4},"end":{"line":22,"column":5}},"loc":{"start":{"line":22,"column":11},"end":{"line":22,"column":65}},"line":22},"5":{"name":"(anonymous_5)","decl":{"start":{"line":27,"column":4},"end":{"line":27,"column":5}},"loc":{"start":{"line":27,"column":10},"end":{"line":27,"column":70}},"line":27},"6":{"name":"(anonymous_6)","decl":{"start":{"line":27,"column":28},"end":{"line":27,"column":29}},"loc":{"start":{"line":27,"column":35},"end":{"line":27,"column":69}},"line":27},"7":{"name":"(anonymous_7)","decl":{"start":{"line":32,"column":4},"end":{"line":32,"column":5}},"loc":{"start":{"line":32,"column":16},"end":{"line":38,"column":5}},"line":32},"8":{"name":"(anonymous_8)","decl":{"start":{"line":33,"column":54},"end":{"line":33,"column":55}},"loc":{"start":{"line":33,"column":61},"end":{"line":33,"column":85}},"line":33}},"branchMap":{"0":{"loc":{"start":{"line":10,"column":23},"end":{"line":12,"column":20}},"type":"cond-expr","locations":[{"start":{"line":11,"column":10},"end":{"line":11,"column":75}},{"start":{"line":12,"column":10},"end":{"line":12,"column":20}}],"line":10},"1":{"loc":{"start":{"line":22,"column":11},"end":{"line":22,"column":65}},"type":"cond-expr","locations":[{"start":{"line":22,"column":39},"end":{"line":22,"column":58}},{"start":{"line":22,"column":61},"end":{"line":22,"column":65}}],"line":22},"2":{"loc":{"start":{"line":22,"column":11},"end":{"line":22,"column":36}},"type":"binary-expr","locations":[{"start":{"line":22,"column":11},"end":{"line":22,"column":27}},{"start":{"line":22,"column":31},"end":{"line":22,"column":36}}],"line":22},"3":{"loc":{"start":{"line":27,"column":48},"end":{"line":27,"column":68}},"type":"binary-expr","locations":[{"start":{"line":27,"column":48},"end":{"line":27,"column":53}},{"start":{"line":27,"column":57},"end":{"line":27,"column":68}}],"line":27},"4":{"loc":{"start":{"line":33,"column":18},"end":{"line":33,"column":91}},"type":"cond-expr","locations":[{"start":{"line":33,"column":36},"end":{"line":33,"column":86}},{"start":{"line":33,"column":89},"end":{"line":33,"column":91}}],"line":33},"5":{"loc":{"start":{"line":34,"column":6},"end":{"line":36,"column":7}},"type":"if","locations":[{"start":{"line":34,"column":6},"end":{"line":36,"column":7}},{"start":{"line":34,"column":6},"end":{"line":36,"column":7}}],"line":34},"6":{"loc":{"start":{"line":34,"column":10},"end":{"line":34,"column":29}},"type":"binary-expr","locations":[{"start":{"line":34,"column":10},"end":{"line":34,"column":15}},{"start":{"line":34,"column":19},"end":{"line":34,"column":29}}],"line":34},"7":{"loc":{"start":{"line":37,"column":18},"end":{"line":37,"column":55}},"type":"cond-expr","locations":[{"start":{"line":37,"column":31},"end":{"line":37,"column":48}},{"start":{"line":37,"column":51},"end":{"line":37,"column":55}}],"line":37}},"s":{"0":0,"1":0,"2":0,"3":0,"4":0,"5":0,"6":0,"7":0,"8":0,"9":0,"10":0,"11":0,"12":0,"13":0,"14":0,"15":0,"16":0,"17":0,"18":0,"19":0,"20":0},"f":{"0":0,"1":0,"2":0,"3":0,"4":0,"5":0,"6":0,"7":0,"8":0},"b":{"0":[0,0],"1":[0,0],"2":[0,0],"3":[0,0],"4":[0,0],"5":[0,0],"6":[0,0],"7":[0,0]},"hash":"9424738992e9106e470a9a6fa13214dce9ae9d98"}
,"/Users/daniellewis/code/react-combobox/src/hooks/use_previous.js": {"path":"/Users/daniellewis/code/react-combobox/src/hooks/use_previous.js","statementMap":{"0":{"start":{"line":4,"column":14},"end":{"line":4,"column":22}},"1":{"start":{"line":5,"column":2},"end":{"line":7,"column":5}},"2":{"start":{"line":6,"column":4},"end":{"line":6,"column":24}},"3":{"start":{"line":8,"column":2},"end":{"line":8,"column":21}}},"fnMap":{"0":{"name":"usePrevious","decl":{"start":{"line":3,"column":16},"end":{"line":3,"column":27}},"loc":{"start":{"line":3,"column":35},"end":{"line":9,"column":1}},"line":3},"1":{"name":"(anonymous_1)","decl":{"start":{"line":5,"column":12},"end":{"line":5,"column":13}},"loc":{"start":{"line":5,"column":18},"end":{"line":7,"column":3}},"line":5}},"branchMap":{},"s":{"0":0,"1":0,"2":0,"3":0},"f":{"0":0,"1":0},"b":{},"hash":"66cb6fff1c25d538c513107e066411fb1e88fb8d"}
,"/Users/daniellewis/code/react-combobox/src/hooks/use_search.js": {"path":"/Users/daniellewis/code/react-combobox/src/hooks/use_search.js","statementMap":{"0":{"start":{"line":5,"column":25},"end":{"line":14,"column":1}},"1":{"start":{"line":6,"column":18},"end":{"line":6,"column":72}},"2":{"start":{"line":6,"column":32},"end":{"line":6,"column":57}},"3":{"start":{"line":7,"column":48},"end":{"line":7,"column":68}},"4":{"start":{"line":8,"column":19},"end":{"line":11,"column":15}},"5":{"start":{"line":9,"column":19},"end":{"line":9,"column":38}},"6":{"start":{"line":10,"column":4},"end":{"line":10,"column":56}},"7":{"start":{"line":10,"column":22},"end":{"line":10,"column":55}},"8":{"start":{"line":13,"column":2},"end":{"line":13,"column":37}}},"fnMap":{"0":{"name":"(anonymous_0)","decl":{"start":{"line":5,"column":25},"end":{"line":5,"column":26}},"loc":{"start":{"line":5,"column":41},"end":{"line":14,"column":1}},"line":5},"1":{"name":"(anonymous_1)","decl":{"start":{"line":6,"column":26},"end":{"line":6,"column":27}},"loc":{"start":{"line":6,"column":32},"end":{"line":6,"column":57}},"line":6},"2":{"name":"(anonymous_2)","decl":{"start":{"line":8,"column":27},"end":{"line":8,"column":28}},"loc":{"start":{"line":8,"column":33},"end":{"line":11,"column":3}},"line":8},"3":{"name":"(anonymous_3)","decl":{"start":{"line":10,"column":11},"end":{"line":10,"column":12}},"loc":{"start":{"line":10,"column":22},"end":{"line":10,"column":55}},"line":10}},"branchMap":{},"s":{"0":0,"1":0,"2":0,"3":0,"4":0,"5":0,"6":0,"7":0,"8":0},"f":{"0":0,"1":0,"2":0,"3":0},"b":{},"hash":"0f09529ce332eeb59f4af47e9ace1427cc0d8313"}
,"/Users/daniellewis/code/react-combobox/src/hooks/use_selected_index.js": {"path":"/Users/daniellewis/code/react-combobox/src/hooks/use_selected_index.js","statementMap":{"0":{"start":{"line":5,"column":2},"end":{"line":8,"column":4}},"1":{"start":{"line":6,"column":10},"end":{"line":6,"column":65}}},"fnMap":{"0":{"name":"useSelectedIndex","decl":{"start":{"line":4,"column":16},"end":{"line":4,"column":32}},"loc":{"start":{"line":4,"column":71},"end":{"line":9,"column":1}},"line":4},"1":{"name":"(anonymous_1)","decl":{"start":{"line":6,"column":4},"end":{"line":6,"column":5}},"loc":{"start":{"line":6,"column":10},"end":{"line":6,"column":65}},"line":6}},"branchMap":{},"s":{"0":0,"1":0},"f":{"0":0,"1":0},"b":{},"hash":"b55e9652796c2c0a1afa8ff4c26a0c1a51eeca42"}
,"/Users/daniellewis/code/react-combobox/src/hooks/use_thunk_reducer.js": {"path":"/Users/daniellewis/code/react-combobox/src/hooks/use_thunk_reducer.js","statementMap":{"0":{"start":{"line":5,"column":28},"end":{"line":5,"column":74}},"1":{"start":{"line":6,"column":19},"end":{"line":6,"column":32}},"2":{"start":{"line":7,"column":19},"end":{"line":7,"column":32}},"3":{"start":{"line":8,"column":2},"end":{"line":8,"column":27}},"4":{"start":{"line":9,"column":2},"end":{"line":9,"column":27}},"5":{"start":{"line":10,"column":24},"end":{"line":13,"column":3}},"6":{"start":{"line":11,"column":15},"end":{"line":11,"column":128}},"7":{"start":{"line":11,"column":70},"end":{"line":11,"column":86}},"8":{"start":{"line":11,"column":94},"end":{"line":11,"column":110}},"9":{"start":{"line":15,"column":2},"end":{"line":15,"column":32}}},"fnMap":{"0":{"name":"useThunkReducer","decl":{"start":{"line":4,"column":16},"end":{"line":4,"column":31}},"loc":{"start":{"line":4,"column":68},"end":{"line":16,"column":1}},"line":4},"1":{"name":"(anonymous_1)","decl":{"start":{"line":11,"column":4},"end":{"line":11,"column":5}},"loc":{"start":{"line":11,"column":15},"end":{"line":11,"column":128}},"line":11},"2":{"name":"(anonymous_2)","decl":{"start":{"line":11,"column":64},"end":{"line":11,"column":65}},"loc":{"start":{"line":11,"column":70},"end":{"line":11,"column":86}},"line":11},"3":{"name":"(anonymous_3)","decl":{"start":{"line":11,"column":88},"end":{"line":11,"column":89}},"loc":{"start":{"line":11,"column":94},"end":{"line":11,"column":110}},"line":11}},"branchMap":{"0":{"loc":{"start":{"line":11,"column":15},"end":{"line":11,"column":128}},"type":"cond-expr","locations":[{"start":{"line":11,"column":44},"end":{"line":11,"column":111}},{"start":{"line":11,"column":114},"end":{"line":11,"column":128}}],"line":11}},"s":{"0":0,"1":0,"2":0,"3":0,"4":0,"5":0,"6":0,"7":0,"8":0,"9":0},"f":{"0":0,"1":0,"2":0,"3":0},"b":{"0":[0,0]},"hash":"0a8af2bdce6ec94431025cfbfeb1d491ea523625"}
,"/Users/daniellewis/code/react-combobox/src/validators/array_members.js": {"path":"/Users/daniellewis/code/react-combobox/src/validators/array_members.js","statementMap":{"0":{"start":{"line":2,"column":2},"end":{"line":10,"column":4}},"1":{"start":{"line":3,"column":4},"end":{"line":8,"column":5}},"2":{"start":{"line":4,"column":20},"end":{"line":4,"column":57}},"3":{"start":{"line":5,"column":6},"end":{"line":7,"column":7}},"4":{"start":{"line":6,"column":8},"end":{"line":6,"column":40}},"5":{"start":{"line":9,"column":4},"end":{"line":9,"column":16}}},"fnMap":{"0":{"name":"arrayMembers","decl":{"start":{"line":1,"column":16},"end":{"line":1,"column":28}},"loc":{"start":{"line":1,"column":38},"end":{"line":11,"column":1}},"line":1},"1":{"name":"(anonymous_1)","decl":{"start":{"line":2,"column":9},"end":{"line":2,"column":10}},"loc":{"start":{"line":2,"column":38},"end":{"line":10,"column":3}},"line":2}},"branchMap":{"0":{"loc":{"start":{"line":3,"column":4},"end":{"line":8,"column":5}},"type":"if","locations":[{"start":{"line":3,"column":4},"end":{"line":8,"column":5}},{"start":{"line":3,"column":4},"end":{"line":8,"column":5}}],"line":3},"1":{"loc":{"start":{"line":5,"column":6},"end":{"line":7,"column":7}},"type":"if","locations":[{"start":{"line":5,"column":6},"end":{"line":7,"column":7}},{"start":{"line":5,"column":6},"end":{"line":7,"column":7}}],"line":5}},"s":{"0":0,"1":0,"2":0,"3":0,"4":0,"5":0},"f":{"0":0,"1":0},"b":{"0":[0,0],"1":[0,0]},"hash":"9b91a7e5e248fa0b7637df103c42e225b45a43a2"}
,"/Users/daniellewis/code/react-combobox/src/validators/component_customiser.js": {"path":"/Users/daniellewis/code/react-combobox/src/validators/component_customiser.js","statementMap":{"0":{"start":{"line":4,"column":35},"end":{"line":12,"column":2}}},"fnMap":{},"branchMap":{},"s":{"0":0},"f":{},"b":{},"hash":"947b9794da908c1ffe29b017519216646b0f5df2"}
,"/Users/daniellewis/code/react-combobox/src/validators/options.js": {"path":"/Users/daniellewis/code/react-combobox/src/validators/options.js","statementMap":{"0":{"start":{"line":4,"column":23},"end":{"line":29,"column":3}}},"fnMap":{},"branchMap":{},"s":{"0":0},"f":{},"b":{},"hash":"cf29471da0e01a14b8d6db5e0931104cb964ff76"}
}
