{"/Users/Zen/Documents/Code/react-listboxes/src/context.js": {"path":"/Users/Zen/Documents/Code/react-listboxes/src/context.js","statementMap":{"0":{"start":{"line":3,"column":23},"end":{"line":3,"column":38}}},"fnMap":{},"branchMap":{},"s":{"0":1},"f":{},"b":{},"_coverageSchema":"43e27e138ebf9cfc5966b082cf9a028302ed4184","hash":"34e760ab5d89a8f281d4ebad3e64df22b41cd6a5"}
,"/Users/Zen/Documents/Code/react-listboxes/src/components/combo_box.jsx": {"path":"/Users/Zen/Documents/Code/react-listboxes/src/components/combo_box.jsx","statementMap":{"0":{"start":{"line":18,"column":26},"end":{"line":18,"column":56}},"1":{"start":{"line":34,"column":6},"end":{"line":34,"column":21}},"2":{"start":{"line":36,"column":19},"end":{"line":36,"column":27}},"3":{"start":{"line":37,"column":19},"end":{"line":37,"column":27}},"4":{"start":{"line":38,"column":18},"end":{"line":38,"column":26}},"5":{"start":{"line":39,"column":21},"end":{"line":39,"column":29}},"6":{"start":{"line":41,"column":28},"end":{"line":45,"column":3}},"7":{"start":{"line":47,"column":85},"end":{"line":47,"column":90}},"8":{"start":{"line":48,"column":36},"end":{"line":48,"column":81}},"9":{"start":{"line":48,"column":52},"end":{"line":48,"column":70}},"10":{"start":{"line":50,"column":22},"end":{"line":50,"column":42}},"11":{"start":{"line":51,"column":2},"end":{"line":55,"column":29}},"12":{"start":{"line":52,"column":4},"end":{"line":54,"column":5}},"13":{"start":{"line":53,"column":6},"end":{"line":53,"column":46}},"14":{"start":{"line":57,"column":2},"end":{"line":63,"column":68}},"15":{"start":{"line":58,"column":4},"end":{"line":62,"column":5}},"16":{"start":{"line":59,"column":6},"end":{"line":59,"column":33}},"17":{"start":{"line":60,"column":11},"end":{"line":62,"column":5}},"18":{"start":{"line":61,"column":6},"end":{"line":61,"column":31}},"19":{"start":{"line":65,"column":2},"end":{"line":76,"column":55}},"20":{"start":{"line":66,"column":4},"end":{"line":75,"column":5}},"21":{"start":{"line":67,"column":24},"end":{"line":71,"column":8}},"22":{"start":{"line":72,"column":6},"end":{"line":74,"column":7}},"23":{"start":{"line":73,"column":8},"end":{"line":73,"column":42}},"24":{"start":{"line":78,"column":2},"end":{"line":82,"column":32}},"25":{"start":{"line":79,"column":4},"end":{"line":81,"column":5}},"26":{"start":{"line":80,"column":6},"end":{"line":80,"column":47}},"27":{"start":{"line":84,"column":18},"end":{"line":84,"column":46}},"28":{"start":{"line":85,"column":22},"end":{"line":86,"column":84}},"29":{"start":{"line":87,"column":23},"end":{"line":87,"column":68}},"30":{"start":{"line":88,"column":19},"end":{"line":88,"column":52}},"31":{"start":{"line":89,"column":21},"end":{"line":89,"column":51}},"32":{"start":{"line":91,"column":2},"end":{"line":221,"column":4}},"33":{"start":{"line":112,"column":28},"end":{"line":112,"column":50}},"34":{"start":{"line":113,"column":27},"end":{"line":113,"column":48}},"35":{"start":{"line":114,"column":26},"end":{"line":114,"column":46}},"36":{"start":{"line":123,"column":30},"end":{"line":123,"column":48}},"37":{"start":{"line":125,"column":12},"end":{"line":127,"column":13}},"38":{"start":{"line":126,"column":14},"end":{"line":126,"column":21}},"39":{"start":{"line":128,"column":12},"end":{"line":128,"column":37}},"40":{"start":{"line":129,"column":12},"end":{"line":129,"column":42}},"41":{"start":{"line":145,"column":28},"end":{"line":145,"column":50}},"42":{"start":{"line":146,"column":30},"end":{"line":146,"column":48}},"43":{"start":{"line":154,"column":75},"end":{"line":154,"column":80}},"44":{"start":{"line":155,"column":14},"end":{"line":176,"column":16}},"45":{"start":{"line":180,"column":60},"end":{"line":180,"column":66}},"46":{"start":{"line":181,"column":14},"end":{"line":205,"column":16}},"47":{"start":{"line":196,"column":53},"end":{"line":196,"column":84}},"48":{"start":{"line":224,"column":0},"end":{"line":256,"column":2}},"49":{"start":{"line":258,"column":0},"end":{"line":284,"column":2}}},"fnMap":{"0":{"name":"ComboBox","decl":{"start":{"line":17,"column":16},"end":{"line":17,"column":24}},"loc":{"start":{"line":17,"column":35},"end":{"line":222,"column":1}},"line":17},"1":{"name":"(anonymous_1)","decl":{"start":{"line":48,"column":46},"end":{"line":48,"column":47}},"loc":{"start":{"line":48,"column":52},"end":{"line":48,"column":70}},"line":48},"2":{"name":"(anonymous_2)","decl":{"start":{"line":51,"column":18},"end":{"line":51,"column":19}},"loc":{"start":{"line":51,"column":24},"end":{"line":55,"column":3}},"line":51},"3":{"name":"(anonymous_3)","decl":{"start":{"line":57,"column":18},"end":{"line":57,"column":19}},"loc":{"start":{"line":57,"column":24},"end":{"line":63,"column":3}},"line":57},"4":{"name":"(anonymous_4)","decl":{"start":{"line":65,"column":18},"end":{"line":65,"column":19}},"loc":{"start":{"line":65,"column":24},"end":{"line":76,"column":3}},"line":65},"5":{"name":"(anonymous_5)","decl":{"start":{"line":78,"column":12},"end":{"line":78,"column":13}},"loc":{"start":{"line":78,"column":18},"end":{"line":82,"column":3}},"line":78},"6":{"name":"(anonymous_6)","decl":{"start":{"line":112,"column":21},"end":{"line":112,"column":22}},"loc":{"start":{"line":112,"column":28},"end":{"line":112,"column":50}},"line":112},"7":{"name":"(anonymous_7)","decl":{"start":{"line":113,"column":20},"end":{"line":113,"column":21}},"loc":{"start":{"line":113,"column":27},"end":{"line":113,"column":48}},"line":113},"8":{"name":"(anonymous_8)","decl":{"start":{"line":114,"column":19},"end":{"line":114,"column":20}},"loc":{"start":{"line":114,"column":26},"end":{"line":114,"column":46}},"line":114},"9":{"name":"(anonymous_9)","decl":{"start":{"line":123,"column":23},"end":{"line":123,"column":24}},"loc":{"start":{"line":123,"column":30},"end":{"line":123,"column":48}},"line":123},"10":{"name":"(anonymous_10)","decl":{"start":{"line":124,"column":19},"end":{"line":124,"column":20}},"loc":{"start":{"line":124,"column":26},"end":{"line":130,"column":11}},"line":124},"11":{"name":"(anonymous_11)","decl":{"start":{"line":145,"column":21},"end":{"line":145,"column":22}},"loc":{"start":{"line":145,"column":28},"end":{"line":145,"column":50}},"line":145},"12":{"name":"(anonymous_12)","decl":{"start":{"line":146,"column":23},"end":{"line":146,"column":24}},"loc":{"start":{"line":146,"column":30},"end":{"line":146,"column":48}},"line":146},"13":{"name":"(anonymous_13)","decl":{"start":{"line":153,"column":12},"end":{"line":153,"column":13}},"loc":{"start":{"line":153,"column":31},"end":{"line":177,"column":13}},"line":153},"14":{"name":"(anonymous_14)","decl":{"start":{"line":179,"column":12},"end":{"line":179,"column":13}},"loc":{"start":{"line":179,"column":33},"end":{"line":206,"column":13}},"line":179},"15":{"name":"(anonymous_15)","decl":{"start":{"line":196,"column":47},"end":{"line":196,"column":48}},"loc":{"start":{"line":196,"column":53},"end":{"line":196,"column":84}},"line":196}},"branchMap":{"0":{"loc":{"start":{"line":52,"column":4},"end":{"line":54,"column":5}},"type":"if","locations":[{"start":{"line":52,"column":4},"end":{"line":54,"column":5}},{"start":{"line":52,"column":4},"end":{"line":54,"column":5}}],"line":52},"1":{"loc":{"start":{"line":52,"column":8},"end":{"line":52,"column":46}},"type":"binary-expr","locations":[{"start":{"line":52,"column":8},"end":{"line":52,"column":19}},{"start":{"line":52,"column":23},"end":{"line":52,"column":46}}],"line":52},"2":{"loc":{"start":{"line":58,"column":4},"end":{"line":62,"column":5}},"type":"if","locations":[{"start":{"line":58,"column":4},"end":{"line":62,"column":5}},{"start":{"line":58,"column":4},"end":{"line":62,"column":5}}],"line":58},"3":{"loc":{"start":{"line":58,"column":8},"end":{"line":58,"column":73}},"type":"binary-expr","locations":[{"start":{"line":58,"column":8},"end":{"line":58,"column":16}},{"start":{"line":58,"column":20},"end":{"line":58,"column":41}},{"start":{"line":58,"column":45},"end":{"line":58,"column":57}},{"start":{"line":58,"column":61},"end":{"line":58,"column":73}}],"line":58},"4":{"loc":{"start":{"line":60,"column":11},"end":{"line":62,"column":5}},"type":"if","locations":[{"start":{"line":60,"column":11},"end":{"line":62,"column":5}},{"start":{"line":60,"column":11},"end":{"line":62,"column":5}}],"line":60},"5":{"loc":{"start":{"line":66,"column":4},"end":{"line":75,"column":5}},"type":"if","locations":[{"start":{"line":66,"column":4},"end":{"line":75,"column":5}},{"start":{"line":66,"column":4},"end":{"line":75,"column":5}}],"line":66},"6":{"loc":{"start":{"line":66,"column":8},"end":{"line":66,"column":33}},"type":"binary-expr","locations":[{"start":{"line":66,"column":8},"end":{"line":66,"column":21}},{"start":{"line":66,"column":25},"end":{"line":66,"column":33}}],"line":66},"7":{"loc":{"start":{"line":72,"column":6},"end":{"line":74,"column":7}},"type":"if","locations":[{"start":{"line":72,"column":6},"end":{"line":74,"column":7}},{"start":{"line":72,"column":6},"end":{"line":74,"column":7}}],"line":72},"8":{"loc":{"start":{"line":79,"column":4},"end":{"line":81,"column":5}},"type":"if","locations":[{"start":{"line":79,"column":4},"end":{"line":81,"column":5}},{"start":{"line":79,"column":4},"end":{"line":81,"column":5}}],"line":79},"9":{"loc":{"start":{"line":80,"column":15},"end":{"line":80,"column":45}},"type":"binary-expr","locations":[{"start":{"line":80,"column":16},"end":{"line":80,"column":22}},{"start":{"line":80,"column":26},"end":{"line":80,"column":38}},{"start":{"line":80,"column":43},"end":{"line":80,"column":45}}],"line":80},"10":{"loc":{"start":{"line":85,"column":22},"end":{"line":86,"column":84}},"type":"binary-expr","locations":[{"start":{"line":85,"column":22},"end":{"line":85,"column":30}},{"start":{"line":85,"column":34},"end":{"line":85,"column":48}},{"start":{"line":86,"column":7},"end":{"line":86,"column":84}}],"line":85},"11":{"loc":{"start":{"line":86,"column":9},"end":{"line":86,"column":83}},"type":"binary-expr","locations":[{"start":{"line":86,"column":9},"end":{"line":86,"column":16}},{"start":{"line":86,"column":20},"end":{"line":86,"column":40}},{"start":{"line":86,"column":44},"end":{"line":86,"column":83}}],"line":86},"12":{"loc":{"start":{"line":87,"column":23},"end":{"line":87,"column":68}},"type":"binary-expr","locations":[{"start":{"line":87,"column":23},"end":{"line":87,"column":31}},{"start":{"line":87,"column":35},"end":{"line":87,"column":50}},{"start":{"line":87,"column":54},"end":{"line":87,"column":68}}],"line":87},"13":{"loc":{"start":{"line":88,"column":19},"end":{"line":88,"column":52}},"type":"binary-expr","locations":[{"start":{"line":88,"column":19},"end":{"line":88,"column":23}},{"start":{"line":88,"column":27},"end":{"line":88,"column":52}}],"line":88},"14":{"loc":{"start":{"line":89,"column":21},"end":{"line":89,"column":51}},"type":"binary-expr","locations":[{"start":{"line":89,"column":22},"end":{"line":89,"column":28}},{"start":{"line":89,"column":32},"end":{"line":89,"column":44}},{"start":{"line":89,"column":49},"end":{"line":89,"column":51}}],"line":89},"15":{"loc":{"start":{"line":94,"column":19},"end":{"line":94,"column":46}},"type":"cond-expr","locations":[{"start":{"line":94,"column":30},"end":{"line":94,"column":36}},{"start":{"line":94,"column":39},"end":{"line":94,"column":46}}],"line":94},"16":{"loc":{"start":{"line":106,"column":29},"end":{"line":106,"column":53}},"type":"cond-expr","locations":[{"start":{"line":106,"column":40},"end":{"line":106,"column":46}},{"start":{"line":106,"column":49},"end":{"line":106,"column":53}}],"line":106},"17":{"loc":{"start":{"line":109,"column":25},"end":{"line":109,"column":55}},"type":"cond-expr","locations":[{"start":{"line":109,"column":39},"end":{"line":109,"column":45}},{"start":{"line":109,"column":48},"end":{"line":109,"column":55}}],"line":109},"18":{"loc":{"start":{"line":110,"column":33},"end":{"line":110,"column":81}},"type":"cond-expr","locations":[{"start":{"line":110,"column":48},"end":{"line":110,"column":74}},{"start":{"line":110,"column":77},"end":{"line":110,"column":81}}],"line":110},"19":{"loc":{"start":{"line":115,"column":39},"end":{"line":115,"column":72}},"type":"binary-expr","locations":[{"start":{"line":115,"column":39},"end":{"line":115,"column":51}},{"start":{"line":115,"column":55},"end":{"line":115,"column":72}}],"line":115},"20":{"loc":{"start":{"line":118,"column":38},"end":{"line":118,"column":59}},"type":"binary-expr","locations":[{"start":{"line":118,"column":38},"end":{"line":118,"column":46}},{"start":{"line":118,"column":50},"end":{"line":118,"column":59}}],"line":118},"21":{"loc":{"start":{"line":119,"column":20},"end":{"line":119,"column":57}},"type":"cond-expr","locations":[{"start":{"line":119,"column":51},"end":{"line":119,"column":53}},{"start":{"line":119,"column":56},"end":{"line":119,"column":57}}],"line":119},"22":{"loc":{"start":{"line":119,"column":20},"end":{"line":119,"column":48}},"type":"binary-expr","locations":[{"start":{"line":119,"column":20},"end":{"line":119,"column":32}},{"start":{"line":119,"column":36},"end":{"line":119,"column":48}}],"line":119},"23":{"loc":{"start":{"line":125,"column":12},"end":{"line":127,"column":13}},"type":"if","locations":[{"start":{"line":125,"column":12},"end":{"line":127,"column":13}},{"start":{"line":125,"column":12},"end":{"line":127,"column":13}}],"line":125},"24":{"loc":{"start":{"line":131,"column":18},"end":{"line":131,"column":41}},"type":"binary-expr","locations":[{"start":{"line":131,"column":18},"end":{"line":131,"column":24}},{"start":{"line":131,"column":28},"end":{"line":131,"column":41}}],"line":131},"25":{"loc":{"start":{"line":144,"column":33},"end":{"line":144,"column":66}},"type":"binary-expr","locations":[{"start":{"line":144,"column":33},"end":{"line":144,"column":58}},{"start":{"line":144,"column":62},"end":{"line":144,"column":66}}],"line":144},"26":{"loc":{"start":{"line":162,"column":25},"end":{"line":162,"column":67}},"type":"cond-expr","locations":[{"start":{"line":162,"column":50},"end":{"line":162,"column":60}},{"start":{"line":162,"column":63},"end":{"line":162,"column":67}}],"line":162},"27":{"loc":{"start":{"line":166,"column":35},"end":{"line":166,"column":73}},"type":"cond-expr","locations":[{"start":{"line":166,"column":60},"end":{"line":166,"column":66}},{"start":{"line":166,"column":69},"end":{"line":166,"column":73}}],"line":166},"28":{"loc":{"start":{"line":168,"column":48},"end":{"line":168,"column":83}},"type":"binary-expr","locations":[{"start":{"line":168,"column":48},"end":{"line":168,"column":70}},{"start":{"line":168,"column":74},"end":{"line":168,"column":83}}],"line":168},"29":{"loc":{"start":{"line":168,"column":85},"end":{"line":168,"column":103}},"type":"binary-expr","locations":[{"start":{"line":168,"column":85},"end":{"line":168,"column":90}},{"start":{"line":168,"column":94},"end":{"line":168,"column":103}}],"line":168},"30":{"loc":{"start":{"line":190,"column":35},"end":{"line":190,"column":73}},"type":"cond-expr","locations":[{"start":{"line":190,"column":60},"end":{"line":190,"column":66}},{"start":{"line":190,"column":69},"end":{"line":190,"column":73}}],"line":190},"31":{"loc":{"start":{"line":191,"column":35},"end":{"line":191,"column":59}},"type":"cond-expr","locations":[{"start":{"line":191,"column":46},"end":{"line":191,"column":52}},{"start":{"line":191,"column":55},"end":{"line":191,"column":59}}],"line":191},"32":{"loc":{"start":{"line":192,"column":25},"end":{"line":192,"column":67}},"type":"cond-expr","locations":[{"start":{"line":192,"column":50},"end":{"line":192,"column":60}},{"start":{"line":192,"column":63},"end":{"line":192,"column":67}}],"line":192},"33":{"loc":{"start":{"line":193,"column":49},"end":{"line":193,"column":84}},"type":"binary-expr","locations":[{"start":{"line":193,"column":49},"end":{"line":193,"column":71}},{"start":{"line":193,"column":75},"end":{"line":193,"column":84}}],"line":193},"34":{"loc":{"start":{"line":196,"column":29},"end":{"line":196,"column":84}},"type":"cond-expr","locations":[{"start":{"line":196,"column":40},"end":{"line":196,"column":44}},{"start":{"line":196,"column":47},"end":{"line":196,"column":84}}],"line":196},"35":{"loc":{"start":{"line":217,"column":11},"end":{"line":217,"column":48}},"type":"cond-expr","locations":[{"start":{"line":217,"column":26},"end":{"line":217,"column":41}},{"start":{"line":217,"column":44},"end":{"line":217,"column":48}}],"line":217}},"s":{"0":0,"1":0,"2":0,"3":0,"4":0,"5":0,"6":0,"7":0,"8":0,"9":0,"10":0,"11":0,"12":0,"13":0,"14":0,"15":0,"16":0,"17":0,"18":0,"19":0,"20":0,"21":0,"22":0,"23":0,"24":0,"25":0,"26":0,"27":0,"28":0,"29":0,"30":0,"31":0,"32":0,"33":0,"34":0,"35":0,"36":0,"37":0,"38":0,"39":0,"40":0,"41":0,"42":0,"43":0,"44":0,"45":0,"46":0,"47":0,"48":0,"49":0},"f":{"0":0,"1":0,"2":0,"3":0,"4":0,"5":0,"6":0,"7":0,"8":0,"9":0,"10":0,"11":0,"12":0,"13":0,"14":0,"15":0},"b":{"0":[0,0],"1":[0,0],"2":[0,0],"3":[0,0,0,0],"4":[0,0],"5":[0,0],"6":[0,0],"7":[0,0],"8":[0,0],"9":[0,0,0],"10":[0,0,0],"11":[0,0,0],"12":[0,0,0],"13":[0,0],"14":[0,0,0],"15":[0,0],"16":[0,0],"17":[0,0],"18":[0,0],"19":[0,0],"20":[0,0],"21":[0,0],"22":[0,0],"23":[0,0],"24":[0,0],"25":[0,0],"26":[0,0],"27":[0,0],"28":[0,0],"29":[0,0],"30":[0,0],"31":[0,0],"32":[0,0],"33":[0,0],"34":[0,0],"35":[0,0]},"hash":"08835519cdca92297dbdecd7679465f327928a1e"}
,"/Users/Zen/Documents/Code/react-listboxes/src/components/combo_box_button.jsx": {"path":"/Users/Zen/Documents/Code/react-listboxes/src/components/combo_box_button.jsx","statementMap":{"0":{"start":{"line":4,"column":34},"end":{"line":4,"column":49}},"1":{"start":{"line":5,"column":19},"end":{"line":5,"column":27}},"2":{"start":{"line":6,"column":20},"end":{"line":6,"column":28}},"3":{"start":{"line":7,"column":22},"end":{"line":7,"column":30}},"4":{"start":{"line":9,"column":18},"end":{"line":11,"column":3}},"5":{"start":{"line":10,"column":4},"end":{"line":10,"column":27}},"6":{"start":{"line":13,"column":19},"end":{"line":19,"column":3}},"7":{"start":{"line":14,"column":4},"end":{"line":14,"column":28}},"8":{"start":{"line":15,"column":4},"end":{"line":15,"column":23}},"9":{"start":{"line":16,"column":4},"end":{"line":18,"column":5}},"10":{"start":{"line":17,"column":6},"end":{"line":17,"column":32}},"11":{"start":{"line":21,"column":2},"end":{"line":25,"column":17}},"12":{"start":{"line":22,"column":4},"end":{"line":24,"column":5}},"13":{"start":{"line":23,"column":6},"end":{"line":23,"column":26}},"14":{"start":{"line":27,"column":2},"end":{"line":46,"column":4}}},"fnMap":{"0":{"name":"ComboBoxButton","decl":{"start":{"line":3,"column":16},"end":{"line":3,"column":30}},"loc":{"start":{"line":3,"column":33},"end":{"line":47,"column":1}},"line":3},"1":{"name":"(anonymous_1)","decl":{"start":{"line":9,"column":18},"end":{"line":9,"column":19}},"loc":{"start":{"line":9,"column":24},"end":{"line":11,"column":3}},"line":9},"2":{"name":"(anonymous_2)","decl":{"start":{"line":13,"column":19},"end":{"line":13,"column":20}},"loc":{"start":{"line":13,"column":30},"end":{"line":19,"column":3}},"line":13},"3":{"name":"(anonymous_3)","decl":{"start":{"line":21,"column":18},"end":{"line":21,"column":19}},"loc":{"start":{"line":21,"column":24},"end":{"line":25,"column":3}},"line":21}},"branchMap":{"0":{"loc":{"start":{"line":16,"column":4},"end":{"line":18,"column":5}},"type":"if","locations":[{"start":{"line":16,"column":4},"end":{"line":18,"column":5}},{"start":{"line":16,"column":4},"end":{"line":18,"column":5}}],"line":16},"1":{"loc":{"start":{"line":22,"column":4},"end":{"line":24,"column":5}},"type":"if","locations":[{"start":{"line":22,"column":4},"end":{"line":24,"column":5}},{"start":{"line":22,"column":4},"end":{"line":24,"column":5}}],"line":22},"2":{"loc":{"start":{"line":37,"column":23},"end":{"line":37,"column":50}},"type":"cond-expr","locations":[{"start":{"line":37,"column":34},"end":{"line":37,"column":40}},{"start":{"line":37,"column":43},"end":{"line":37,"column":50}}],"line":37}},"s":{"0":0,"1":0,"2":0,"3":0,"4":0,"5":0,"6":0,"7":0,"8":0,"9":0,"10":0,"11":0,"12":0,"13":0,"14":0},"f":{"0":0,"1":0,"2":0,"3":0},"b":{"0":[0,0],"1":[0,0],"2":[0,0]},"hash":"83589ecc36aa06b8166bda9f210458080bc90f2a"}
,"/Users/Zen/Documents/Code/react-listboxes/src/components/drop_down.jsx": {"path":"/Users/Zen/Documents/Code/react-listboxes/src/components/drop_down.jsx","statementMap":{"0":{"start":{"line":21,"column":26},"end":{"line":21,"column":85}},"1":{"start":{"line":32,"column":6},"end":{"line":32,"column":21}},"2":{"start":{"line":33,"column":22},"end":{"line":33,"column":30}},"3":{"start":{"line":34,"column":18},"end":{"line":34,"column":26}},"4":{"start":{"line":35,"column":21},"end":{"line":35,"column":29}},"5":{"start":{"line":37,"column":28},"end":{"line":41,"column":3}},"6":{"start":{"line":42,"column":71},"end":{"line":42,"column":76}},"7":{"start":{"line":43,"column":36},"end":{"line":43,"column":80}},"8":{"start":{"line":43,"column":52},"end":{"line":43,"column":70}},"9":{"start":{"line":45,"column":22},"end":{"line":45,"column":42}},"10":{"start":{"line":46,"column":2},"end":{"line":50,"column":29}},"11":{"start":{"line":47,"column":4},"end":{"line":49,"column":5}},"12":{"start":{"line":48,"column":6},"end":{"line":48,"column":46}},"13":{"start":{"line":52,"column":2},"end":{"line":67,"column":34}},"14":{"start":{"line":53,"column":4},"end":{"line":55,"column":5}},"15":{"start":{"line":54,"column":6},"end":{"line":54,"column":23}},"16":{"start":{"line":56,"column":18},"end":{"line":56,"column":84}},"17":{"start":{"line":56,"column":43},"end":{"line":56,"column":83}},"18":{"start":{"line":57,"column":4},"end":{"line":63,"column":5}},"19":{"start":{"line":58,"column":6},"end":{"line":62,"column":7}},"20":{"start":{"line":59,"column":8},"end":{"line":59,"column":41}},"21":{"start":{"line":61,"column":8},"end":{"line":61,"column":48}},"22":{"start":{"line":64,"column":20},"end":{"line":64,"column":67}},"23":{"start":{"line":64,"column":37},"end":{"line":64,"column":60}},"24":{"start":{"line":66,"column":4},"end":{"line":66,"column":39}},"25":{"start":{"line":66,"column":17},"end":{"line":66,"column":38}},"26":{"start":{"line":69,"column":2},"end":{"line":75,"column":54}},"27":{"start":{"line":70,"column":4},"end":{"line":74,"column":5}},"28":{"start":{"line":71,"column":6},"end":{"line":71,"column":33}},"29":{"start":{"line":72,"column":11},"end":{"line":74,"column":5}},"30":{"start":{"line":73,"column":6},"end":{"line":73,"column":30}},"31":{"start":{"line":77,"column":2},"end":{"line":88,"column":55}},"32":{"start":{"line":78,"column":4},"end":{"line":87,"column":5}},"33":{"start":{"line":79,"column":24},"end":{"line":83,"column":8}},"34":{"start":{"line":84,"column":6},"end":{"line":86,"column":7}},"35":{"start":{"line":85,"column":8},"end":{"line":85,"column":42}},"36":{"start":{"line":90,"column":18},"end":{"line":90,"column":46}},"37":{"start":{"line":92,"column":2},"end":{"line":189,"column":4}},"38":{"start":{"line":107,"column":26},"end":{"line":107,"column":51}},"39":{"start":{"line":108,"column":28},"end":{"line":108,"column":56}},"40":{"start":{"line":121,"column":12},"end":{"line":121,"column":27}},"41":{"start":{"line":122,"column":12},"end":{"line":122,"column":33}},"42":{"start":{"line":125,"column":28},"end":{"line":125,"column":50}},"43":{"start":{"line":133,"column":75},"end":{"line":133,"column":80}},"44":{"start":{"line":134,"column":14},"end":{"line":154,"column":16}},"45":{"start":{"line":158,"column":67},"end":{"line":158,"column":73}},"46":{"start":{"line":159,"column":14},"end":{"line":183,"column":16}},"47":{"start":{"line":174,"column":54},"end":{"line":174,"column":82}},"48":{"start":{"line":192,"column":0},"end":{"line":214,"column":2}},"49":{"start":{"line":216,"column":0},"end":{"line":236,"column":2}}},"fnMap":{"0":{"name":"DropDown","decl":{"start":{"line":20,"column":16},"end":{"line":20,"column":24}},"loc":{"start":{"line":20,"column":35},"end":{"line":190,"column":1}},"line":20},"1":{"name":"(anonymous_1)","decl":{"start":{"line":43,"column":46},"end":{"line":43,"column":47}},"loc":{"start":{"line":43,"column":52},"end":{"line":43,"column":70}},"line":43},"2":{"name":"(anonymous_2)","decl":{"start":{"line":46,"column":18},"end":{"line":46,"column":19}},"loc":{"start":{"line":46,"column":24},"end":{"line":50,"column":3}},"line":46},"3":{"name":"(anonymous_3)","decl":{"start":{"line":52,"column":12},"end":{"line":52,"column":13}},"loc":{"start":{"line":52,"column":18},"end":{"line":67,"column":3}},"line":52},"4":{"name":"(anonymous_4)","decl":{"start":{"line":56,"column":36},"end":{"line":56,"column":37}},"loc":{"start":{"line":56,"column":43},"end":{"line":56,"column":83}},"line":56},"5":{"name":"(anonymous_5)","decl":{"start":{"line":64,"column":31},"end":{"line":64,"column":32}},"loc":{"start":{"line":64,"column":37},"end":{"line":64,"column":60}},"line":64},"6":{"name":"(anonymous_6)","decl":{"start":{"line":66,"column":11},"end":{"line":66,"column":12}},"loc":{"start":{"line":66,"column":17},"end":{"line":66,"column":38}},"line":66},"7":{"name":"(anonymous_7)","decl":{"start":{"line":69,"column":18},"end":{"line":69,"column":19}},"loc":{"start":{"line":69,"column":24},"end":{"line":75,"column":3}},"line":69},"8":{"name":"(anonymous_8)","decl":{"start":{"line":77,"column":18},"end":{"line":77,"column":19}},"loc":{"start":{"line":77,"column":24},"end":{"line":88,"column":3}},"line":77},"9":{"name":"(anonymous_9)","decl":{"start":{"line":107,"column":19},"end":{"line":107,"column":20}},"loc":{"start":{"line":107,"column":26},"end":{"line":107,"column":51}},"line":107},"10":{"name":"(anonymous_10)","decl":{"start":{"line":108,"column":21},"end":{"line":108,"column":22}},"loc":{"start":{"line":108,"column":28},"end":{"line":108,"column":56}},"line":108},"11":{"name":"(anonymous_11)","decl":{"start":{"line":120,"column":19},"end":{"line":120,"column":20}},"loc":{"start":{"line":120,"column":26},"end":{"line":123,"column":11}},"line":120},"12":{"name":"(anonymous_12)","decl":{"start":{"line":125,"column":21},"end":{"line":125,"column":22}},"loc":{"start":{"line":125,"column":28},"end":{"line":125,"column":50}},"line":125},"13":{"name":"(anonymous_13)","decl":{"start":{"line":132,"column":12},"end":{"line":132,"column":13}},"loc":{"start":{"line":132,"column":31},"end":{"line":155,"column":13}},"line":132},"14":{"name":"(anonymous_14)","decl":{"start":{"line":157,"column":12},"end":{"line":157,"column":13}},"loc":{"start":{"line":157,"column":33},"end":{"line":184,"column":13}},"line":157},"15":{"name":"(anonymous_15)","decl":{"start":{"line":174,"column":47},"end":{"line":174,"column":48}},"loc":{"start":{"line":174,"column":54},"end":{"line":174,"column":82}},"line":174},"16":{"name":"(anonymous_16)","decl":{"start":{"line":223,"column":11},"end":{"line":223,"column":12}},"loc":{"start":{"line":223,"column":17},"end":{"line":223,"column":19}},"line":223}},"branchMap":{"0":{"loc":{"start":{"line":47,"column":4},"end":{"line":49,"column":5}},"type":"if","locations":[{"start":{"line":47,"column":4},"end":{"line":49,"column":5}},{"start":{"line":47,"column":4},"end":{"line":49,"column":5}}],"line":47},"1":{"loc":{"start":{"line":47,"column":8},"end":{"line":47,"column":46}},"type":"binary-expr","locations":[{"start":{"line":47,"column":8},"end":{"line":47,"column":19}},{"start":{"line":47,"column":23},"end":{"line":47,"column":46}}],"line":47},"2":{"loc":{"start":{"line":53,"column":4},"end":{"line":55,"column":5}},"type":"if","locations":[{"start":{"line":53,"column":4},"end":{"line":55,"column":5}},{"start":{"line":53,"column":4},"end":{"line":55,"column":5}}],"line":53},"3":{"loc":{"start":{"line":57,"column":4},"end":{"line":63,"column":5}},"type":"if","locations":[{"start":{"line":57,"column":4},"end":{"line":63,"column":5}},{"start":{"line":57,"column":4},"end":{"line":63,"column":5}}],"line":57},"4":{"loc":{"start":{"line":58,"column":6},"end":{"line":62,"column":7}},"type":"if","locations":[{"start":{"line":58,"column":6},"end":{"line":62,"column":7}},{"start":{"line":58,"column":6},"end":{"line":62,"column":7}}],"line":58},"5":{"loc":{"start":{"line":70,"column":4},"end":{"line":74,"column":5}},"type":"if","locations":[{"start":{"line":70,"column":4},"end":{"line":74,"column":5}},{"start":{"line":70,"column":4},"end":{"line":74,"column":5}}],"line":70},"6":{"loc":{"start":{"line":70,"column":8},"end":{"line":70,"column":57}},"type":"binary-expr","locations":[{"start":{"line":70,"column":8},"end":{"line":70,"column":16}},{"start":{"line":70,"column":20},"end":{"line":70,"column":41}},{"start":{"line":70,"column":45},"end":{"line":70,"column":57}}],"line":70},"7":{"loc":{"start":{"line":72,"column":11},"end":{"line":74,"column":5}},"type":"if","locations":[{"start":{"line":72,"column":11},"end":{"line":74,"column":5}},{"start":{"line":72,"column":11},"end":{"line":74,"column":5}}],"line":72},"8":{"loc":{"start":{"line":78,"column":4},"end":{"line":87,"column":5}},"type":"if","locations":[{"start":{"line":78,"column":4},"end":{"line":87,"column":5}},{"start":{"line":78,"column":4},"end":{"line":87,"column":5}}],"line":78},"9":{"loc":{"start":{"line":78,"column":8},"end":{"line":78,"column":33}},"type":"binary-expr","locations":[{"start":{"line":78,"column":8},"end":{"line":78,"column":21}},{"start":{"line":78,"column":25},"end":{"line":78,"column":33}}],"line":78},"10":{"loc":{"start":{"line":84,"column":6},"end":{"line":86,"column":7}},"type":"if","locations":[{"start":{"line":84,"column":6},"end":{"line":86,"column":7}},{"start":{"line":84,"column":6},"end":{"line":86,"column":7}}],"line":84},"11":{"loc":{"start":{"line":95,"column":13},"end":{"line":95,"column":71}},"type":"cond-expr","locations":[{"start":{"line":95,"column":46},"end":{"line":95,"column":55}},{"start":{"line":95,"column":58},"end":{"line":95,"column":71}}],"line":95},"12":{"loc":{"start":{"line":103,"column":25},"end":{"line":103,"column":49}},"type":"cond-expr","locations":[{"start":{"line":103,"column":36},"end":{"line":103,"column":42}},{"start":{"line":103,"column":45},"end":{"line":103,"column":49}}],"line":103},"13":{"loc":{"start":{"line":104,"column":33},"end":{"line":104,"column":67}},"type":"binary-expr","locations":[{"start":{"line":104,"column":33},"end":{"line":104,"column":59}},{"start":{"line":104,"column":63},"end":{"line":104,"column":67}}],"line":104},"14":{"loc":{"start":{"line":112,"column":11},"end":{"line":112,"column":62}},"type":"binary-expr","locations":[{"start":{"line":112,"column":12},"end":{"line":112,"column":20}},{"start":{"line":112,"column":24},"end":{"line":112,"column":53}},{"start":{"line":112,"column":58},"end":{"line":112,"column":62}}],"line":112},"15":{"loc":{"start":{"line":141,"column":25},"end":{"line":141,"column":67}},"type":"cond-expr","locations":[{"start":{"line":141,"column":50},"end":{"line":141,"column":60}},{"start":{"line":141,"column":63},"end":{"line":141,"column":67}}],"line":141},"16":{"loc":{"start":{"line":144,"column":35},"end":{"line":144,"column":73}},"type":"cond-expr","locations":[{"start":{"line":144,"column":60},"end":{"line":144,"column":66}},{"start":{"line":144,"column":69},"end":{"line":144,"column":73}}],"line":144},"17":{"loc":{"start":{"line":146,"column":48},"end":{"line":146,"column":83}},"type":"binary-expr","locations":[{"start":{"line":146,"column":48},"end":{"line":146,"column":70}},{"start":{"line":146,"column":74},"end":{"line":146,"column":83}}],"line":146},"18":{"loc":{"start":{"line":168,"column":35},"end":{"line":168,"column":73}},"type":"cond-expr","locations":[{"start":{"line":168,"column":60},"end":{"line":168,"column":66}},{"start":{"line":168,"column":69},"end":{"line":168,"column":73}}],"line":168},"19":{"loc":{"start":{"line":169,"column":35},"end":{"line":169,"column":59}},"type":"cond-expr","locations":[{"start":{"line":169,"column":46},"end":{"line":169,"column":52}},{"start":{"line":169,"column":55},"end":{"line":169,"column":59}}],"line":169},"20":{"loc":{"start":{"line":170,"column":25},"end":{"line":170,"column":67}},"type":"cond-expr","locations":[{"start":{"line":170,"column":50},"end":{"line":170,"column":60}},{"start":{"line":170,"column":63},"end":{"line":170,"column":67}}],"line":170},"21":{"loc":{"start":{"line":171,"column":49},"end":{"line":171,"column":84}},"type":"binary-expr","locations":[{"start":{"line":171,"column":49},"end":{"line":171,"column":71}},{"start":{"line":171,"column":75},"end":{"line":171,"column":84}}],"line":171},"22":{"loc":{"start":{"line":171,"column":86},"end":{"line":171,"column":104}},"type":"binary-expr","locations":[{"start":{"line":171,"column":86},"end":{"line":171,"column":91}},{"start":{"line":171,"column":95},"end":{"line":171,"column":104}}],"line":171},"23":{"loc":{"start":{"line":174,"column":29},"end":{"line":174,"column":82}},"type":"cond-expr","locations":[{"start":{"line":174,"column":40},"end":{"line":174,"column":44}},{"start":{"line":174,"column":47},"end":{"line":174,"column":82}}],"line":174}},"s":{"0":615,"1":615,"2":615,"3":615,"4":615,"5":615,"6":615,"7":615,"8":77,"9":615,"10":615,"11":315,"12":25,"13":615,"14":353,"15":336,"16":17,"17":36,"18":17,"19":14,"20":9,"21":5,"22":17,"23":2,"24":17,"25":17,"26":615,"27":396,"28":186,"29":210,"30":9,"31":615,"32":396,"33":7,"34":7,"35":1,"36":615,"37":615,"38":117,"39":28,"40":195,"41":195,"42":122,"43":104,"44":104,"45":1800,"46":1800,"47":8,"48":1,"49":1},"f":{"0":615,"1":77,"2":315,"3":353,"4":36,"5":2,"6":17,"7":396,"8":396,"9":117,"10":28,"11":195,"12":122,"13":104,"14":1800,"15":8,"16":0},"b":{"0":[25,290],"1":[315,163],"2":[336,17],"3":[14,3],"4":[9,5],"5":[186,210],"6":[396,195,190],"7":[9,201],"8":[7,389],"9":[396,13],"10":[1,6],"11":[0,615],"12":[401,214],"13":[615,221],"14":[615,614,21],"15":[17,87],"16":[17,87],"17":[104,17],"18":[377,1423],"19":[49,1751],"20":[377,1423],"21":[1800,377],"22":[1800,188],"23":[49,1751]},"_coverageSchema":"43e27e138ebf9cfc5966b082cf9a028302ed4184","hash":"9519d5805248983cce0b8363fbf9f624d3eb36e5"}
,"/Users/Zen/Documents/Code/react-listboxes/src/components/highlight.jsx": {"path":"/Users/Zen/Documents/Code/react-listboxes/src/components/highlight.jsx","statementMap":{"0":{"start":{"line":5,"column":16},"end":{"line":5,"column":90}},"1":{"start":{"line":5,"column":40},"end":{"line":5,"column":88}},"2":{"start":{"line":6,"column":2},"end":{"line":6,"column":55}},"3":{"start":{"line":9,"column":0},"end":{"line":14,"column":2}}},"fnMap":{"0":{"name":"Highlight","decl":{"start":{"line":4,"column":16},"end":{"line":4,"column":25}},"loc":{"start":{"line":4,"column":40},"end":{"line":7,"column":1}},"line":4},"1":{"name":"(anonymous_1)","decl":{"start":{"line":5,"column":29},"end":{"line":5,"column":30}},"loc":{"start":{"line":5,"column":40},"end":{"line":5,"column":88}},"line":5}},"branchMap":{"0":{"loc":{"start":{"line":5,"column":40},"end":{"line":5,"column":88}},"type":"cond-expr","locations":[{"start":{"line":5,"column":62},"end":{"line":5,"column":81}},{"start":{"line":5,"column":84},"end":{"line":5,"column":88}}],"line":5}},"s":{"0":0,"1":0,"2":0,"3":0},"f":{"0":0,"1":0},"b":{"0":[0,0]},"hash":"112fef2b79ceaa4e2efcd233567400acf86768e5"}
,"/Users/Zen/Documents/Code/react-listboxes/src/components/highlight_value.jsx": {"path":"/Users/Zen/Documents/Code/react-listboxes/src/components/highlight_value.jsx","statementMap":{"0":{"start":{"line":7,"column":16},"end":{"line":7,"column":35}},"1":{"start":{"line":8,"column":2},"end":{"line":12,"column":4}},"2":{"start":{"line":15,"column":0},"end":{"line":18,"column":2}}},"fnMap":{"0":{"name":"HighlightValue","decl":{"start":{"line":6,"column":16},"end":{"line":6,"column":30}},"loc":{"start":{"line":6,"column":63},"end":{"line":13,"column":1}},"line":6}},"branchMap":{},"s":{"0":0,"1":0,"2":0},"f":{"0":0},"b":{},"hash":"5d77bbdcf89542c64eded8b021a0c996e426a1cf"}
,"/Users/Zen/Documents/Code/react-listboxes/src/components/select.jsx": {"path":"/Users/Zen/Documents/Code/react-listboxes/src/components/select.jsx","statementMap":{"0":{"start":{"line":13,"column":6},"end":{"line":13,"column":65}},"1":{"start":{"line":15,"column":34},"end":{"line":15,"column":83}},"2":{"start":{"line":16,"column":32},"end":{"line":16,"column":77}},"3":{"start":{"line":17,"column":32},"end":{"line":17,"column":77}},"4":{"start":{"line":19,"column":23},"end":{"line":22,"column":34}},"5":{"start":{"line":20,"column":4},"end":{"line":20,"column":79}},"6":{"start":{"line":20,"column":32},"end":{"line":20,"column":61}},"7":{"start":{"line":21,"column":4},"end":{"line":21,"column":16}},"8":{"start":{"line":24,"column":2},"end":{"line":61,"column":4}},"9":{"start":{"line":34,"column":10},"end":{"line":43,"column":12}},"10":{"start":{"line":47,"column":10},"end":{"line":57,"column":12}},"11":{"start":{"line":64,"column":0},"end":{"line":73,"column":2}},"12":{"start":{"line":75,"column":0},"end":{"line":83,"column":2}}},"fnMap":{"0":{"name":"Select","decl":{"start":{"line":8,"column":16},"end":{"line":8,"column":22}},"loc":{"start":{"line":8,"column":33},"end":{"line":62,"column":1}},"line":8},"1":{"name":"(anonymous_1)","decl":{"start":{"line":19,"column":35},"end":{"line":19,"column":36}},"loc":{"start":{"line":19,"column":42},"end":{"line":22,"column":3}},"line":19},"2":{"name":"(anonymous_2)","decl":{"start":{"line":20,"column":25},"end":{"line":20,"column":26}},"loc":{"start":{"line":20,"column":32},"end":{"line":20,"column":61}},"line":20},"3":{"name":"(anonymous_3)","decl":{"start":{"line":33,"column":8},"end":{"line":33,"column":9}},"loc":{"start":{"line":33,"column":52},"end":{"line":44,"column":9}},"line":33},"4":{"name":"(anonymous_4)","decl":{"start":{"line":46,"column":8},"end":{"line":46,"column":9}},"loc":{"start":{"line":46,"column":63},"end":{"line":58,"column":9}},"line":46},"5":{"name":"(anonymous_5)","decl":{"start":{"line":78,"column":12},"end":{"line":78,"column":13}},"loc":{"start":{"line":78,"column":18},"end":{"line":78,"column":20}},"line":78},"6":{"name":"(anonymous_6)","decl":{"start":{"line":79,"column":11},"end":{"line":79,"column":12}},"loc":{"start":{"line":79,"column":17},"end":{"line":79,"column":19}},"line":79}},"branchMap":{"0":{"loc":{"start":{"line":20,"column":12},"end":{"line":20,"column":77}},"type":"binary-expr","locations":[{"start":{"line":20,"column":12},"end":{"line":20,"column":69}},{"start":{"line":20,"column":73},"end":{"line":20,"column":77}}],"line":20},"1":{"loc":{"start":{"line":26,"column":13},"end":{"line":26,"column":51}},"type":"binary-expr","locations":[{"start":{"line":26,"column":13},"end":{"line":26,"column":45}},{"start":{"line":26,"column":49},"end":{"line":26,"column":51}}],"line":26}},"s":{"0":0,"1":0,"2":0,"3":0,"4":0,"5":0,"6":0,"7":0,"8":0,"9":0,"10":0,"11":0,"12":0},"f":{"0":0,"1":0,"2":0,"3":0,"4":0,"5":0,"6":0},"b":{"0":[0,0],"1":[0,0]},"hash":"41d21957d069fba9193c1ade9dd6dc9d087e074c"}
,"/Users/Zen/Documents/Code/react-listboxes/src/components/combo_box/actions.js": {"path":"/Users/Zen/Documents/Code/react-listboxes/src/components/combo_box/actions.js","statementMap":{"0":{"start":{"line":5,"column":26},"end":{"line":5,"column":38}},"1":{"start":{"line":6,"column":28},"end":{"line":6,"column":42}},"2":{"start":{"line":7,"column":26},"end":{"line":7,"column":38}},"3":{"start":{"line":8,"column":33},"end":{"line":8,"column":52}},"4":{"start":{"line":9,"column":30},"end":{"line":9,"column":46}},"5":{"start":{"line":12,"column":2},"end":{"line":12,"column":78}},"6":{"start":{"line":16,"column":2},"end":{"line":23,"column":4}},"7":{"start":{"line":17,"column":25},"end":{"line":17,"column":35}},"8":{"start":{"line":18,"column":4},"end":{"line":18,"column":35}},"9":{"start":{"line":19,"column":4},"end":{"line":21,"column":5}},"10":{"start":{"line":20,"column":6},"end":{"line":20,"column":13}},"11":{"start":{"line":22,"column":4},"end":{"line":22,"column":47}},"12":{"start":{"line":27,"column":2},"end":{"line":39,"column":4}},"13":{"start":{"line":28,"column":30},"end":{"line":28,"column":40}},"14":{"start":{"line":29,"column":38},"end":{"line":29,"column":43}},"15":{"start":{"line":31,"column":4},"end":{"line":33,"column":5}},"16":{"start":{"line":32,"column":6},"end":{"line":32,"column":13}},"17":{"start":{"line":35,"column":4},"end":{"line":38,"column":5}},"18":{"start":{"line":36,"column":6},"end":{"line":36,"column":29}},"19":{"start":{"line":37,"column":6},"end":{"line":37,"column":73}},"20":{"start":{"line":43,"column":2},"end":{"line":136,"column":4}},"21":{"start":{"line":44,"column":39},"end":{"line":44,"column":49}},"22":{"start":{"line":45,"column":48},"end":{"line":45,"column":58}},"23":{"start":{"line":46,"column":46},"end":{"line":46,"column":51}},"24":{"start":{"line":48,"column":4},"end":{"line":50,"column":5}},"25":{"start":{"line":49,"column":6},"end":{"line":49,"column":13}},"26":{"start":{"line":52,"column":4},"end":{"line":57,"column":5}},"27":{"start":{"line":53,"column":6},"end":{"line":53,"column":29}},"28":{"start":{"line":54,"column":6},"end":{"line":54,"column":37}},"29":{"start":{"line":55,"column":6},"end":{"line":55,"column":31}},"30":{"start":{"line":56,"column":6},"end":{"line":56,"column":13}},"31":{"start":{"line":59,"column":4},"end":{"line":135,"column":5}},"32":{"start":{"line":62,"column":8},"end":{"line":62,"column":31}},"33":{"start":{"line":63,"column":8},"end":{"line":75,"column":9}},"34":{"start":{"line":64,"column":10},"end":{"line":64,"column":60}},"35":{"start":{"line":65,"column":10},"end":{"line":65,"column":35}},"36":{"start":{"line":66,"column":15},"end":{"line":75,"column":9}},"37":{"start":{"line":67,"column":10},"end":{"line":74,"column":11}},"38":{"start":{"line":68,"column":12},"end":{"line":68,"column":92}},"39":{"start":{"line":70,"column":12},"end":{"line":73,"column":15}},"40":{"start":{"line":76,"column":8},"end":{"line":76,"column":14}},"41":{"start":{"line":79,"column":8},"end":{"line":79,"column":31}},"42":{"start":{"line":80,"column":8},"end":{"line":91,"column":9}},"43":{"start":{"line":81,"column":10},"end":{"line":88,"column":11}},"44":{"start":{"line":82,"column":12},"end":{"line":82,"column":67}},"45":{"start":{"line":84,"column":12},"end":{"line":87,"column":15}},"46":{"start":{"line":90,"column":10},"end":{"line":90,"column":59}},"47":{"start":{"line":92,"column":8},"end":{"line":92,"column":14}},"48":{"start":{"line":95,"column":8},"end":{"line":101,"column":9}},"49":{"start":{"line":96,"column":10},"end":{"line":96,"column":33}},"50":{"start":{"line":97,"column":10},"end":{"line":100,"column":13}},"51":{"start":{"line":102,"column":8},"end":{"line":102,"column":14}},"52":{"start":{"line":105,"column":8},"end":{"line":108,"column":9}},"53":{"start":{"line":106,"column":10},"end":{"line":106,"column":33}},"54":{"start":{"line":107,"column":10},"end":{"line":107,"column":90}},"55":{"start":{"line":109,"column":8},"end":{"line":109,"column":14}},"56":{"start":{"line":112,"column":8},"end":{"line":114,"column":9}},"57":{"start":{"line":113,"column":10},"end":{"line":113,"column":16}},"58":{"start":{"line":115,"column":8},"end":{"line":115,"column":31}},"59":{"start":{"line":116,"column":8},"end":{"line":121,"column":9}},"60":{"start":{"line":117,"column":10},"end":{"line":117,"column":57}},"61":{"start":{"line":118,"column":10},"end":{"line":120,"column":11}},"62":{"start":{"line":119,"column":12},"end":{"line":119,"column":37}},"63":{"start":{"line":122,"column":8},"end":{"line":122,"column":14}},"64":{"start":{"line":127,"column":8},"end":{"line":129,"column":9}},"65":{"start":{"line":128,"column":10},"end":{"line":128,"column":35}},"66":{"start":{"line":130,"column":8},"end":{"line":130,"column":14}},"67":{"start":{"line":132,"column":8},"end":{"line":134,"column":9}},"68":{"start":{"line":133,"column":10},"end":{"line":133,"column":35}},"69":{"start":{"line":140,"column":2},"end":{"line":146,"column":4}},"70":{"start":{"line":141,"column":4},"end":{"line":145,"column":5}},"71":{"start":{"line":142,"column":6},"end":{"line":142,"column":72}},"72":{"start":{"line":144,"column":6},"end":{"line":144,"column":52}},"73":{"start":{"line":150,"column":2},"end":{"line":157,"column":4}},"74":{"start":{"line":151,"column":25},"end":{"line":151,"column":35}},"75":{"start":{"line":152,"column":4},"end":{"line":154,"column":5}},"76":{"start":{"line":153,"column":6},"end":{"line":153,"column":13}},"77":{"start":{"line":155,"column":30},"end":{"line":155,"column":40}},"78":{"start":{"line":156,"column":4},"end":{"line":156,"column":82}},"79":{"start":{"line":161,"column":2},"end":{"line":174,"column":4}},"80":{"start":{"line":162,"column":34},"end":{"line":162,"column":44}},"81":{"start":{"line":163,"column":37},"end":{"line":163,"column":47}},"82":{"start":{"line":165,"column":4},"end":{"line":168,"column":5}},"83":{"start":{"line":166,"column":6},"end":{"line":166,"column":53}},"84":{"start":{"line":167,"column":6},"end":{"line":167,"column":13}},"85":{"start":{"line":170,"column":4},"end":{"line":170,"column":35}},"86":{"start":{"line":171,"column":4},"end":{"line":173,"column":5}},"87":{"start":{"line":172,"column":6},"end":{"line":172,"column":21}},"88":{"start":{"line":178,"column":2},"end":{"line":186,"column":4}},"89":{"start":{"line":179,"column":4},"end":{"line":181,"column":5}},"90":{"start":{"line":180,"column":6},"end":{"line":180,"column":13}},"91":{"start":{"line":183,"column":26},"end":{"line":183,"column":36}},"92":{"start":{"line":184,"column":4},"end":{"line":184,"column":35}},"93":{"start":{"line":185,"column":4},"end":{"line":185,"column":30}},"94":{"start":{"line":190,"column":2},"end":{"line":206,"column":4}},"95":{"start":{"line":191,"column":37},"end":{"line":191,"column":47}},"96":{"start":{"line":192,"column":39},"end":{"line":192,"column":49}},"97":{"start":{"line":194,"column":4},"end":{"line":196,"column":5}},"98":{"start":{"line":195,"column":6},"end":{"line":195,"column":73}},"99":{"start":{"line":198,"column":4},"end":{"line":200,"column":5}},"100":{"start":{"line":199,"column":6},"end":{"line":199,"column":13}},"101":{"start":{"line":202,"column":25},"end":{"line":202,"column":50}},"102":{"start":{"line":203,"column":18},"end":{"line":203,"column":67}},"103":{"start":{"line":203,"column":43},"end":{"line":203,"column":66}},"104":{"start":{"line":205,"column":4},"end":{"line":205,"column":85}}},"fnMap":{"0":{"name":"setListProps","decl":{"start":{"line":11,"column":16},"end":{"line":11,"column":28}},"loc":{"start":{"line":11,"column":51},"end":{"line":13,"column":1}},"line":11},"1":{"name":"onSelectValue","decl":{"start":{"line":15,"column":16},"end":{"line":15,"column":29}},"loc":{"start":{"line":15,"column":40},"end":{"line":24,"column":1}},"line":15},"2":{"name":"(anonymous_2)","decl":{"start":{"line":16,"column":9},"end":{"line":16,"column":10}},"loc":{"start":{"line":16,"column":43},"end":{"line":23,"column":3}},"line":16},"3":{"name":"onButtonKeyDown","decl":{"start":{"line":26,"column":16},"end":{"line":26,"column":31}},"loc":{"start":{"line":26,"column":39},"end":{"line":40,"column":1}},"line":26},"4":{"name":"(anonymous_4)","decl":{"start":{"line":27,"column":9},"end":{"line":27,"column":10}},"loc":{"start":{"line":27,"column":43},"end":{"line":39,"column":3}},"line":27},"5":{"name":"onKeyDown","decl":{"start":{"line":42,"column":16},"end":{"line":42,"column":25}},"loc":{"start":{"line":42,"column":33},"end":{"line":137,"column":1}},"line":42},"6":{"name":"(anonymous_6)","decl":{"start":{"line":43,"column":9},"end":{"line":43,"column":10}},"loc":{"start":{"line":43,"column":43},"end":{"line":136,"column":3}},"line":43},"7":{"name":"onChange","decl":{"start":{"line":139,"column":16},"end":{"line":139,"column":24}},"loc":{"start":{"line":139,"column":48},"end":{"line":147,"column":1}},"line":139},"8":{"name":"(anonymous_8)","decl":{"start":{"line":140,"column":9},"end":{"line":140,"column":10}},"loc":{"start":{"line":140,"column":23},"end":{"line":146,"column":3}},"line":140},"9":{"name":"onFocus","decl":{"start":{"line":149,"column":16},"end":{"line":149,"column":23}},"loc":{"start":{"line":149,"column":26},"end":{"line":158,"column":1}},"line":149},"10":{"name":"(anonymous_10)","decl":{"start":{"line":150,"column":9},"end":{"line":150,"column":10}},"loc":{"start":{"line":150,"column":43},"end":{"line":157,"column":3}},"line":150},"11":{"name":"onBlur","decl":{"start":{"line":160,"column":16},"end":{"line":160,"column":22}},"loc":{"start":{"line":160,"column":25},"end":{"line":175,"column":1}},"line":160},"12":{"name":"(anonymous_12)","decl":{"start":{"line":161,"column":9},"end":{"line":161,"column":10}},"loc":{"start":{"line":161,"column":43},"end":{"line":174,"column":3}},"line":161},"13":{"name":"onClick","decl":{"start":{"line":177,"column":16},"end":{"line":177,"column":23}},"loc":{"start":{"line":177,"column":34},"end":{"line":187,"column":1}},"line":177},"14":{"name":"(anonymous_14)","decl":{"start":{"line":178,"column":9},"end":{"line":178,"column":10}},"loc":{"start":{"line":178,"column":43},"end":{"line":186,"column":3}},"line":178},"15":{"name":"onOptionsChanged","decl":{"start":{"line":189,"column":16},"end":{"line":189,"column":32}},"loc":{"start":{"line":189,"column":46},"end":{"line":207,"column":1}},"line":189},"16":{"name":"(anonymous_16)","decl":{"start":{"line":190,"column":9},"end":{"line":190,"column":10}},"loc":{"start":{"line":190,"column":43},"end":{"line":206,"column":3}},"line":190},"17":{"name":"(anonymous_17)","decl":{"start":{"line":203,"column":36},"end":{"line":203,"column":37}},"loc":{"start":{"line":203,"column":43},"end":{"line":203,"column":66}},"line":203}},"branchMap":{"0":{"loc":{"start":{"line":19,"column":4},"end":{"line":21,"column":5}},"type":"if","locations":[{"start":{"line":19,"column":4},"end":{"line":21,"column":5}},{"start":{"line":19,"column":4},"end":{"line":21,"column":5}}],"line":19},"1":{"loc":{"start":{"line":22,"column":13},"end":{"line":22,"column":45}},"type":"cond-expr","locations":[{"start":{"line":22,"column":24},"end":{"line":22,"column":38}},{"start":{"line":22,"column":41},"end":{"line":22,"column":45}}],"line":22},"2":{"loc":{"start":{"line":31,"column":4},"end":{"line":33,"column":5}},"type":"if","locations":[{"start":{"line":31,"column":4},"end":{"line":33,"column":5}},{"start":{"line":31,"column":4},"end":{"line":33,"column":5}}],"line":31},"3":{"loc":{"start":{"line":31,"column":8},"end":{"line":31,"column":26}},"type":"binary-expr","locations":[{"start":{"line":31,"column":8},"end":{"line":31,"column":15}},{"start":{"line":31,"column":19},"end":{"line":31,"column":26}}],"line":31},"4":{"loc":{"start":{"line":35,"column":4},"end":{"line":38,"column":5}},"type":"if","locations":[{"start":{"line":35,"column":4},"end":{"line":38,"column":5}},{"start":{"line":35,"column":4},"end":{"line":38,"column":5}}],"line":35},"5":{"loc":{"start":{"line":35,"column":8},"end":{"line":35,"column":48}},"type":"binary-expr","locations":[{"start":{"line":35,"column":8},"end":{"line":35,"column":25}},{"start":{"line":35,"column":29},"end":{"line":35,"column":48}}],"line":35},"6":{"loc":{"start":{"line":48,"column":4},"end":{"line":50,"column":5}},"type":"if","locations":[{"start":{"line":48,"column":4},"end":{"line":50,"column":5}},{"start":{"line":48,"column":4},"end":{"line":50,"column":5}}],"line":48},"7":{"loc":{"start":{"line":48,"column":8},"end":{"line":48,"column":26}},"type":"binary-expr","locations":[{"start":{"line":48,"column":8},"end":{"line":48,"column":15}},{"start":{"line":48,"column":19},"end":{"line":48,"column":26}}],"line":48},"8":{"loc":{"start":{"line":52,"column":4},"end":{"line":57,"column":5}},"type":"if","locations":[{"start":{"line":52,"column":4},"end":{"line":57,"column":5}},{"start":{"line":52,"column":4},"end":{"line":57,"column":5}}],"line":52},"9":{"loc":{"start":{"line":59,"column":4},"end":{"line":135,"column":5}},"type":"switch","locations":[{"start":{"line":60,"column":6},"end":{"line":76,"column":14}},{"start":{"line":77,"column":6},"end":{"line":92,"column":14}},{"start":{"line":93,"column":6},"end":{"line":102,"column":14}},{"start":{"line":103,"column":6},"end":{"line":109,"column":14}},{"start":{"line":110,"column":6},"end":{"line":122,"column":14}},{"start":{"line":123,"column":6},"end":{"line":123,"column":23}},{"start":{"line":124,"column":6},"end":{"line":124,"column":24}},{"start":{"line":125,"column":6},"end":{"line":125,"column":23}},{"start":{"line":126,"column":6},"end":{"line":130,"column":14}},{"start":{"line":131,"column":6},"end":{"line":134,"column":9}}],"line":59},"10":{"loc":{"start":{"line":63,"column":8},"end":{"line":75,"column":9}},"type":"if","locations":[{"start":{"line":63,"column":8},"end":{"line":75,"column":9}},{"start":{"line":63,"column":8},"end":{"line":75,"column":9}}],"line":63},"11":{"loc":{"start":{"line":66,"column":15},"end":{"line":75,"column":9}},"type":"if","locations":[{"start":{"line":66,"column":15},"end":{"line":75,"column":9}},{"start":{"line":66,"column":15},"end":{"line":75,"column":9}}],"line":66},"12":{"loc":{"start":{"line":67,"column":10},"end":{"line":74,"column":11}},"type":"if","locations":[{"start":{"line":67,"column":10},"end":{"line":74,"column":11}},{"start":{"line":67,"column":10},"end":{"line":74,"column":11}}],"line":67},"13":{"loc":{"start":{"line":80,"column":8},"end":{"line":91,"column":9}},"type":"if","locations":[{"start":{"line":80,"column":8},"end":{"line":91,"column":9}},{"start":{"line":80,"column":8},"end":{"line":91,"column":9}}],"line":80},"14":{"loc":{"start":{"line":80,"column":12},"end":{"line":80,"column":31}},"type":"binary-expr","locations":[{"start":{"line":80,"column":12},"end":{"line":80,"column":20}},{"start":{"line":80,"column":24},"end":{"line":80,"column":31}}],"line":80},"15":{"loc":{"start":{"line":81,"column":10},"end":{"line":88,"column":11}},"type":"if","locations":[{"start":{"line":81,"column":10},"end":{"line":88,"column":11}},{"start":{"line":81,"column":10},"end":{"line":88,"column":11}}],"line":81},"16":{"loc":{"start":{"line":95,"column":8},"end":{"line":101,"column":9}},"type":"if","locations":[{"start":{"line":95,"column":8},"end":{"line":101,"column":9}},{"start":{"line":95,"column":8},"end":{"line":101,"column":9}}],"line":95},"17":{"loc":{"start":{"line":105,"column":8},"end":{"line":108,"column":9}},"type":"if","locations":[{"start":{"line":105,"column":8},"end":{"line":108,"column":9}},{"start":{"line":105,"column":8},"end":{"line":108,"column":9}}],"line":105},"18":{"loc":{"start":{"line":112,"column":8},"end":{"line":114,"column":9}},"type":"if","locations":[{"start":{"line":112,"column":8},"end":{"line":114,"column":9}},{"start":{"line":112,"column":8},"end":{"line":114,"column":9}}],"line":112},"19":{"loc":{"start":{"line":116,"column":8},"end":{"line":121,"column":9}},"type":"if","locations":[{"start":{"line":116,"column":8},"end":{"line":121,"column":9}},{"start":{"line":116,"column":8},"end":{"line":121,"column":9}}],"line":116},"20":{"loc":{"start":{"line":116,"column":12},"end":{"line":116,"column":72}},"type":"binary-expr","locations":[{"start":{"line":116,"column":12},"end":{"line":116,"column":33}},{"start":{"line":116,"column":37},"end":{"line":116,"column":72}}],"line":116},"21":{"loc":{"start":{"line":118,"column":10},"end":{"line":120,"column":11}},"type":"if","locations":[{"start":{"line":118,"column":10},"end":{"line":120,"column":11}},{"start":{"line":118,"column":10},"end":{"line":120,"column":11}}],"line":118},"22":{"loc":{"start":{"line":127,"column":8},"end":{"line":129,"column":9}},"type":"if","locations":[{"start":{"line":127,"column":8},"end":{"line":129,"column":9}},{"start":{"line":127,"column":8},"end":{"line":129,"column":9}}],"line":127},"23":{"loc":{"start":{"line":127,"column":12},"end":{"line":127,"column":36}},"type":"binary-expr","locations":[{"start":{"line":127,"column":12},"end":{"line":127,"column":24}},{"start":{"line":127,"column":28},"end":{"line":127,"column":36}}],"line":127},"24":{"loc":{"start":{"line":132,"column":8},"end":{"line":134,"column":9}},"type":"if","locations":[{"start":{"line":132,"column":8},"end":{"line":134,"column":9}},{"start":{"line":132,"column":8},"end":{"line":134,"column":9}}],"line":132},"25":{"loc":{"start":{"line":132,"column":12},"end":{"line":132,"column":67}},"type":"binary-expr","locations":[{"start":{"line":132,"column":12},"end":{"line":132,"column":24}},{"start":{"line":132,"column":28},"end":{"line":132,"column":36}},{"start":{"line":132,"column":40},"end":{"line":132,"column":67}}],"line":132},"26":{"loc":{"start":{"line":141,"column":4},"end":{"line":145,"column":5}},"type":"if","locations":[{"start":{"line":141,"column":4},"end":{"line":145,"column":5}},{"start":{"line":141,"column":4},"end":{"line":145,"column":5}}],"line":141},"27":{"loc":{"start":{"line":152,"column":4},"end":{"line":154,"column":5}},"type":"if","locations":[{"start":{"line":152,"column":4},"end":{"line":154,"column":5}},{"start":{"line":152,"column":4},"end":{"line":154,"column":5}}],"line":152},"28":{"loc":{"start":{"line":165,"column":4},"end":{"line":168,"column":5}},"type":"if","locations":[{"start":{"line":165,"column":4},"end":{"line":168,"column":5}},{"start":{"line":165,"column":4},"end":{"line":168,"column":5}}],"line":165},"29":{"loc":{"start":{"line":171,"column":4},"end":{"line":173,"column":5}},"type":"if","locations":[{"start":{"line":171,"column":4},"end":{"line":173,"column":5}},{"start":{"line":171,"column":4},"end":{"line":173,"column":5}}],"line":171},"30":{"loc":{"start":{"line":179,"column":4},"end":{"line":181,"column":5}},"type":"if","locations":[{"start":{"line":179,"column":4},"end":{"line":181,"column":5}},{"start":{"line":179,"column":4},"end":{"line":181,"column":5}}],"line":179},"31":{"loc":{"start":{"line":194,"column":4},"end":{"line":196,"column":5}},"type":"if","locations":[{"start":{"line":194,"column":4},"end":{"line":196,"column":5}},{"start":{"line":194,"column":4},"end":{"line":196,"column":5}}],"line":194},"32":{"loc":{"start":{"line":194,"column":8},"end":{"line":194,"column":49}},"type":"binary-expr","locations":[{"start":{"line":194,"column":8},"end":{"line":194,"column":23}},{"start":{"line":194,"column":27},"end":{"line":194,"column":49}}],"line":194},"33":{"loc":{"start":{"line":198,"column":4},"end":{"line":200,"column":5}},"type":"if","locations":[{"start":{"line":198,"column":4},"end":{"line":200,"column":5}},{"start":{"line":198,"column":4},"end":{"line":200,"column":5}}],"line":198},"34":{"loc":{"start":{"line":205,"column":54},"end":{"line":205,"column":81}},"type":"cond-expr","locations":[{"start":{"line":205,"column":69},"end":{"line":205,"column":73}},{"start":{"line":205,"column":76},"end":{"line":205,"column":81}}],"line":205}},"s":{"0":0,"1":0,"2":0,"3":0,"4":0,"5":0,"6":0,"7":0,"8":0,"9":0,"10":0,"11":0,"12":0,"13":0,"14":0,"15":0,"16":0,"17":0,"18":0,"19":0,"20":0,"21":0,"22":0,"23":0,"24":0,"25":0,"26":0,"27":0,"28":0,"29":0,"30":0,"31":0,"32":0,"33":0,"34":0,"35":0,"36":0,"37":0,"38":0,"39":0,"40":0,"41":0,"42":0,"43":0,"44":0,"45":0,"46":0,"47":0,"48":0,"49":0,"50":0,"51":0,"52":0,"53":0,"54":0,"55":0,"56":0,"57":0,"58":0,"59":0,"60":0,"61":0,"62":0,"63":0,"64":0,"65":0,"66":0,"67":0,"68":0,"69":0,"70":0,"71":0,"72":0,"73":0,"74":0,"75":0,"76":0,"77":0,"78":0,"79":0,"80":0,"81":0,"82":0,"83":0,"84":0,"85":0,"86":0,"87":0,"88":0,"89":0,"90":0,"91":0,"92":0,"93":0,"94":0,"95":0,"96":0,"97":0,"98":0,"99":0,"100":0,"101":0,"102":0,"103":0,"104":0},"f":{"0":0,"1":0,"2":0,"3":0,"4":0,"5":0,"6":0,"7":0,"8":0,"9":0,"10":0,"11":0,"12":0,"13":0,"14":0,"15":0,"16":0,"17":0},"b":{"0":[0,0],"1":[0,0],"2":[0,0],"3":[0,0],"4":[0,0],"5":[0,0],"6":[0,0],"7":[0,0],"8":[0,0],"9":[0,0,0,0,0,0,0,0,0,0],"10":[0,0],"11":[0,0],"12":[0,0],"13":[0,0],"14":[0,0],"15":[0,0],"16":[0,0],"17":[0,0],"18":[0,0],"19":[0,0],"20":[0,0],"21":[0,0],"22":[0,0],"23":[0,0],"24":[0,0],"25":[0,0,0],"26":[0,0],"27":[0,0],"28":[0,0],"29":[0,0],"30":[0,0],"31":[0,0],"32":[0,0],"33":[0,0],"34":[0,0]},"hash":"eb5a8ec7da6dac7b673fd8d9ad88ba34821574d6"}
,"/Users/Zen/Documents/Code/react-listboxes/src/components/combo_box/initial_state.js": {"path":"/Users/Zen/Documents/Code/react-listboxes/src/components/combo_box/initial_state.js","statementMap":{"0":{"start":{"line":2,"column":2},"end":{"line":9,"column":4}}},"fnMap":{"0":{"name":"initialState","decl":{"start":{"line":1,"column":16},"end":{"line":1,"column":28}},"loc":{"start":{"line":1,"column":31},"end":{"line":10,"column":1}},"line":1}},"branchMap":{},"s":{"0":0},"f":{"0":0},"b":{},"hash":"7f45a5ea0c3c2aedb18261a2552eb8364874c6c9"}
,"/Users/Zen/Documents/Code/react-listboxes/src/components/combo_box/reducer.js": {"path":"/Users/Zen/Documents/Code/react-listboxes/src/components/combo_box/reducer.js","statementMap":{"0":{"start":{"line":7,"column":2},"end":{"line":7,"column":25}},"1":{"start":{"line":8,"column":2},"end":{"line":21,"column":3}},"2":{"start":{"line":10,"column":6},"end":{"line":10,"column":85}},"3":{"start":{"line":12,"column":6},"end":{"line":12,"column":50}},"4":{"start":{"line":14,"column":6},"end":{"line":14,"column":98}},"5":{"start":{"line":16,"column":6},"end":{"line":16,"column":89}},"6":{"start":{"line":18,"column":6},"end":{"line":18,"column":52}},"7":{"start":{"line":20,"column":6},"end":{"line":20,"column":41}}},"fnMap":{"0":{"name":"reducer","decl":{"start":{"line":3,"column":16},"end":{"line":3,"column":23}},"loc":{"start":{"line":6,"column":2},"end":{"line":22,"column":1}},"line":6}},"branchMap":{"0":{"loc":{"start":{"line":5,"column":14},"end":{"line":5,"column":47}},"type":"default-arg","locations":[{"start":{"line":5,"column":29},"end":{"line":5,"column":47}}],"line":5},"1":{"loc":{"start":{"line":8,"column":2},"end":{"line":21,"column":3}},"type":"switch","locations":[{"start":{"line":9,"column":4},"end":{"line":10,"column":85}},{"start":{"line":11,"column":4},"end":{"line":12,"column":50}},{"start":{"line":13,"column":4},"end":{"line":14,"column":98}},{"start":{"line":15,"column":4},"end":{"line":16,"column":89}},{"start":{"line":17,"column":4},"end":{"line":18,"column":52}},{"start":{"line":19,"column":4},"end":{"line":20,"column":41}}],"line":8},"2":{"loc":{"start":{"line":16,"column":53},"end":{"line":16,"column":86}},"type":"binary-expr","locations":[{"start":{"line":16,"column":53},"end":{"line":16,"column":74}},{"start":{"line":16,"column":78},"end":{"line":16,"column":86}}],"line":16}},"s":{"0":0,"1":0,"2":0,"3":0,"4":0,"5":0,"6":0,"7":0},"f":{"0":0},"b":{"0":[0],"1":[0,0,0,0,0,0],"2":[0,0]},"hash":"40c29f8fc09cb51ad807299e4ffa53b850b836ed"}
,"/Users/Zen/Documents/Code/react-listboxes/src/components/drop_down/actions.js": {"path":"/Users/Zen/Documents/Code/react-listboxes/src/components/drop_down/actions.js","statementMap":{"0":{"start":{"line":5,"column":28},"end":{"line":5,"column":42}},"1":{"start":{"line":6,"column":28},"end":{"line":6,"column":42}},"2":{"start":{"line":7,"column":30},"end":{"line":7,"column":46}},"3":{"start":{"line":8,"column":28},"end":{"line":8,"column":42}},"4":{"start":{"line":9,"column":33},"end":{"line":9,"column":52}},"5":{"start":{"line":10,"column":30},"end":{"line":10,"column":46}},"6":{"start":{"line":13,"column":2},"end":{"line":13,"column":32}},"7":{"start":{"line":17,"column":2},"end":{"line":17,"column":51}},"8":{"start":{"line":21,"column":2},"end":{"line":21,"column":78}},"9":{"start":{"line":25,"column":2},"end":{"line":35,"column":4}},"10":{"start":{"line":26,"column":31},"end":{"line":26,"column":41}},"11":{"start":{"line":27,"column":4},"end":{"line":30,"column":5}},"12":{"start":{"line":28,"column":6},"end":{"line":28,"column":56}},"13":{"start":{"line":29,"column":6},"end":{"line":29,"column":13}},"14":{"start":{"line":31,"column":4},"end":{"line":31,"column":37}},"15":{"start":{"line":32,"column":4},"end":{"line":34,"column":5}},"16":{"start":{"line":33,"column":6},"end":{"line":33,"column":31}},"17":{"start":{"line":39,"column":2},"end":{"line":50,"column":4}},"18":{"start":{"line":40,"column":4},"end":{"line":42,"column":5}},"19":{"start":{"line":41,"column":6},"end":{"line":41,"column":13}},"20":{"start":{"line":43,"column":25},"end":{"line":43,"column":35}},"21":{"start":{"line":44,"column":30},"end":{"line":44,"column":40}},"22":{"start":{"line":45,"column":4},"end":{"line":49,"column":5}},"23":{"start":{"line":46,"column":6},"end":{"line":46,"column":56}},"24":{"start":{"line":48,"column":6},"end":{"line":48,"column":47}},"25":{"start":{"line":54,"column":2},"end":{"line":84,"column":4}},"26":{"start":{"line":55,"column":30},"end":{"line":55,"column":40}},"27":{"start":{"line":56,"column":46},"end":{"line":56,"column":51}},"28":{"start":{"line":58,"column":4},"end":{"line":60,"column":5}},"29":{"start":{"line":59,"column":6},"end":{"line":59,"column":13}},"30":{"start":{"line":62,"column":4},"end":{"line":83,"column":5}},"31":{"start":{"line":65,"column":8},"end":{"line":65,"column":31}},"32":{"start":{"line":66,"column":8},"end":{"line":66,"column":33}},"33":{"start":{"line":67,"column":8},"end":{"line":67,"column":14}},"34":{"start":{"line":70,"column":8},"end":{"line":72,"column":9}},"35":{"start":{"line":71,"column":10},"end":{"line":71,"column":16}},"36":{"start":{"line":75,"column":8},"end":{"line":75,"column":31}},"37":{"start":{"line":76,"column":8},"end":{"line":76,"column":49}},"38":{"start":{"line":77,"column":8},"end":{"line":77,"column":14}},"39":{"start":{"line":80,"column":8},"end":{"line":82,"column":9}},"40":{"start":{"line":81,"column":10},"end":{"line":81,"column":50}},"41":{"start":{"line":88,"column":2},"end":{"line":141,"column":4}},"42":{"start":{"line":89,"column":29},"end":{"line":89,"column":39}},"43":{"start":{"line":90,"column":37},"end":{"line":90,"column":47}},"44":{"start":{"line":91,"column":46},"end":{"line":91,"column":51}},"45":{"start":{"line":93,"column":4},"end":{"line":95,"column":5}},"46":{"start":{"line":94,"column":6},"end":{"line":94,"column":13}},"47":{"start":{"line":97,"column":4},"end":{"line":140,"column":5}},"48":{"start":{"line":100,"column":8},"end":{"line":100,"column":31}},"49":{"start":{"line":101,"column":8},"end":{"line":106,"column":9}},"50":{"start":{"line":102,"column":10},"end":{"line":102,"column":57}},"51":{"start":{"line":103,"column":10},"end":{"line":103,"column":38}},"52":{"start":{"line":105,"column":10},"end":{"line":105,"column":75}},"53":{"start":{"line":107,"column":8},"end":{"line":107,"column":14}},"54":{"start":{"line":110,"column":8},"end":{"line":110,"column":31}},"55":{"start":{"line":111,"column":8},"end":{"line":113,"column":9}},"56":{"start":{"line":112,"column":10},"end":{"line":112,"column":71}},"57":{"start":{"line":114,"column":8},"end":{"line":114,"column":14}},"58":{"start":{"line":117,"column":8},"end":{"line":117,"column":31}},"59":{"start":{"line":118,"column":8},"end":{"line":118,"column":75}},"60":{"start":{"line":119,"column":8},"end":{"line":119,"column":14}},"61":{"start":{"line":122,"column":8},"end":{"line":122,"column":31}},"62":{"start":{"line":123,"column":8},"end":{"line":123,"column":62}},"63":{"start":{"line":124,"column":8},"end":{"line":124,"column":14}},"64":{"start":{"line":129,"column":8},"end":{"line":129,"column":31}},"65":{"start":{"line":130,"column":8},"end":{"line":132,"column":9}},"66":{"start":{"line":131,"column":10},"end":{"line":131,"column":17}},"67":{"start":{"line":133,"column":8},"end":{"line":133,"column":55}},"68":{"start":{"line":134,"column":8},"end":{"line":134,"column":36}},"69":{"start":{"line":135,"column":8},"end":{"line":135,"column":14}},"70":{"start":{"line":137,"column":8},"end":{"line":139,"column":9}},"71":{"start":{"line":138,"column":10},"end":{"line":138,"column":50}},"72":{"start":{"line":145,"column":2},"end":{"line":152,"column":4}},"73":{"start":{"line":146,"column":25},"end":{"line":146,"column":35}},"74":{"start":{"line":147,"column":4},"end":{"line":149,"column":5}},"75":{"start":{"line":148,"column":6},"end":{"line":148,"column":13}},"76":{"start":{"line":150,"column":30},"end":{"line":150,"column":40}},"77":{"start":{"line":151,"column":4},"end":{"line":151,"column":45}},"78":{"start":{"line":156,"column":2},"end":{"line":162,"column":4}},"79":{"start":{"line":157,"column":24},"end":{"line":157,"column":34}},"80":{"start":{"line":158,"column":39},"end":{"line":158,"column":49}},"81":{"start":{"line":159,"column":4},"end":{"line":161,"column":5}},"82":{"start":{"line":160,"column":6},"end":{"line":160,"column":53}},"83":{"start":{"line":166,"column":2},"end":{"line":174,"column":4}},"84":{"start":{"line":167,"column":4},"end":{"line":169,"column":5}},"85":{"start":{"line":168,"column":6},"end":{"line":168,"column":13}},"86":{"start":{"line":171,"column":28},"end":{"line":171,"column":38}},"87":{"start":{"line":172,"column":4},"end":{"line":172,"column":35}},"88":{"start":{"line":173,"column":4},"end":{"line":173,"column":32}},"89":{"start":{"line":178,"column":2},"end":{"line":190,"column":4}},"90":{"start":{"line":179,"column":29},"end":{"line":179,"column":39}},"91":{"start":{"line":180,"column":24},"end":{"line":180,"column":34}},"92":{"start":{"line":182,"column":4},"end":{"line":184,"column":5}},"93":{"start":{"line":183,"column":6},"end":{"line":183,"column":13}},"94":{"start":{"line":186,"column":25},"end":{"line":186,"column":50}},"95":{"start":{"line":187,"column":18},"end":{"line":187,"column":67}},"96":{"start":{"line":187,"column":43},"end":{"line":187,"column":66}},"97":{"start":{"line":189,"column":4},"end":{"line":189,"column":56}}},"fnMap":{"0":{"name":"clearSearch","decl":{"start":{"line":12,"column":16},"end":{"line":12,"column":27}},"loc":{"start":{"line":12,"column":30},"end":{"line":14,"column":1}},"line":12},"1":{"name":"setFocusedIndex","decl":{"start":{"line":16,"column":16},"end":{"line":16,"column":31}},"loc":{"start":{"line":16,"column":46},"end":{"line":18,"column":1}},"line":16},"2":{"name":"setListProps","decl":{"start":{"line":20,"column":16},"end":{"line":20,"column":28}},"loc":{"start":{"line":20,"column":51},"end":{"line":22,"column":1}},"line":20},"3":{"name":"onSelectValue","decl":{"start":{"line":24,"column":16},"end":{"line":24,"column":29}},"loc":{"start":{"line":24,"column":40},"end":{"line":36,"column":1}},"line":24},"4":{"name":"(anonymous_4)","decl":{"start":{"line":25,"column":9},"end":{"line":25,"column":10}},"loc":{"start":{"line":25,"column":43},"end":{"line":35,"column":3}},"line":25},"5":{"name":"onToggleOpen","decl":{"start":{"line":38,"column":16},"end":{"line":38,"column":28}},"loc":{"start":{"line":38,"column":32},"end":{"line":51,"column":1}},"line":38},"6":{"name":"(anonymous_6)","decl":{"start":{"line":39,"column":9},"end":{"line":39,"column":10}},"loc":{"start":{"line":39,"column":43},"end":{"line":50,"column":3}},"line":39},"7":{"name":"onButtonKeyDown","decl":{"start":{"line":53,"column":16},"end":{"line":53,"column":31}},"loc":{"start":{"line":53,"column":39},"end":{"line":85,"column":1}},"line":53},"8":{"name":"(anonymous_8)","decl":{"start":{"line":54,"column":9},"end":{"line":54,"column":10}},"loc":{"start":{"line":54,"column":43},"end":{"line":84,"column":3}},"line":54},"9":{"name":"onKeyDown","decl":{"start":{"line":87,"column":16},"end":{"line":87,"column":25}},"loc":{"start":{"line":87,"column":33},"end":{"line":142,"column":1}},"line":87},"10":{"name":"(anonymous_10)","decl":{"start":{"line":88,"column":9},"end":{"line":88,"column":10}},"loc":{"start":{"line":88,"column":43},"end":{"line":141,"column":3}},"line":88},"11":{"name":"onFocus","decl":{"start":{"line":144,"column":16},"end":{"line":144,"column":23}},"loc":{"start":{"line":144,"column":26},"end":{"line":153,"column":1}},"line":144},"12":{"name":"(anonymous_12)","decl":{"start":{"line":145,"column":9},"end":{"line":145,"column":10}},"loc":{"start":{"line":145,"column":43},"end":{"line":152,"column":3}},"line":145},"13":{"name":"onBlur","decl":{"start":{"line":155,"column":16},"end":{"line":155,"column":22}},"loc":{"start":{"line":155,"column":25},"end":{"line":163,"column":1}},"line":155},"14":{"name":"(anonymous_14)","decl":{"start":{"line":156,"column":9},"end":{"line":156,"column":10}},"loc":{"start":{"line":156,"column":43},"end":{"line":162,"column":3}},"line":156},"15":{"name":"onClick","decl":{"start":{"line":165,"column":16},"end":{"line":165,"column":23}},"loc":{"start":{"line":165,"column":34},"end":{"line":175,"column":1}},"line":165},"16":{"name":"(anonymous_16)","decl":{"start":{"line":166,"column":9},"end":{"line":166,"column":10}},"loc":{"start":{"line":166,"column":43},"end":{"line":174,"column":3}},"line":166},"17":{"name":"onOptionsChanged","decl":{"start":{"line":177,"column":16},"end":{"line":177,"column":32}},"loc":{"start":{"line":177,"column":46},"end":{"line":191,"column":1}},"line":177},"18":{"name":"(anonymous_18)","decl":{"start":{"line":178,"column":9},"end":{"line":178,"column":10}},"loc":{"start":{"line":178,"column":43},"end":{"line":190,"column":3}},"line":178},"19":{"name":"(anonymous_19)","decl":{"start":{"line":187,"column":36},"end":{"line":187,"column":37}},"loc":{"start":{"line":187,"column":43},"end":{"line":187,"column":66}},"line":187}},"branchMap":{"0":{"loc":{"start":{"line":27,"column":4},"end":{"line":30,"column":5}},"type":"if","locations":[{"start":{"line":27,"column":4},"end":{"line":30,"column":5}},{"start":{"line":27,"column":4},"end":{"line":30,"column":5}}],"line":27},"1":{"loc":{"start":{"line":27,"column":8},"end":{"line":27,"column":42}},"type":"binary-expr","locations":[{"start":{"line":27,"column":8},"end":{"line":27,"column":17}},{"start":{"line":27,"column":21},"end":{"line":27,"column":42}}],"line":27},"2":{"loc":{"start":{"line":32,"column":4},"end":{"line":34,"column":5}},"type":"if","locations":[{"start":{"line":32,"column":4},"end":{"line":34,"column":5}},{"start":{"line":32,"column":4},"end":{"line":34,"column":5}}],"line":32},"3":{"loc":{"start":{"line":40,"column":4},"end":{"line":42,"column":5}},"type":"if","locations":[{"start":{"line":40,"column":4},"end":{"line":42,"column":5}},{"start":{"line":40,"column":4},"end":{"line":42,"column":5}}],"line":40},"4":{"loc":{"start":{"line":45,"column":4},"end":{"line":49,"column":5}},"type":"if","locations":[{"start":{"line":45,"column":4},"end":{"line":49,"column":5}},{"start":{"line":45,"column":4},"end":{"line":49,"column":5}}],"line":45},"5":{"loc":{"start":{"line":58,"column":4},"end":{"line":60,"column":5}},"type":"if","locations":[{"start":{"line":58,"column":4},"end":{"line":60,"column":5}},{"start":{"line":58,"column":4},"end":{"line":60,"column":5}}],"line":58},"6":{"loc":{"start":{"line":58,"column":8},"end":{"line":58,"column":26}},"type":"binary-expr","locations":[{"start":{"line":58,"column":8},"end":{"line":58,"column":15}},{"start":{"line":58,"column":19},"end":{"line":58,"column":26}}],"line":58},"7":{"loc":{"start":{"line":62,"column":4},"end":{"line":83,"column":5}},"type":"switch","locations":[{"start":{"line":63,"column":6},"end":{"line":63,"column":15}},{"start":{"line":64,"column":6},"end":{"line":67,"column":14}},{"start":{"line":69,"column":6},"end":{"line":72,"column":9}},{"start":{"line":74,"column":6},"end":{"line":77,"column":14}},{"start":{"line":79,"column":6},"end":{"line":82,"column":9}}],"line":62},"8":{"loc":{"start":{"line":70,"column":8},"end":{"line":72,"column":9}},"type":"if","locations":[{"start":{"line":70,"column":8},"end":{"line":72,"column":9}},{"start":{"line":70,"column":8},"end":{"line":72,"column":9}}],"line":70},"9":{"loc":{"start":{"line":80,"column":8},"end":{"line":82,"column":9}},"type":"if","locations":[{"start":{"line":80,"column":8},"end":{"line":82,"column":9}},{"start":{"line":80,"column":8},"end":{"line":82,"column":9}}],"line":80},"10":{"loc":{"start":{"line":93,"column":4},"end":{"line":95,"column":5}},"type":"if","locations":[{"start":{"line":93,"column":4},"end":{"line":95,"column":5}},{"start":{"line":93,"column":4},"end":{"line":95,"column":5}}],"line":93},"11":{"loc":{"start":{"line":93,"column":8},"end":{"line":93,"column":26}},"type":"binary-expr","locations":[{"start":{"line":93,"column":8},"end":{"line":93,"column":15}},{"start":{"line":93,"column":19},"end":{"line":93,"column":26}}],"line":93},"12":{"loc":{"start":{"line":97,"column":4},"end":{"line":140,"column":5}},"type":"switch","locations":[{"start":{"line":98,"column":6},"end":{"line":107,"column":14}},{"start":{"line":108,"column":6},"end":{"line":114,"column":14}},{"start":{"line":115,"column":6},"end":{"line":119,"column":14}},{"start":{"line":120,"column":6},"end":{"line":124,"column":14}},{"start":{"line":125,"column":6},"end":{"line":125,"column":20}},{"start":{"line":126,"column":6},"end":{"line":126,"column":19}},{"start":{"line":127,"column":6},"end":{"line":135,"column":14}},{"start":{"line":136,"column":6},"end":{"line":139,"column":9}}],"line":97},"13":{"loc":{"start":{"line":101,"column":8},"end":{"line":106,"column":9}},"type":"if","locations":[{"start":{"line":101,"column":8},"end":{"line":106,"column":9}},{"start":{"line":101,"column":8},"end":{"line":106,"column":9}}],"line":101},"14":{"loc":{"start":{"line":111,"column":8},"end":{"line":113,"column":9}},"type":"if","locations":[{"start":{"line":111,"column":8},"end":{"line":113,"column":9}},{"start":{"line":111,"column":8},"end":{"line":113,"column":9}}],"line":111},"15":{"loc":{"start":{"line":130,"column":8},"end":{"line":132,"column":9}},"type":"if","locations":[{"start":{"line":130,"column":8},"end":{"line":132,"column":9}},{"start":{"line":130,"column":8},"end":{"line":132,"column":9}}],"line":130},"16":{"loc":{"start":{"line":137,"column":8},"end":{"line":139,"column":9}},"type":"if","locations":[{"start":{"line":137,"column":8},"end":{"line":139,"column":9}},{"start":{"line":137,"column":8},"end":{"line":139,"column":9}}],"line":137},"17":{"loc":{"start":{"line":147,"column":4},"end":{"line":149,"column":5}},"type":"if","locations":[{"start":{"line":147,"column":4},"end":{"line":149,"column":5}},{"start":{"line":147,"column":4},"end":{"line":149,"column":5}}],"line":147},"18":{"loc":{"start":{"line":159,"column":4},"end":{"line":161,"column":5}},"type":"if","locations":[{"start":{"line":159,"column":4},"end":{"line":161,"column":5}},{"start":{"line":159,"column":4},"end":{"line":161,"column":5}}],"line":159},"19":{"loc":{"start":{"line":167,"column":4},"end":{"line":169,"column":5}},"type":"if","locations":[{"start":{"line":167,"column":4},"end":{"line":169,"column":5}},{"start":{"line":167,"column":4},"end":{"line":169,"column":5}}],"line":167},"20":{"loc":{"start":{"line":182,"column":4},"end":{"line":184,"column":5}},"type":"if","locations":[{"start":{"line":182,"column":4},"end":{"line":184,"column":5}},{"start":{"line":182,"column":4},"end":{"line":184,"column":5}}],"line":182},"21":{"loc":{"start":{"line":189,"column":29},"end":{"line":189,"column":53}},"type":"cond-expr","locations":[{"start":{"line":189,"column":44},"end":{"line":189,"column":45}},{"start":{"line":189,"column":48},"end":{"line":189,"column":53}}],"line":189}},"s":{"0":1,"1":1,"2":1,"3":1,"4":1,"5":1,"6":2,"7":195,"8":1,"9":52,"10":52,"11":52,"12":8,"13":8,"14":44,"15":44,"16":37,"17":121,"18":121,"19":1,"20":120,"21":120,"22":120,"23":0,"24":120,"25":28,"26":28,"27":28,"28":28,"29":10,"30":18,"31":4,"32":4,"33":4,"34":3,"35":1,"36":6,"37":6,"38":6,"39":7,"40":7,"41":122,"42":122,"43":122,"44":122,"45":122,"46":20,"47":102,"48":8,"49":8,"50":6,"51":6,"52":2,"53":8,"54":50,"55":50,"56":49,"57":50,"58":1,"59":1,"60":1,"61":1,"62":1,"63":1,"64":32,"65":32,"66":5,"67":27,"68":27,"69":27,"70":10,"71":10,"72":195,"73":195,"74":195,"75":195,"76":0,"77":0,"78":77,"79":77,"80":77,"81":77,"82":7,"83":8,"84":8,"85":1,"86":7,"87":7,"88":7,"89":25,"90":25,"91":25,"92":25,"93":18,"94":7,"95":7,"96":19,"97":7},"f":{"0":2,"1":195,"2":1,"3":52,"4":52,"5":121,"6":121,"7":28,"8":28,"9":122,"10":122,"11":195,"12":195,"13":77,"14":77,"15":8,"16":8,"17":25,"18":25,"19":19},"b":{"0":[8,44],"1":[52,47],"2":[37,7],"3":[1,120],"4":[0,120],"5":[10,18],"6":[28,23],"7":[2,4,3,6,7],"8":[1,2],"9":[7,0],"10":[20,102],"11":[122,112],"12":
[...]
ine":19},"2":{"loc":{"start":{"line":19,"column":25},"end":{"line":19,"column":37}},"type":"default-arg","locations":[{"start":{"line":19,"column":33},"end":{"line":19,"column":37}}],"line":19},"3":{"loc":{"start":{"line":19,"column":39},"end":{"line":19,"column":53}},"type":"default-arg","locations":[{"start":{"line":19,"column":50},"end":{"line":19,"column":53}}],"line":19},"4":{"loc":{"start":{"line":28,"column":6},"end":{"line":30,"column":7}},"type":"if","locations":[{"start":{"line":28,"column":6},"end":{"line":30,"column":7}},{"start":{"line":28,"column":6},"end":{"line":30,"column":7}}],"line":28},"5":{"loc":{"start":{"line":34,"column":4},"end":{"line":36,"column":5}},"type":"if","locations":[{"start":{"line":34,"column":4},"end":{"line":36,"column":5}},{"start":{"line":34,"column":4},"end":{"line":36,"column":5}}],"line":34},"6":{"loc":{"start":{"line":37,"column":4},"end":{"line":49,"column":5}},"type":"if","locations":[{"start":{"line":37,"column":4},"end":{"line":49,"column":5}},{"start":{"line":37,"column":4},"end":{"line":49,"column":5}}],"line":37},"7":{"loc":{"start":{"line":40,"column":8},"end":{"line":42,"column":9}},"type":"if","locations":[{"start":{"line":40,"column":8},"end":{"line":42,"column":9}},{"start":{"line":40,"column":8},"end":{"line":42,"column":9}}],"line":40},"8":{"loc":{"start":{"line":52,"column":4},"end":{"line":54,"column":5}},"type":"if","locations":[{"start":{"line":52,"column":4},"end":{"line":54,"column":5}},{"start":{"line":52,"column":4},"end":{"line":54,"column":5}}],"line":52},"9":{"loc":{"start":{"line":56,"column":4},"end":{"line":58,"column":5}},"type":"if","locations":[{"start":{"line":56,"column":4},"end":{"line":58,"column":5}},{"start":{"line":56,"column":4},"end":{"line":58,"column":5}}],"line":56}},"s":{"0":0,"1":0,"2":0,"3":0,"4":0,"5":0,"6":0,"7":0,"8":0,"9":0,"10":0,"11":0,"12":0,"13":0,"14":0,"15":0,"16":0,"17":0,"18":0,"19":0,"20":0,"21":0,"22":0,"23":0,"24":0,"25":0,"26":0,"27":0,"28":0,"29":0,"30":0,"31":0,"32":0},"f":{"0":0,"1":0,"2":0,"3":0,"4":0,"5":0,"6":0},"b":{"0":[0],"1":[0],"2":[0],"3":[0],"4":[0,0],"5":[0,0],"6":[0,0],"7":[0,0],"8":[0,0],"9":[0,0]},"hash":"1433f95131c63c1bc046a815fbfeedb8f7597f46"}
,"/Users/Zen/Documents/Code/react-listboxes/src/hooks/use_id.js": {"path":"/Users/Zen/Documents/Code/react-listboxes/src/hooks/use_id.js","statementMap":{"0":{"start":{"line":4,"column":12},"end":{"line":4,"column":13}},"1":{"start":{"line":7,"column":15},"end":{"line":12,"column":4}},"2":{"start":{"line":8,"column":4},"end":{"line":10,"column":5}},"3":{"start":{"line":9,"column":6},"end":{"line":9,"column":23}},"4":{"start":{"line":11,"column":4},"end":{"line":11,"column":45}},"5":{"start":{"line":13,"column":2},"end":{"line":13,"column":12}}},"fnMap":{"0":{"name":"useId","decl":{"start":{"line":6,"column":16},"end":{"line":6,"column":21}},"loc":{"start":{"line":6,"column":33},"end":{"line":14,"column":1}},"line":6},"1":{"name":"(anonymous_1)","decl":{"start":{"line":7,"column":24},"end":{"line":7,"column":25}},"loc":{"start":{"line":7,"column":30},"end":{"line":12,"column":3}},"line":7}},"branchMap":{"0":{"loc":{"start":{"line":8,"column":4},"end":{"line":10,"column":5}},"type":"if","locations":[{"start":{"line":8,"column":4},"end":{"line":10,"column":5}},{"start":{"line":8,"column":4},"end":{"line":10,"column":5}}],"line":8}},"s":{"0":0,"1":0,"2":0,"3":0,"4":0,"5":0},"f":{"0":0,"1":0},"b":{"0":[0,0]},"hash":"42bb57a7d3bf43313571f0a55731acbbab1754cb"}
,"/Users/Zen/Documents/Code/react-listboxes/src/hooks/use_normalised_options.js": {"path":"/Users/Zen/Documents/Code/react-listboxes/src/hooks/use_normalised_options.js","statementMap":{"0":{"start":{"line":23,"column":26},"end":{"line":26,"column":3}},"1":{"start":{"line":24,"column":11},"end":{"line":24,"column":61}},"2":{"start":{"line":28,"column":28},"end":{"line":69,"column":54}},"3":{"start":{"line":29,"column":24},"end":{"line":29,"column":47}},"4":{"start":{"line":30,"column":19},"end":{"line":30,"column":28}},"5":{"start":{"line":31,"column":23},"end":{"line":31,"column":25}},"6":{"start":{"line":34,"column":4},"end":{"line":41,"column":5}},"7":{"start":{"line":35,"column":6},"end":{"line":40,"column":9}},"8":{"start":{"line":43,"column":4},"end":{"line":66,"column":9}},"9":{"start":{"line":44,"column":23},"end":{"line":44,"column":51}},"10":{"start":{"line":46,"column":8},"end":{"line":46,"column":72}},"11":{"start":{"line":47,"column":8},"end":{"line":63,"column":9}},"12":{"start":{"line":48,"column":22},"end":{"line":48,"column":46}},"13":{"start":{"line":49,"column":10},"end":{"line":61,"column":11}},"14":{"start":{"line":50,"column":12},"end":{"line":56,"column":14}},"15":{"start":{"line":57,"column":12},"end":{"line":57,"column":44}},"16":{"start":{"line":58,"column":12},"end":{"line":58,"column":35}},"17":{"start":{"line":60,"column":12},"end":{"line":60,"column":39}},"18":{"start":{"line":62,"column":10},"end":{"line":62,"column":31}},"19":{"start":{"line":64,"column":8},"end":{"line":64,"column":93}},"20":{"start":{"line":65,"column":8},"end":{"line":65,"column":32}},"21":{"start":{"line":68,"column":4},"end":{"line":68,"column":22}},"22":{"start":{"line":71,"column":24},"end":{"line":75,"column":4}},"23":{"start":{"line":77,"column":2},"end":{"line":83,"column":4}}},"fnMap":{"0":{"name":"useNormalisedOptions","decl":{"start":{"line":20,"column":16},"end":{"line":20,"column":36}},"loc":{"start":{"line":22,"column":39},"end":{"line":84,"column":1}},"line":22},"1":{"name":"(anonymous_1)","decl":{"start":{"line":24,"column":4},"end":{"line":24,"column":5}},"loc":{"start":{"line":24,"column":11},"end":{"line":24,"column":61}},"line":24},"2":{"name":"(anonymous_2)","decl":{"start":{"line":28,"column":36},"end":{"line":28,"column":37}},"loc":{"start":{"line":28,"column":42},"end":{"line":69,"column":3}},"line":28},"3":{"name":"(anonymous_3)","decl":{"start":{"line":44,"column":11},"end":{"line":44,"column":12}},"loc":{"start":{"line":44,"column":23},"end":{"line":44,"column":51}},"line":44},"4":{"name":"(anonymous_4)","decl":{"start":{"line":45,"column":15},"end":{"line":45,"column":16}},"loc":{"start":{"line":45,"column":27},"end":{"line":66,"column":7}},"line":45}},"branchMap":{"0":{"loc":{"start":{"line":22,"column":3},"end":{"line":22,"column":37}},"type":"default-arg","locations":[{"start":{"line":22,"column":35},"end":{"line":22,"column":37}}],"line":22},"1":{"loc":{"start":{"line":22,"column":5},"end":{"line":22,"column":30}},"type":"default-arg","locations":[{"start":{"line":22,"column":25},"end":{"line":22,"column":30}}],"line":22},"2":{"loc":{"start":{"line":24,"column":11},"end":{"line":24,"column":61}},"type":"cond-expr","locations":[{"start":{"line":24,"column":27},"end":{"line":24,"column":31}},{"start":{"line":24,"column":34},"end":{"line":24,"column":61}}],"line":24},"3":{"loc":{"start":{"line":34,"column":4},"end":{"line":41,"column":5}},"type":"if","locations":[{"start":{"line":34,"column":4},"end":{"line":41,"column":5}},{"start":{"line":34,"column":4},"end":{"line":41,"column":5}}],"line":34},"4":{"loc":{"start":{"line":47,"column":8},"end":{"line":63,"column":9}},"type":"if","locations":[{"start":{"line":47,"column":8},"end":{"line":63,"column":9}},{"start":{"line":47,"column":8},"end":{"line":63,"column":9}}],"line":47},"5":{"loc":{"start":{"line":49,"column":10},"end":{"line":61,"column":11}},"type":"if","locations":[{"start":{"line":49,"column":10},"end":{"line":61,"column":11}},{"start":{"line":49,"column":10},"end":{"line":61,"column":11}}],"line":49},"6":{"loc":{"start":{"line":64,"column":42},"end":{"line":64,"column":91}},"type":"binary-expr","locations":[{"start":{"line":64,"column":42},"end":{"line":64,"column":57}},{"start":{"line":64,"column":61},"end":{"line":64,"column":91}}],"line":64}},"s":{"0":615,"1":173,"2":615,"3":177,"4":177,"5":177,"6":177,"7":5,"8":177,"9":511,"10":511,"11":511,"12":40,"13":40,"14":22,"15":22,"16":22,"17":18,"18":40,"19":511,"20":511,"21":177,"22":615,"23":615},"f":{"0":615,"1":173,"2":177,"3":511,"4":511},"b":{"0":[0],"1":[0],"2":[121,52],"3":[5,172],"4":[40,471],"5":[22,18],"6":[511,511]},"_coverageSchema":"43e27e138ebf9cfc5966b082cf9a028302ed4184","hash":"a6a58c685ed7d7047535d06de0b43837fb0e4034"}
,"/Users/Zen/Documents/Code/react-listboxes/src/hooks/use_on_blur.js": {"path":"/Users/Zen/Documents/Code/react-listboxes/src/hooks/use_on_blur.js","statementMap":{"0":{"start":{"line":8,"column":27},"end":{"line":8,"column":42}},"1":{"start":{"line":10,"column":17},"end":{"line":16,"column":15}},"2":{"start":{"line":11,"column":4},"end":{"line":15,"column":10}},"3":{"start":{"line":12,"column":6},"end":{"line":14,"column":7}},"4":{"start":{"line":13,"column":8},"end":{"line":13,"column":13}},"5":{"start":{"line":18,"column":2},"end":{"line":27,"column":22}},"6":{"start":{"line":19,"column":4},"end":{"line":21,"column":5}},"7":{"start":{"line":20,"column":6},"end":{"line":20,"column":23}},"8":{"start":{"line":22,"column":4},"end":{"line":22,"column":64}},"9":{"start":{"line":24,"column":4},"end":{"line":26,"column":6}},"10":{"start":{"line":25,"column":6},"end":{"line":25,"column":69}},"11":{"start":{"line":29,"column":2},"end":{"line":29,"column":27}}},"fnMap":{"0":{"name":"useOnBlur","decl":{"start":{"line":7,"column":16},"end":{"line":7,"column":25}},"loc":{"start":{"line":7,"column":35},"end":{"line":30,"column":1}},"line":7},"1":{"name":"(anonymous_1)","decl":{"start":{"line":10,"column":29},"end":{"line":10,"column":30}},"loc":{"start":{"line":10,"column":35},"end":{"line":16,"column":3}},"line":10},"2":{"name":"(anonymous_2)","decl":{"start":{"line":11,"column":15},"end":{"line":11,"column":16}},"loc":{"start":{"line":11,"column":21},"end":{"line":15,"column":5}},"line":11},"3":{"name":"(anonymous_3)","decl":{"start":{"line":18,"column":12},"end":{"line":18,"column":13}},"loc":{"start":{"line":18,"column":18},"end":{"line":27,"column":3}},"line":18},"4":{"name":"(anonymous_4)","decl":{"start":{"line":24,"column":11},"end":{"line":24,"column":12}},"loc":{"start":{"line":24,"column":17},"end":{"line":26,"column":5}},"line":24}},"branchMap":{"0":{"loc":{"start":{"line":12,"column":6},"end":{"line":14,"column":7}},"type":"if","locations":[{"start":{"line":12,"column":6},"end":{"line":14,"column":7}},{"start":{"line":12,"column":6},"end":{"line":14,"column":7}}],"line":12},"1":{"loc":{"start":{"line":12,"column":10},"end":{"line":12,"column":70}},"type":"binary-expr","locations":[{"start":{"line":12,"column":10},"end":{"line":12,"column":21}},{"start":{"line":12,"column":25},"end":{"line":12,"column":70}}],"line":12},"2":{"loc":{"start":{"line":19,"column":4},"end":{"line":21,"column":5}},"type":"if","locations":[{"start":{"line":19,"column":4},"end":{"line":21,"column":5}},{"start":{"line":19,"column":4},"end":{"line":21,"column":5}}],"line":19}},"s":{"0":615,"1":615,"2":113,"3":113,"4":77,"5":615,"6":553,"7":291,"8":262,"9":262,"10":262,"11":615},"f":{"0":615,"1":113,"2":113,"3":553,"4":262},"b":{"0":[77,36],"1":[113,112],"2":[291,262]},"_coverageSchema":"43e27e138ebf9cfc5966b082cf9a028302ed4184","hash":"d8da92363fca73af56a8d765b7ac072aa65eb992"}
,"/Users/Zen/Documents/Code/react-listboxes/src/hooks/use_previous.js": {"path":"/Users/Zen/Documents/Code/react-listboxes/src/hooks/use_previous.js","statementMap":{"0":{"start":{"line":4,"column":14},"end":{"line":4,"column":22}},"1":{"start":{"line":5,"column":2},"end":{"line":7,"column":5}},"2":{"start":{"line":6,"column":4},"end":{"line":6,"column":24}},"3":{"start":{"line":8,"column":2},"end":{"line":8,"column":21}}},"fnMap":{"0":{"name":"usePrevious","decl":{"start":{"line":3,"column":16},"end":{"line":3,"column":27}},"loc":{"start":{"line":3,"column":35},"end":{"line":9,"column":1}},"line":3},"1":{"name":"(anonymous_1)","decl":{"start":{"line":5,"column":12},"end":{"line":5,"column":13}},"loc":{"start":{"line":5,"column":18},"end":{"line":7,"column":3}},"line":5}},"branchMap":{},"s":{"0":615,"1":615,"2":553,"3":615},"f":{"0":615,"1":553},"b":{},"_coverageSchema":"43e27e138ebf9cfc5966b082cf9a028302ed4184","hash":"094bd42369e557ef330bea4afbe51dd1b238179b"}
,"/Users/Zen/Documents/Code/react-listboxes/src/hooks/use_search.js": {"path":"/Users/Zen/Documents/Code/react-listboxes/src/hooks/use_search.js","statementMap":{"0":{"start":{"line":5,"column":25},"end":{"line":16,"column":1}},"1":{"start":{"line":6,"column":18},"end":{"line":8,"column":18}},"2":{"start":{"line":7,"column":4},"end":{"line":7,"column":39}},"3":{"start":{"line":7,"column":26},"end":{"line":7,"column":38}},"4":{"start":{"line":9,"column":48},"end":{"line":9,"column":68}},"5":{"start":{"line":10,"column":19},"end":{"line":13,"column":15}},"6":{"start":{"line":11,"column":19},"end":{"line":11,"column":38}},"7":{"start":{"line":12,"column":4},"end":{"line":12,"column":56}},"8":{"start":{"line":12,"column":22},"end":{"line":12,"column":55}},"9":{"start":{"line":15,"column":2},"end":{"line":15,"column":37}}},"fnMap":{"0":{"name":"(anonymous_0)","decl":{"start":{"line":5,"column":25},"end":{"line":5,"column":26}},"loc":{"start":{"line":5,"column":41},"end":{"line":16,"column":1}},"line":5},"1":{"name":"(anonymous_1)","decl":{"start":{"line":6,"column":26},"end":{"line":6,"column":27}},"loc":{"start":{"line":7,"column":4},"end":{"line":7,"column":39}},"line":7},"2":{"name":"(anonymous_2)","decl":{"start":{"line":7,"column":19},"end":{"line":7,"column":20}},"loc":{"start":{"line":7,"column":26},"end":{"line":7,"column":38}},"line":7},"3":{"name":"(anonymous_3)","decl":{"start":{"line":10,"column":27},"end":{"line":10,"column":28}},"loc":{"start":{"line":10,"column":33},"end":{"line":13,"column":3}},"line":10},"4":{"name":"(anonymous_4)","decl":{"start":{"line":12,"column":11},"end":{"line":12,"column":12}},"loc":{"start":{"line":12,"column":22},"end":{"line":12,"column":55}},"line":12}},"branchMap":{},"s":{"0":0,"1":0,"2":0,"3":0,"4":0,"5":0,"6":0,"7":0,"8":0,"9":0},"f":{"0":0,"1":0,"2":0,"3":0,"4":0},"b":{},"hash":"bac7ba9041d1b8cf9ae22e50f8edcaf72b3d7895"}
,"/Users/Zen/Documents/Code/react-listboxes/src/hooks/use_selected_index.js": {"path":"/Users/Zen/Documents/Code/react-listboxes/src/hooks/use_selected_index.js","statementMap":{"0":{"start":{"line":5,"column":2},"end":{"line":8,"column":4}},"1":{"start":{"line":6,"column":10},"end":{"line":6,"column":66}}},"fnMap":{"0":{"name":"useSelectedIndex","decl":{"start":{"line":4,"column":16},"end":{"line":4,"column":32}},"loc":{"start":{"line":4,"column":72},"end":{"line":9,"column":1}},"line":4},"1":{"name":"(anonymous_1)","decl":{"start":{"line":6,"column":4},"end":{"line":6,"column":5}},"loc":{"start":{"line":6,"column":10},"end":{"line":6,"column":66}},"line":6}},"branchMap":{},"s":{"0":615,"1":177},"f":{"0":615,"1":177},"b":{},"_coverageSchema":"43e27e138ebf9cfc5966b082cf9a028302ed4184","hash":"e0c8f284fd95d381f103f0494ae8aca1bc2c52e6"}
,"/Users/Zen/Documents/Code/react-listboxes/src/hooks/use_thunk_reducer.js": {"path":"/Users/Zen/Documents/Code/react-listboxes/src/hooks/use_thunk_reducer.js","statementMap":{"0":{"start":{"line":4,"column":28},"end":{"line":4,"column":68}},"1":{"start":{"line":5,"column":19},"end":{"line":5,"column":32}},"2":{"start":{"line":6,"column":19},"end":{"line":6,"column":32}},"3":{"start":{"line":7,"column":2},"end":{"line":7,"column":27}},"4":{"start":{"line":8,"column":2},"end":{"line":8,"column":27}},"5":{"start":{"line":9,"column":24},"end":{"line":19,"column":3}},"6":{"start":{"line":11,"column":6},"end":{"line":13,"column":7}},"7":{"start":{"line":12,"column":8},"end":{"line":12,"column":20}},"8":{"start":{"line":14,"column":6},"end":{"line":16,"column":25}},"9":{"start":{"line":15,"column":36},"end":{"line":15,"column":52}},"10":{"start":{"line":15,"column":60},"end":{"line":15,"column":76}},"11":{"start":{"line":20,"column":2},"end":{"line":20,"column":32}}},"fnMap":{"0":{"name":"useThunkReducer","decl":{"start":{"line":3,"column":16},"end":{"line":3,"column":31}},"loc":{"start":{"line":3,"column":69},"end":{"line":21,"column":1}},"line":3},"1":{"name":"(anonymous_1)","decl":{"start":{"line":10,"column":4},"end":{"line":10,"column":5}},"loc":{"start":{"line":10,"column":14},"end":{"line":17,"column":5}},"line":10},"2":{"name":"(anonymous_2)","decl":{"start":{"line":15,"column":30},"end":{"line":15,"column":31}},"loc":{"start":{"line":15,"column":36},"end":{"line":15,"column":52}},"line":15},"3":{"name":"(anonymous_3)","decl":{"start":{"line":15,"column":54},"end":{"line":15,"column":55}},"loc":{"start":{"line":15,"column":60},"end":{"line":15,"column":76}},"line":15}},"branchMap":{"0":{"loc":{"start":{"line":11,"column":6},"end":{"line":13,"column":7}},"type":"if","locations":[{"start":{"line":11,"column":6},"end":{"line":13,"column":7}},{"start":{"line":11,"column":6},"end":{"line":13,"column":7}}],"line":11},"1":{"loc":{"start":{"line":14,"column":13},"end":{"line":16,"column":24}},"type":"cond-expr","locations":[{"start":{"line":15,"column":10},"end":{"line":15,"column":77}},{"start":{"line":16,"column":10},"end":{"line":16,"column":24}}],"line":14}},"s":{"0":615,"1":615,"2":615,"3":615,"4":615,"5":615,"6":895,"7":0,"8":895,"9":539,"10":431,"11":615},"f":{"0":615,"1":895,"2":539,"3":431},"b":{"0":[0,895],"1":[628,267]},"_coverageSchema":"43e27e138ebf9cfc5966b082cf9a028302ed4184","hash":"78ed24c70e0fd4002db81b76cd8656b26acaa8c5"}
,"/Users/Zen/Documents/Code/react-listboxes/src/validators/array_members.js": {"path":"/Users/Zen/Documents/Code/react-listboxes/src/validators/array_members.js","statementMap":{"0":{"start":{"line":2,"column":2},"end":{"line":10,"column":4}},"1":{"start":{"line":3,"column":4},"end":{"line":8,"column":5}},"2":{"start":{"line":4,"column":20},"end":{"line":4,"column":57}},"3":{"start":{"line":5,"column":6},"end":{"line":7,"column":7}},"4":{"start":{"line":6,"column":8},"end":{"line":6,"column":40}},"5":{"start":{"line":9,"column":4},"end":{"line":9,"column":16}}},"fnMap":{"0":{"name":"arrayMembers","decl":{"start":{"line":1,"column":16},"end":{"line":1,"column":28}},"loc":{"start":{"line":1,"column":38},"end":{"line":11,"column":1}},"line":1},"1":{"name":"(anonymous_1)","decl":{"start":{"line":2,"column":9},"end":{"line":2,"column":10}},"loc":{"start":{"line":2,"column":38},"end":{"line":10,"column":3}},"line":2}},"branchMap":{"0":{"loc":{"start":{"line":3,"column":4},"end":{"line":8,"column":5}},"type":"if","locations":[{"start":{"line":3,"column":4},"end":{"line":8,"column":5}},{"start":{"line":3,"column":4},"end":{"line":8,"column":5}}],"line":3},"1":{"loc":{"start":{"line":5,"column":6},"end":{"line":7,"column":7}},"type":"if","locations":[{"start":{"line":5,"column":6},"end":{"line":7,"column":7}},{"start":{"line":5,"column":6},"end":{"line":7,"column":7}}],"line":5}},"s":{"0":0,"1":0,"2":0,"3":0,"4":0,"5":0},"f":{"0":0,"1":0},"b":{"0":[0,0],"1":[0,0]},"hash":"d24d79bcccaf0db8d2fbeb38f8c594c7595d7070"}
,"/Users/Zen/Documents/Code/react-listboxes/src/validators/component_customiser.js": {"path":"/Users/Zen/Documents/Code/react-listboxes/src/validators/component_customiser.js","statementMap":{"0":{"start":{"line":4,"column":35},"end":{"line":12,"column":2}}},"fnMap":{},"branchMap":{},"s":{"0":0},"f":{},"b":{},"hash":"55f21d144664fd37f4d854ec36b83f27b4bb30cd"}
,"/Users/Zen/Documents/Code/react-listboxes/src/validators/component_validator.js": {"path":"/Users/Zen/Documents/Code/react-listboxes/src/validators/component_validator.js","statementMap":{"0":{"start":{"line":4,"column":34},"end":{"line":11,"column":2}}},"fnMap":{},"branchMap":{},"s":{"0":1},"f":{},"b":{},"_coverageSchema":"43e27e138ebf9cfc5966b082cf9a028302ed4184","hash":"e501ab373ac0c0f5aef8d417277539ad6391ebd0"}
,"/Users/Zen/Documents/Code/react-listboxes/src/validators/options.js": {"path":"/Users/Zen/Documents/Code/react-listboxes/src/validators/options.js","statementMap":{"0":{"start":{"line":4,"column":23},"end":{"line":29,"column":3}}},"fnMap":{},"branchMap":{},"s":{"0":0},"f":{},"b":{},"hash":"e91f604d8910d387be820e8909bb6867a7bb16a9"}
}
