TN:
SF:/Users/Zen/Documents/Code/react-listboxes/src/context.js
FNF:0
FNH:0
DA:3,1
LF:1
LH:1
BRF:0
BRH:0
end_of_record
TN:
SF:/Users/Zen/Documents/Code/react-listboxes/src/components/combo_box.jsx
FN:17,ComboBox
FN:48,(anonymous_1)
FN:51,(anonymous_2)
FN:57,(anonymous_3)
FN:65,(anonymous_4)
FN:78,(anonymous_5)
FN:112,(anonymous_6)
FN:113,(anonymous_7)
FN:114,(anonymous_8)
FN:123,(anonymous_9)
FN:124,(anonymous_10)
FN:145,(anonymous_11)
FN:146,(anonymous_12)
FN:153,(anonymous_13)
FN:179,(anonymous_14)
FN:196,(anonymous_15)
FNF:16
FNH:0
FNDA:0,ComboBox
FNDA:0,(anonymous_1)
FNDA:0,(anonymous_2)
FNDA:0,(anonymous_3)
FNDA:0,(anonymous_4)
FNDA:0,(anonymous_5)
FNDA:0,(anonymous_6)
FNDA:0,(anonymous_7)
FNDA:0,(anonymous_8)
FNDA:0,(anonymous_9)
FNDA:0,(anonymous_10)
FNDA:0,(anonymous_11)
FNDA:0,(anonymous_12)
FNDA:0,(anonymous_13)
FNDA:0,(anonymous_14)
FNDA:0,(anonymous_15)
DA:18,0
DA:34,0
DA:36,0
DA:37,0
DA:38,0
DA:39,0
DA:41,0
DA:47,0
DA:48,0
DA:50,0
DA:51,0
DA:52,0
DA:53,0
DA:57,0
DA:58,0
DA:59,0
DA:60,0
DA:61,0
DA:65,0
DA:66,0
DA:67,0
DA:72,0
DA:73,0
DA:78,0
DA:79,0
DA:80,0
DA:84,0
DA:85,0
DA:87,0
DA:88,0
DA:89,0
DA:91,0
DA:112,0
DA:113,0
DA:114,0
DA:123,0
DA:125,0
DA:126,0
DA:128,0
DA:129,0
DA:145,0
DA:146,0
DA:154,0
DA:155,0
DA:180,0
DA:181,0
DA:196,0
DA:224,0
DA:258,0
LF:49
LH:0
BRDA:52,0,0,0
BRDA:52,0,1,0
BRDA:52,1,0,0
BRDA:52,1,1,0
BRDA:58,2,0,0
BRDA:58,2,1,0
BRDA:58,3,0,0
BRDA:58,3,1,0
BRDA:58,3,2,0
BRDA:58,3,3,0
BRDA:60,4,0,0
BRDA:60,4,1,0
BRDA:66,5,0,0
BRDA:66,5,1,0
BRDA:66,6,0,0
BRDA:66,6,1,0
BRDA:72,7,0,0
BRDA:72,7,1,0
BRDA:79,8,0,0
BRDA:79,8,1,0
BRDA:80,9,0,0
BRDA:80,9,1,0
BRDA:80,9,2,0
BRDA:85,10,0,0
BRDA:85,10,1,0
BRDA:85,10,2,0
BRDA:86,11,0,0
BRDA:86,11,1,0
BRDA:86,11,2,0
BRDA:87,12,0,0
BRDA:87,12,1,0
BRDA:87,12,2,0
BRDA:88,13,0,0
BRDA:88,13,1,0
BRDA:89,14,0,0
BRDA:89,14,1,0
BRDA:89,14,2,0
BRDA:94,15,0,0
BRDA:94,15,1,0
BRDA:106,16,0,0
BRDA:106,16,1,0
BRDA:109,17,0,0
BRDA:109,17,1,0
BRDA:110,18,0,0
BRDA:110,18,1,0
BRDA:115,19,0,0
BRDA:115,19,1,0
BRDA:118,20,0,0
BRDA:118,20,1,0
BRDA:119,21,0,0
BRDA:119,21,1,0
BRDA:119,22,0,0
BRDA:119,22,1,0
BRDA:125,23,0,0
BRDA:125,23,1,0
BRDA:131,24,0,0
BRDA:131,24,1,0
BRDA:144,25,0,0
BRDA:144,25,1,0
BRDA:162,26,0,0
BRDA:162,26,1,0
BRDA:166,27,0,0
BRDA:166,27,1,0
BRDA:168,28,0,0
BRDA:168,28,1,0
BRDA:168,29,0,0
BRDA:168,29,1,0
BRDA:190,30,0,0
BRDA:190,30,1,0
BRDA:191,31,0,0
BRDA:191,31,1,0
BRDA:192,32,0,0
BRDA:192,32,1,0
BRDA:193,33,0,0
BRDA:193,33,1,0
BRDA:196,34,0,0
BRDA:196,34,1,0
BRDA:217,35,0,0
BRDA:217,35,1,0
BRF:79
BRH:0
end_of_record
TN:
SF:/Users/Zen/Documents/Code/react-listboxes/src/components/combo_box_button.jsx
FN:3,ComboBoxButton
FN:9,(anonymous_1)
FN:13,(anonymous_2)
FN:21,(anonymous_3)
FNF:4
FNH:0
FNDA:0,ComboBoxButton
FNDA:0,(anonymous_1)
FNDA:0,(anonymous_2)
FNDA:0,(anonymous_3)
DA:4,0
DA:5,0
DA:6,0
DA:7,0
DA:9,0
DA:10,0
DA:13,0
DA:14,0
DA:15,0
DA:16,0
DA:17,0
DA:21,0
DA:22,0
DA:23,0
DA:27,0
LF:15
LH:0
BRDA:16,0,0,0
BRDA:16,0,1,0
BRDA:22,1,0,0
BRDA:22,1,1,0
BRDA:37,2,0,0
BRDA:37,2,1,0
BRF:6
BRH:0
end_of_record
TN:
SF:/Users/Zen/Documents/Code/react-listboxes/src/components/drop_down.jsx
FN:20,DropDown
FN:43,(anonymous_1)
FN:46,(anonymous_2)
FN:52,(anonymous_3)
FN:56,(anonymous_4)
FN:64,(anonymous_5)
FN:66,(anonymous_6)
FN:69,(anonymous_7)
FN:77,(anonymous_8)
FN:107,(anonymous_9)
FN:108,(anonymous_10)
FN:120,(anonymous_11)
FN:125,(anonymous_12)
FN:132,(anonymous_13)
FN:157,(anonymous_14)
FN:174,(anonymous_15)
FN:223,(anonymous_16)
FNF:17
FNH:16
FNDA:615,DropDown
FNDA:77,(anonymous_1)
FNDA:315,(anonymous_2)
FNDA:353,(anonymous_3)
FNDA:36,(anonymous_4)
FNDA:2,(anonymous_5)
FNDA:17,(anonymous_6)
FNDA:396,(anonymous_7)
FNDA:396,(anonymous_8)
FNDA:117,(anonymous_9)
FNDA:28,(anonymous_10)
FNDA:195,(anonymous_11)
FNDA:122,(anonymous_12)
FNDA:104,(anonymous_13)
FNDA:1800,(anonymous_14)
FNDA:8,(anonymous_15)
FNDA:0,(anonymous_16)
DA:21,615
DA:32,615
DA:33,615
DA:34,615
DA:35,615
DA:37,615
DA:42,615
DA:43,615
DA:45,615
DA:46,615
DA:47,315
DA:48,25
DA:52,615
DA:53,353
DA:54,336
DA:56,36
DA:57,17
DA:58,14
DA:59,9
DA:61,5
DA:64,17
DA:66,17
DA:69,615
DA:70,396
DA:71,186
DA:72,210
DA:73,9
DA:77,615
DA:78,396
DA:79,7
DA:84,7
DA:85,1
DA:90,615
DA:92,615
DA:107,117
DA:108,28
DA:121,195
DA:122,195
DA:125,122
DA:133,104
DA:134,104
DA:158,1800
DA:159,1800
DA:174,8
DA:192,1
DA:216,1
LF:46
LH:46
BRDA:47,0,0,25
BRDA:47,0,1,290
BRDA:47,1,0,315
BRDA:47,1,1,163
BRDA:53,2,0,336
BRDA:53,2,1,17
BRDA:57,3,0,14
BRDA:57,3,1,3
BRDA:58,4,0,9
BRDA:58,4,1,5
BRDA:70,5,0,186
BRDA:70,5,1,210
BRDA:70,6,0,396
BRDA:70,6,1,195
BRDA:70,6,2,190
BRDA:72,7,0,9
BRDA:72,7,1,201
BRDA:78,8,0,7
BRDA:78,8,1,389
BRDA:78,9,0,396
BRDA:78,9,1,13
BRDA:84,10,0,1
BRDA:84,10,1,6
BRDA:95,11,0,0
BRDA:95,11,1,615
BRDA:103,12,0,401
BRDA:103,12,1,214
BRDA:104,13,0,615
BRDA:104,13,1,221
BRDA:112,14,0,615
BRDA:112,14,1,614
BRDA:112,14,2,21
BRDA:141,15,0,17
BRDA:141,15,1,87
BRDA:144,16,0,17
BRDA:144,16,1,87
BRDA:146,17,0,104
BRDA:146,17,1,17
BRDA:168,18,0,377
BRDA:168,18,1,1423
BRDA:169,19,0,49
BRDA:169,19,1,1751
BRDA:170,20,0,377
BRDA:170,20,1,1423
BRDA:171,21,0,1800
BRDA:171,21,1,377
BRDA:171,22,0,1800
BRDA:171,22,1,188
BRDA:174,23,0,49
BRDA:174,23,1,1751
BRF:50
BRH:49
end_of_record
TN:
SF:/Users/Zen/Documents/Code/react-listboxes/src/components/highlight.jsx
FN:4,Highlight
FN:5,(anonymous_1)
FNF:2
FNH:0
FNDA:0,Highlight
FNDA:0,(anonymous_1)
DA:5,0
DA:6,0
DA:9,0
LF:3
LH:0
BRDA:5,0,0,0
BRDA:5,0,1,0
BRF:2
BRH:0
end_of_record
TN:
SF:/Users/Zen/Documents/Code/react-listboxes/src/components/highlight_value.jsx
FN:6,HighlightValue
FNF:1
FNH:0
FNDA:0,HighlightValue
DA:7,0
DA:8,0
DA:15,0
LF:3
LH:0
BRF:0
BRH:0
end_of_record
TN:
SF:/Users/Zen/Documents/Code/react-listboxes/src/components/select.jsx
FN:8,Select
FN:19,(anonymous_1)
FN:20,(anonymous_2)
FN:33,(anonymous_3)
FN:46,(anonymous_4)
FN:78,(anonymous_5)
FN:79,(anonymous_6)
FNF:7
FNH:0
FNDA:0,Select
FNDA:0,(anonymous_1)
FNDA:0,(anonymous_2)
FNDA:0,(anonymous_3)
FNDA:0,(anonymous_4)
FNDA:0,(anonymous_5)
FNDA:0,(anonymous_6)
DA:13,0
DA:15,0
DA:16,0
DA:17,0
DA:19,0
DA:20,0
DA:21,0
DA:24,0
DA:34,0
DA:47,0
DA:64,0
DA:75,0
LF:12
LH:0
BRDA:20,0,0,0
BRDA:20,0,1,0
BRDA:26,1,0,0
BRDA:26,1,1,0
BRF:4
BRH:0
end_of_record
TN:
SF:/Users/Zen/Documents/Code/react-listboxes/src/components/combo_box/actions.js
FN:11,setListProps
FN:15,onSelectValue
FN:16,(anonymous_2)
FN:26,onButtonKeyDown
FN:27,(anonymous_4)
FN:42,onKeyDown
FN:43,(anonymous_6)
FN:139,onChange
FN:140,(anonymous_8)
FN:149,onFocus
FN:150,(anonymous_10)
FN:160,onBlur
FN:161,(anonymous_12)
FN:177,onClick
FN:178,(anonymous_14)
FN:189,onOptionsChanged
FN:190,(anonymous_16)
FN:203,(anonymous_17)
FNF:18
FNH:0
FNDA:0,setListProps
FNDA:0,onSelectValue
FNDA:0,(anonymous_2)
FNDA:0,onButtonKeyDown
FNDA:0,(anonymous_4)
FNDA:0,onKeyDown
FNDA:0,(anonymous_6)
FNDA:0,onChange
FNDA:0,(anonymous_8)
FNDA:0,onFocus
FNDA:0,(anonymous_10)
FNDA:0,onBlur
FNDA:0,(anonymous_12)
FNDA:0,onClick
FNDA:0,(anonymous_14)
FNDA:0,onOptionsChanged
FNDA:0,(anonymous_16)
FNDA:0,(anonymous_17)
DA:5,0
DA:6,0
DA:7,0
DA:8,0
DA:9,0
DA:12,0
DA:16,0
DA:17,0
DA:18,0
DA:19,0
DA:20,0
DA:22,0
DA:27,0
DA:28,0
DA:29,0
DA:31,0
DA:32,0
DA:35,0
DA:36,0
DA:37,0
DA:43,0
DA:44,0
DA:45,0
DA:46,0
DA:48,0
DA:49,0
DA:52,0
DA:53,0
DA:54,0
DA:55,0
DA:56,0
DA:59,0
DA:62,0
DA:63,0
DA:64,0
DA:65,0
DA:66,0
DA:67,0
DA:68,0
DA:70,0
DA:76,0
DA:79,0
DA:80,0
DA:81,0
DA:82,0
DA:84,0
DA:90,0
DA:92,0
DA:95,0
DA:96,0
DA:97,0
DA:102,0
DA:105,0
DA:106,0
DA:107,0
DA:109,0
DA:112,0
DA:113,0
DA:115,0
DA:116,0
DA:117,0
DA:118,0
DA:119,0
DA:122,0
DA:127,0
DA:128,0
DA:130,0
DA:132,0
DA:133,0
DA:140,0
DA:141,0
DA:142,0
DA:144,0
DA:150,0
DA:151,0
DA:152,0
DA:153,0
DA:155,0
DA:156,0
DA:161,0
DA:162,0
DA:163,0
DA:165,0
DA:166,0
DA:167,0
DA:170,0
DA:171,0
DA:172,0
DA:178,0
DA:179,0
DA:180,0
DA:183,0
DA:184,0
DA:185,0
DA:190,0
DA:191,0
DA:192,0
DA:194,0
DA:195,0
DA:198,0
DA:199,0
DA:202,0
DA:203,0
DA:205,0
LF:104
LH:0
BRDA:19,0,0,0
BRDA:19,0,1,0
BRDA:22,1,0,0
BRDA:22,1,1,0
BRDA:31,2,0,0
BRDA:31,2,1,0
BRDA:31,3,0,0
BRDA:31,3,1,0
BRDA:35,4,0,0
BRDA:35,4,1,0
BRDA:35,5,0,0
BRDA:35,5,1,0
BRDA:48,6,0,0
BRDA:48,6,1,0
BRDA:48,7,0,0
BRDA:48,7,1,0
BRDA:52,8,0,0
BRDA:52,8,1,0
BRDA:59,9,0,0
BRDA:59,9,1,0
BRDA:59,9,2,0
BRDA:59,9,3,0
BRDA:59,9,4,0
BRDA:59,9,5,0
BRDA:59,9,6,0
BRDA:59,9,7,0
BRDA:59,9,8,0
BRDA:59,9,9,0
BRDA:63,10,0,0
BRDA:63,10,1,0
BRDA:66,11,0,0
BRDA:66,11,1,0
BRDA:67,12,0,0
BRDA:67,12,1,0
BRDA:80,13,0,0
BRDA:80,13,1,0
BRDA:80,14,0,0
BRDA:80,14,1,0
BRDA:81,15,0,0
BRDA:81,15,1,0
BRDA:95,16,0,0
BRDA:95,16,1,0
BRDA:105,17,0,0
BRDA:105,17,1,0
BRDA:112,18,0,0
BRDA:112,18,1,0
BRDA:116,19,0,0
BRDA:116,19,1,0
BRDA:116,20,0,0
BRDA:116,20,1,0
BRDA:118,21,0,0
BRDA:118,21,1,0
BRDA:127,22,0,0
BRDA:127,22,1,0
BRDA:127,23,0,0
BRDA:127,23,1,0
BRDA:132,24,0,0
BRDA:132,24,1,0
BRDA:132,25,0,0
BRDA:132,25,1,0
BRDA:132,25,2,0
BRDA:141,26,0,0
BRDA:141,26,1,0
BRDA:152,27,0,0
BRDA:152,27,1,0
BRDA:165,28,0,0
BRDA:165,28,1,0
BRDA:171,29,0,0
BRDA:171,29,1,0
BRDA:179,30,0,0
BRDA:179,30,1,0
BRDA:194,31,0,0
BRDA:194,31,1,0
BRDA:194,32,0,0
BRDA:194,32,1,0
BRDA:198,33,0,0
BRDA:198,33,1,0
BRDA:205,34,0,0
BRDA:205,34,1,0
BRF:79
BRH:0
end_of_record
TN:
SF:/Users/Zen/Documents/Code/react-listboxes/src/components/combo_box/initial_state.js
FN:1,initialState
FNF:1
FNH:0
FNDA:0,initialState
DA:2,0
LF:1
LH:0
BRF:0
BRH:0
end_of_record
TN:
SF:/Users/Zen/Documents/Code/react-listboxes/src/components/combo_box/reducer.js
FN:3,reducer
FNF:1
FNH:0
FNDA:0,reducer
DA:7,0
DA:8,0
DA:10,0
DA:12,0
DA:14,0
DA:16,0
DA:18,0
DA:20,0
LF:8
LH:0
BRDA:5,0,0,0
BRDA:8,1,0,0
BRDA:8,1,1,0
BRDA:8,1,2,0
BRDA:8,1,3,0
BRDA:8,1,4,0
BRDA:8,1,5,0
BRDA:16,2,0,0
BRDA:16,2,1,0
BRF:9
BRH:0
end_of_record
TN:
SF:/Users/Zen/Documents/Code/react-listboxes/src/components/drop_down/actions.js
FN:12,clearSearch
FN:16,setFocusedIndex
FN:20,setListProps
FN:24,onSelectValue
FN:25,(anonymous_4)
FN:38,onToggleOpen
FN:39,(anonymous_6)
FN:53,onButtonKeyDown
FN:54,(anonymous_8)
FN:87,onKeyDown
FN:88,(anonymous_10)
FN:144,onFocus
FN:145,(anonymous_12)
FN:155,onBlur
FN:156,(anonymous_14)
FN:165,onClick
FN:166,(anonymous_16)
FN:177,onOptionsChanged
FN:178,(anonymous_18)
FN:187,(anonymous_19)
FNF:20
FNH:20
FNDA:2,clearSearch
FNDA:195,setFocusedIndex
FNDA:1,setListProps
FNDA:52,onSelectValue
FNDA:52,(anonymous_4)
FNDA:121,onToggleOpen
FNDA:121,(anonymous_6)
FNDA:28,onButtonKeyDown
FNDA:28,(anonymous_8)
FNDA:122,onKeyDown
FNDA:122,(anonymous_10)
FNDA:195,onFocus
FNDA:195,(anonymous_12)
FNDA:77,onBlur
FNDA:77,(anonymous_14)
FNDA:8,onClick
FNDA:8,(anonymous_16)
FNDA:25,onOptionsChanged
FNDA:25,(anonymous_18)
FNDA:19,(anonymous_19)
DA:5,1
DA:6,1
DA:7,1
DA:8,1
DA:9,1
DA:10,1
DA:13,2
DA:17,195
DA:21,1
DA:25,52
DA:26,52
DA:27,52
DA:28,8
DA:29,8
DA:31,44
DA:32,44
DA:33,37
DA:39,121
DA:40,121
DA:41,1
DA:43,120
DA:44,120
DA:45,120
DA:46,0
DA:48,120
DA:54,28
DA:55,28
DA:56,28
DA:58,28
DA:59,10
DA:62,18
DA:65,4
DA:66,4
DA:67,4
DA:70,3
DA:71,1
DA:75,6
DA:76,6
DA:77,6
DA:80,7
DA:81,7
DA:88,122
DA:89,122
DA:90,122
DA:91,122
DA:93,122
DA:94,20
DA:97,102
DA:100,8
DA:101,8
DA:102,6
DA:103,6
DA:105,2
DA:107,8
DA:110,50
DA:111,50
DA:112,49
DA:114,50
DA:117,1
DA:118,1
DA:119,1
DA:122,1
DA:123,1
DA:124,1
DA:129,32
DA:130,32
DA:131,5
DA:133,27
DA:134,27
DA:135,27
DA:137,10
DA:138,10
DA:145,195
DA:146,195
DA:147,195
DA:148,195
DA:150,0
DA:151,0
DA:156,77
DA:157,77
DA:158,77
DA:159,77
DA:160,7
DA:166,8
DA:167,8
DA:168,1
DA:171,7
DA:172,7
DA:173,7
DA:178,25
DA:179,25
DA:180,25
DA:182,25
DA:183,18
DA:186,7
DA:187,19
DA:189,7
LF:97
LH:94
BRDA:27,0,0,8
BRDA:27,0,1,44
BRDA:27,1,0,52
BRDA:27,1,1,47
BRDA:32,2,0,37
BRDA:32,2,1,7
BRDA:40,3,0,1
BRDA:40,3,1,120
BRDA:45,4,0,0
BRDA:45,4,1,120
BRDA:58,5,0,10
BRDA:58,5,1,18
BRDA:58,6,0,28
BRDA:58,6,1,23
BRDA:62,7,0,2
BRDA:62,7,1,4
BRDA:62,7,2,3
BRDA:62,7,3,6
BRDA:62,7,4,7
BRDA:70,8,0,1
BRDA:70,8,1,2
BRDA:80,9,0,7
BRDA:80,9,1,0
BRDA:93,10,0,20
BRDA:93,10,1,102
BRDA:93,11,0,122
BRDA:93,11,1,112
BRDA:97,12,0,8
BRDA:97,12,1,50
BRDA:97,12,2,1
BRDA:97,12,3,1
BRDA:97,12,4,7
BRDA:97,12,5,21
BRDA:97,12,6,32
BRDA:97,12,7,10
BRDA:101,13,0,6
BRDA:101,13,1,2
BRDA:111,14,0,49
BRDA:111,14,1,1
BRDA:130,15,0,5
BRDA:130,15,1,27
BRDA:137,16,0,10
BRDA:137,16,1,0
BRDA:147,17,0,195
BRDA:147,17,1,0
BRDA:159,18,0,7
BRDA:159,18,1,70
BRDA:167,19,0,1
BRDA:167,19,1,7
BRDA:182,20,0,18
BRDA:182,20,1,7
BRDA:189,21,0,3
BRDA:189,21,1,4
BRF:53
BRH:49
end_of_record
TN:
SF:/Users/Zen/Documents/Code/react-listboxes/src/components/drop_down/initial_state.js
FN:1,initialState
FNF:1
FNH:1
FNDA:152,initialState
DA:2,152
LF:1
LH:1
BRF:0
BRH:0
end_of_record
TN:
SF:/Users/Zen/Documents/Code/react-listboxes/src/components/drop_down/reducer.js
FN:3,reducer
FNF:1
FNH:1
FNDA:267,reducer
DA:4,267
DA:6,8
DA:8,2
DA:10,17
DA:12,44
DA:14,195
DA:16,1
LF:7
LH:7
BRDA:4,0,0,8
BRDA:4,0,1,2
BRDA:4,0,2,17
BRDA:4,0,3,44
BRDA:4,0,4,195
BRDA:4,0,5,1
BRDA:10,1,0,17
BRDA:10,1,1,14
BRF:8
BRH:8
end_of_record
TN:
SF:/Users/Zen/Documents/Code/react-listboxes/src/components/highlighters/prefix_highlight.jsx
FN:5,PrefixHighlight
FNF:1
FNH:0
FNDA:0,PrefixHighlight
DA:6,0
LF:1
LH:0
BRF:0
BRH:0
end_of_record
TN:
SF:/Users/Zen/Documents/Code/react-listboxes/src/components/highlighters/substring_highlight.jsx
FN:5,SubstringHighlight
FNF:1
FNH:0
FNDA:0,SubstringHighlight
DA:6,0
LF:1
LH:0
BRF:0
BRH:0
end_of_record
TN:
SF:/Users/Zen/Documents/Code/react-listboxes/src/components/highlighters/token_highlight.jsx
FN:5,TokenHighlight
FNF:1
FNH:0
FNDA:0,TokenHighlight
DA:6,0
LF:1
LH:0
BRF:0
BRH:0
end_of_record
TN:
SF:/Users/Zen/Documents/Code/react-listboxes/src/constants/group_key_prefix.js
FNF:0
FNH:0
DA:1,0
LF:1
LH:0
BRF:0
BRH:0
end_of_record
TN:
SF:/Users/Zen/Documents/Code/react-listboxes/src/constants/r_accent.js
FNF:0
FNH:0
DA:1,0
LF:1
LH:0
BRF:0
BRH:0
end_of_record
TN:
SF:/Users/Zen/Documents/Code/react-listboxes/src/constants/r_non_printable_key.js
FNF:0
FNH:0
DA:1,1
LF:1
LH:1
BRF:0
BRH:0
end_of_record
TN:
SF:/Users/Zen/Documents/Code/react-listboxes/src/constants/r_punctuation.js
FNF:0
FNH:0
DA:1,0
LF:1
LH:0
BRF:0
BRH:0
end_of_record
TN:
SF:/Users/Zen/Documents/Code/react-listboxes/src/constants/r_space.js
FNF:0
FNH:0
DA:1,0
LF:1
LH:0
BRF:0
BRH:0
end_of_record
TN:
SF:/Users/Zen/Documents/Code/react-listboxes/src/helpers/add_event_once.js
FN:1,addEventOnce
FN:2,(anonymous_1)
FN:8,(anonymous_2)
FNF:3
FNH:0
FNDA:0,addEventOnce
FNDA:0,(anonymous_1)
FNDA:0,(anonymous_2)
DA:2,0
DA:3,0
DA:4,0
DA:6,0
DA:8,0
DA:9,0
LF:6
LH:0
BRF:0
BRH:0
end_of_record
TN:
SF:/Users/Zen/Documents/Code/react-listboxes/src/helpers/bem_class_generator.js
FN:1,bemClassGenerator
FN:3,(anonymous_1)
FN:5,(anonymous_2)
FN:10,(anonymous_3)
FNF:4
FNH:4
FNDA:615,bemClassGenerator
FNDA:18,(anonymous_1)
FNDA:3116,(anonymous_2)
FNDA:577,(anonymous_3)
DA:2,615
DA:3,18
DA:5,612
DA:6,3116
DA:8,3116
DA:10,577
LF:6
LH:6
BRDA:2,0,0,3
BRDA:2,0,1,612
BRDA:6,1,0,3116
BRDA:6,1,1,0
BRF:4
BRH:3
end_of_record
TN:
SF:/Users/Zen/Documents/Code/react-listboxes/src/helpers/debouncer_factory.js
FN:8,debouncerFactory
FN:13,(anonymous_1)
FN:15,(anonymous_2)
FN:20,(anonymous_3)
FNF:4
FNH:0
FNDA:0,debouncerFactory
FNDA:0,(anonymous_1)
FNDA:0,(anonymous_2)
FNDA:0,(anonymous_3)
DA:11,0
DA:13,0
DA:14,0
DA:15,0
DA:16,0
DA:20,0
DA:21,0
DA:22,0
DA:23,0
DA:24,0
DA:27,0
DA:29,0
DA:30,0
DA:31,0
DA:34,0
LF:15
LH:0
BRDA:8,0,0,0
BRDA:8,1,0,0
BRDA:14,2,0,0
BRDA:14,2,1,0
BRDA:14,3,0,0
BRDA:14,3,1,0
BRDA:29,4,0,0
BRDA:29,4,1,0
BRF:8
BRH:0
end_of_record
TN:
SF:/Users/Zen/Documents/Code/react-listboxes/src/helpers/dismember_component.js
FN:3,dismemberComponent
FNF:1
FNH:0
FNDA:0,dismemberComponent
DA:4,0
DA:5,0
DA:7,0
DA:8,0
DA:10,0
LF:5
LH:0
BRDA:3,0,0,0
BRDA:4,1,0,0
BRDA:4,1,1,0
BRDA:7,2,0,0
BRDA:7,2,1,0
BRDA:7,3,0,0
BRDA:7,3,1,0
BRDA:7,3,2,0
BRDA:7,3,3,0
BRF:9
BRH:0
end_of_record
TN:
SF:/Users/Zen/Documents/Code/react-listboxes/src/helpers/equal_values.js
FN:1,equalValues
FNF:1
FNH:0
FNDA:0,equalValues
DA:2,0
LF:1
LH:0
BRDA:2,0,0,0
BRDA:2,0,1,0
BRDA:2,0,2,0
BRDA:2,0,3,0
BRF:4
BRH:0
end_of_record
TN:
SF:/Users/Zen/Documents/Code/react-listboxes/src/helpers/find_selected_index.js
FN:1,findSelectedIndex
FN:4,(anonymous_1)
FNF:2
FNH:2
FNDA:177,findSelectedIndex
FNDA:121,(anonymous_1)
DA:2,177
DA:3,177
DA:4,121
DA:6,177
DA:7,126
DA:9,177
LF:6
LH:6
BRDA:3,0,0,53
BRDA:3,0,1,124
BRDA:6,1,0,126
BRDA:6,1,1,51
BRDA:7,2,0,126
BRDA:7,2,1,0
BRF:6
BRH:5
end_of_record
TN:
SF:/Users/Zen/Documents/Code/react-listboxes/src/helpers/get_platform.js
FN:1,getPlatform
FNF:1
FNH:0
FNDA:0,getPlatform
DA:2,0
DA:3,0
DA:5,0
LF:3
LH:0
BRDA:2,0,0,0
BRDA:2,0,1,0
BRF:2
BRH:0
end_of_record
TN:
SF:/Users/Zen/Documents/Code/react-listboxes/src/helpers/group_options.js
FN:1,groupOptions
FN:4,(anonymous_1)
FN:13,(anonymous_2)
FNF:3
FNH:0
FNDA:0,groupOptions
FNDA:0,(anonymous_1)
FNDA:0,(anonymous_2)
DA:2,0
DA:4,0
DA:5,0
DA:6,0
DA:7,0
DA:8,0
DA:10,0
DA:13,0
DA:14,0
DA:15,0
DA:17,0
DA:18,0
LF:12
LH:0
BRDA:6,0,0,0
BRDA:6,0,1,0
BRDA:14,1,0,0
BRDA:14,1,1,0
BRF:4
BRH:0
end_of_record
TN:
SF:/Users/Zen/Documents/Code/react-listboxes/src/helpers/join_tokens.js
FN:1,joinTokens
FNF:1
FNH:1
FNDA:615,joinTokens
DA:2,615
LF:1
LH:1
BRDA:2,0,0,615
BRDA:2,0,1,3
BRF:2
BRH:2
end_of_record
TN:
SF:/Users/Zen/Documents/Code/react-listboxes/src/helpers/make_prefix_search.js
FN:4,(anonymous_0)
FN:5,(anonymous_1)
FN:7,(anonymous_2)
FN:13,(anonymous_3)
FNF:4
FNH:0
FNDA:0,(anonymous_0)
FNDA:0,(anonymous_1)
FNDA:0,(anonymous_2)
FNDA:0,(anonymous_3)
DA:4,0
DA:5,0
DA:7,0
DA:8,0
DA:9,0
DA:12,0
DA:13,0
LF:7
LH:0
BRDA:8,0,0,0
BRDA:8,0,1,0
BRDA:8,1,0,0
BRDA:8,1,1,0
BRF:4
BRH:0
end_of_record
TN:
SF:/Users/Zen/Documents/Code/react-listboxes/src/helpers/make_search.js
FN:4,(anonymous_0)
FN:5,(anonymous_1)
FN:5,(anonymous_2)
FN:7,(anonymous_3)
FN:14,(anonymous_4)
FN:15,(anonymous_5)
FN:15,(anonymous_6)
FNF:7
FNH:0
FNDA:0,(anonymous_0)
FNDA:0,(anonymous_1)
FNDA:0,(anonymous_2)
FNDA:0,(anonymous_3)
FNDA:0,(anonymous_4)
FNDA:0,(anonymous_5)
FNDA:0,(anonymous_6)
DA:4,0
DA:5,0
DA:7,0
DA:8,0
DA:9,0
DA:12,0
DA:13,0
DA:15,0
LF:8
LH:0
BRDA:8,0,0,0
BRDA:8,0,1,0
BRDA:8,1,0,0
BRDA:8,1,1,0
BRDA:15,2,0,0
BRDA:15,2,1,0
BRF:6
BRH:0
end_of_record
TN:
SF:/Users/Zen/Documents/Code/react-listboxes/src/helpers/merge_nodes.js
FNF:0
FNH:0
LF:0
LH:0
BRF:0
BRH:0
end_of_record
TN:
SF:/Users/Zen/Documents/Code/react-listboxes/src/helpers/next_in_list.js
FN:1,nextInList
FNF:1
FNH:1
FNDA:50,nextInList
DA:6,50
DA:7,50
DA:8,3
DA:9,0
DA:11,3
DA:13,50
DA:14,0
DA:16,50
DA:17,0
DA:19,50
LF:10
LH:7
BRDA:3,0,0,0
BRDA:4,1,0,50
BRDA:4,2,0,50
BRDA:4,3,0,50
BRDA:7,4,0,3
BRDA:7,4,1,47
BRDA:8,5,0,0
BRDA:8,5,1,3
BRDA:13,6,0,0
BRDA:13,6,1,50
BRDA:16,7,0,0
BRDA:16,7,1,50
BRF:12
BRH:8
end_of_record
TN:
SF:/Users/Zen/Documents/Code/react-listboxes/src/helpers/normalise_highlight.js
FN:4,normaliseHighlight
FN:5,(anonymous_1)
FN:16,(anonymous_2)
FNF:3
FNH:0
FNDA:0,normaliseHighlight
FNDA:0,(anonymous_1)
FNDA:0,(anonymous_2)
DA:5,0
DA:6,0
DA:7,0
DA:8,0
DA:9,0
DA:11,0
DA:14,0
DA:16,0
DA:19,0
LF:9
LH:0
BRDA:6,0,0,0
BRDA:6,0,1,0
BRDA:6,1,0,0
BRDA:6,1,1,0
BRDA:6,1,2,0
BRDA:8,2,0,0
BRDA:8,2,1,0
BRDA:8,3,0,0
BRDA:8,3,1,0
BRDA:14,4,0,0
BRDA:14,4,1,0
BRDA:16,5,0,0
BRDA:16,5,1,0
BRDA:19,6,0,0
BRDA:19,6,1,0
BRF:15
BRH:0
end_of_record
TN:
SF:/Users/Zen/Documents/Code/react-listboxes/src/helpers/only_option_is_selected.js
FN:1,onlyOptionIsSelected
FNF:1
FNH:0
FNDA:0,onlyOptionIsSelected
DA:2,0
LF:1
LH:0
BRDA:2,0,0,0
BRDA:2,0,1,0
BRDA:2,0,2,0
BRF:3
BRH:0
end_of_record
TN:
SF:/Users/Zen/Documents/Code/react-listboxes/src/helpers/optionise.js
FN:1,(anonymous_0)
FNF:1
FNH:1
FNDA:563,(anonymous_0)
DA:1,1
DA:2,563
DA:3,563
DA:4,426
DA:5,426
DA:17,137
LF:6
LH:6
BRDA:2,0,0,10
BRDA:2,0,1,553
BRDA:2,1,0,563
BRDA:2,1,1,10
BRDA:3,2,0,426
BRDA:3,2,1,137
BRDA:3,3,0,563
BRDA:3,3,1,563
BRDA:10,4,0,426
BRDA:10,4,1,423
BRDA:10,4,2,420
BRDA:17,5,0,137
BRDA:17,5,1,0
BRF:13
BRH:12
end_of_record
TN:
SF:/Users/Zen/Documents/Code/react-listboxes/src/helpers/optionise_group.js
FN:3,(anonymous_0)
FNF:1
FNH:0
FNDA:0,(anonymous_0)
DA:3,0
DA:4,0
DA:5,0
DA:6,0
DA:17,0
LF:5
LH:0
BRDA:4,0,0,0
BRDA:4,0,1,0
BRDA:5,1,0,0
BRDA:9,2,0,0
BRDA:9,2,1,0
BRDA:9,2,2,0
BRF:6
BRH:0
end_of_record
TN:
SF:/Users/Zen/Documents/Code/react-listboxes/src/helpers/previous_in_list.js
FN:1,previousInList
FNF:1
FNH:1
FNDA:3,previousInList
DA:6,3
DA:7,3
DA:8,0
DA:10,3
DA:11,2
DA:13,3
DA:14,0
DA:16,3
DA:17,0
DA:19,3
LF:10
LH:7
BRDA:3,0,0,0
BRDA:4,1,0,3
BRDA:4,2,0,3
BRDA:4,3,0,3
BRDA:7,4,0,0
BRDA:7,4,1,3
BRDA:7,5,0,3
BRDA:7,5,1,2
BRDA:10,6,0,2
BRDA:10,6,1,1
BRDA:13,7,0,0
BRDA:13,7,1,3
BRDA:16,8,0,0
BRDA:16,8,1,3
BRF:14
BRH:10
end_of_record
TN:
SF:/Users/Zen/Documents/Code/react-listboxes/src/helpers/render_grouped_options.js
FN:1,renderGroupedOptions
FN:3,(anonymous_1)
FNF:2
FNH:2
FNDA:615,renderGroupedOptions
FNDA:1904,(anonymous_1)
DA:2,615
DA:3,615
DA:4,1904
DA:5,104
DA:6,104
DA:7,104
DA:8,1800
DA:9,188
DA:11,1612
DA:13,1904
LF:10
LH:10
BRDA:4,0,0,104
BRDA:4,0,1,1800
BRDA:8,1,0,188
BRDA:8,1,1,1612
BRF:4
BRH:4
end_of_record
TN:
SF:/Users/Zen/Documents/Code/react-listboxes/src/helpers/to_normalized_string.js
FN:3,toNormalizedString
FNF:1
FNH:0
FNDA:0,toNormalizedString
DA:4,0
DA:5,0
DA:7,0
DA:10,0
DA:12,0
LF:5
LH:0
BRDA:4,0,0,0
BRDA:4,0,1,0
BRDA:4,1,0,0
BRDA:4,1,1,0
BRDA:7,2,0,0
BRDA:7,2,1,0
BRF:6
BRH:0
end_of_record
TN:
SF:/Users/Zen/Documents/Code/react-listboxes/src/helpers/to_searchable_string.js
FN:5,toSearchableString
FNF:1
FNH:0
FNDA:0,toSearchableString
DA:6,0
LF:1
LH:0
BRF:0
BRH:0
end_of_record
TN:
SF:/Users/Zen/Documents/Code/react-listboxes/src/helpers/tokenise.js
FN:4,tokenise
FNF:1
FNH:0
FNDA:0,tokenise
DA:5,0
LF:1
LH:0
BRF:0
BRH:0
end_of_record
TN:
SF:/Users/Zen/Documents/Code/react-listboxes/src/helpers/unique_id_generator.js
FN:2,(anonymous_0)
FN:6,(anonymous_1)
FN:9,(anonymous_2)
FNF:3
FNH:3
FNDA:177,(anonymous_0)
FNDA:538,(anonymous_1)
FNDA:6,(anonymous_2)
DA:3,177
DA:7,538
DA:8,538
DA:9,6
DA:11,538
DA:12,538
LF:6
LH:6
BRDA:9,0,0,4
BRF:1
BRH:1
end_of_record
TN:
SF:/Users/Zen/Documents/Code/react-listboxes/src/highlighters/pass_through_highlighter.js
FN:4,passThroughHighlighter
FNF:1
FNH:0
FNDA:0,passThroughHighlighter
DA:5,0
LF:1
LH:0
BRF:0
BRH:0
end_of_record
TN:
SF:/Users/Zen/Documents/Code/react-listboxes/src/highlighters/prefix_highlighter.js
FN:7,prefixHighlighter
FNF:1
FNH:0
FNDA:0,prefixHighlighter
DA:8,0
DA:9,0
DA:12,0
DA:13,0
DA:16,0
LF:5
LH:0
BRDA:8,0,0,0
BRDA:8,0,1,0
BRDA:8,1,0,0
BRDA:8,1,1,0
BRDA:9,2,0,0
BRDA:9,2,1,0
BRDA:12,3,0,0
BRDA:12,3,1,0
BRDA:12,4,0,0
BRDA:12,4,1,0
BRF:10
BRH:0
end_of_record
TN:
SF:/Users/Zen/Documents/Code/react-listboxes/src/highlighters/substring_highlighter.js
FN:7,substringHighlighter
FNF:1
FNH:0
FNDA:0,substringHighlighter
DA:8,0
DA:9,0
DA:12,0
DA:13,0
DA:14,0
DA:21,0
LF:6
LH:0
BRDA:8,0,0,0
BRDA:8,0,1,0
BRDA:8,1,0,0
BRDA:8,1,1,0
BRDA:9,2,0,0
BRDA:9,2,1,0
BRDA:13,3,0,0
BRDA:13,3,1,0
BRF:8
BRH:0
end_of_record
TN:
SF:/Users/Zen/Documents/Code/react-listboxes/src/highlighters/token_highlighter.js
FN:13,tokenHighlighter
FN:54,(anonymous_1)
FNF:2
FNH:0
FNDA:0,tokenHighlighter
FNDA:0,(anonymous_1)
DA:14,0
DA:16,0
DA:18,0
DA:19,0
DA:20,0
DA:21,0
DA:22,0
DA:23,0
DA:24,0
DA:27,0
DA:28,0
DA:29,0
DA:31,0
DA:34,0
DA:36,0
DA:38,0
DA:39,0
DA:40,0
DA:42,0
DA:44,0
DA:45,0
DA:48,0
DA:49,0
DA:50,0
DA:52,0
DA:54,0
DA:55,0
DA:56,0
DA:57,0
DA:60,0
DA:63,0
DA:65,0
DA:66,0
DA:68,0
LF:34
LH:0
BRDA:14,0,0,0
BRDA:14,0,1,0
BRDA:28,1,0,0
BRDA:28,1,1,0
BRDA:29,2,0,0
BRDA:29,2,1,0
BRDA:31,3,0,0
BRDA:31,3,1,0
BRDA:31,4,0,0
BRDA:31,4,1,0
BRDA:31,4,2,0
BRDA:36,5,0,0
BRDA:36,5,1,0
BRDA:36,6,0,0
BRDA:36,6,1,0
BRDA:36,6,2,0
BRDA:38,7,0,0
BRDA:38,7,1,0
BRDA:39,8,0,0
BRDA:39,8,1,0
BRDA:48,9,0,0
BRDA:48,9,1,0
BRDA:48,10,0,0
BRDA:48,10,1,0
BRDA:55,11,0,0
BRDA:55,11,1,0
BRDA:56,12,0,0
BRDA:56,12,1,0
BRDA:65,13,0,0
BRDA:65,13,1,0
BRF:30
BRH:0
end_of_record
TN:
SF:/Users/Zen/Documents/Code/react-listboxes/src/hooks/use_async_search.js
FN:5,reduce
FN:9,init
FN:17,(anonymous_2)
FN:24,(anonymous_3)
FN:25,(anonymous_4)
FN:25,(anonymous_5)
FN:27,(anonymous_6)
FNF:7
FNH:0
FNDA:0,reduce
FNDA:0,init
FNDA:0,(anonymous_2)
FNDA:0,(anonymous_3)
FNDA:0,(anonymous_4)
FNDA:0,(anonymous_5)
FNDA:0,(anonymous_6)
DA:6,0
DA:10,0
DA:17,0
DA:21,0
DA:22,0
DA:23,0
DA:24,0
DA:25,0
DA:26,0
DA:27,0
DA:28,0
DA:29,0
DA:34,0
DA:35,0
DA:37,0
DA:38,0
DA:39,0
DA:40,0
DA:41,0
DA:44,0
DA:45,0
DA:46,0
DA:47,0
DA:51,0
DA:52,0
DA:53,0
DA:55,0
DA:56,0
DA:57,0
DA:59,0
DA:62,0
LF:31
LH:0
BRDA:19,0,0,0
BRDA:19,1,0,0
BRDA:19,2,0,0
BRDA:19,3,0,0
BRDA:28,4,0,0
BRDA:28,4,1,0
BRDA:34,5,0,0
BRDA:34,5,1,0
BRDA:37,6,0,0
BRDA:37,6,1,0
BRDA:40,7,0,0
BRDA:40,7,1,0
BRDA:52,8,0,0
BRDA:52,8,1,0
BRDA:56,9,0,0
BRDA:56,9,1,0
BRF:16
BRH:0
end_of_record
TN:
SF:/Users/Zen/Documents/Code/react-listboxes/src/hooks/use_id.js
FN:6,useId
FN:7,(anonymous_1)
FNF:2
FNH:0
FNDA:0,useId
FNDA:0,(anonymous_1)
DA:4,0
DA:7,0
DA:8,0
DA:9,0
DA:11,0
DA:13,0
LF:6
LH:0
BRDA:8,0,0,0
BRDA:8,0,1,0
BRF:2
BRH:0
end_of_record
TN:
SF:/Users/Zen/Documents/Code/react-listboxes/src/hooks/use_normalised_options.js
FN:20,useNormalisedOptions
FN:24,(anonymous_1)
FN:28,(anonymous_2)
FN:44,(anonymous_3)
FN:45,(anonymous_4)
FNF:5
FNH:5
FNDA:615,useNormalisedOptions
FNDA:173,(anonymous_1)
FNDA:177,(anonymous_2)
FNDA:511,(anonymous_3)
FNDA:511,(anonymous_4)
DA:23,615
DA:24,173
DA:28,615
DA:29,177
DA:30,177
DA:31,177
DA:34,177
DA:35,5
DA:43,177
DA:44,511
DA:46,511
DA:47,511
DA:48,40
DA:49,40
DA:50,22
DA:57,22
DA:58,22
DA:60,18
DA:62,40
DA:64,511
DA:65,511
DA:68,177
DA:71,615
DA:77,615
LF:24
LH:24
BRDA:22,0,0,0
BRDA:22,1,0,0
BRDA:24,2,0,121
BRDA:24,2,1,52
BRDA:34,3,0,5
BRDA:34,3,1,172
BRDA:47,4,0,40
BRDA:47,4,1,471
BRDA:49,5,0,22
BRDA:49,5,1,18
BRDA:64,6,0,511
BRDA:64,6,1,511
BRF:12
BRH:10
end_of_record
TN:
SF:/Users/Zen/Documents/Code/react-listboxes/src/hooks/use_on_blur.js
FN:7,useOnBlur
FN:10,(anonymous_1)
FN:11,(anonymous_2)
FN:18,(anonymous_3)
FN:24,(anonymous_4)
FNF:5
FNH:5
FNDA:615,useOnBlur
FNDA:113,(anonymous_1)
FNDA:113,(anonymous_2)
FNDA:553,(anonymous_3)
FNDA:262,(anonymous_4)
DA:8,615
DA:10,615
DA:11,113
DA:12,113
DA:13,77
DA:18,615
DA:19,553
DA:20,291
DA:22,262
DA:24,262
DA:25,262
DA:29,615
LF:12
LH:12
BRDA:12,0,0,77
BRDA:12,0,1,36
BRDA:12,1,0,113
BRDA:12,1,1,112
BRDA:19,2,0,291
BRDA:19,2,1,262
BRF:6
BRH:6
end_of_record
TN:
SF:/Users/Zen/Documents/Code/react-listboxes/src/hooks/use_previous.js
FN:3,usePrevious
FN:5,(anonymous_1)
FNF:2
FNH:2
FNDA:615,usePrevious
FNDA:553,(anonymous_1)
DA:4,615
DA:5,615
DA:6,553
DA:8,615
LF:4
LH:4
BRF:0
BRH:0
end_of_record
TN:
SF:/Users/Zen/Documents/Code/react-listboxes/src/hooks/use_search.js
FN:5,(anonymous_0)
FN:6,(anonymous_1)
FN:7,(anonymous_2)
FN:10,(anonymous_3)
FN:12,(anonymous_4)
FNF:5
FNH:0
FNDA:0,(anonymous_0)
FNDA:0,(anonymous_1)
FNDA:0,(anonymous_2)
FNDA:0,(anonymous_3)
FNDA:0,(anonymous_4)
DA:5,0
DA:6,0
DA:7,0
DA:9,0
DA:10,0
DA:11,0
DA:12,0
DA:15,0
LF:8
LH:0
BRF:0
BRH:0
end_of_record
TN:
SF:/Users/Zen/Documents/Code/react-listboxes/src/hooks/use_selected_index.js
FN:4,useSelectedIndex
FN:6,(anonymous_1)
FNF:2
FNH:2
FNDA:615,useSelectedIndex
FNDA:177,(anonymous_1)
DA:5,615
DA:6,177
LF:2
LH:2
BRF:0
BRH:0
end_of_record
TN:
SF:/Users/Zen/Documents/Code/react-listboxes/src/hooks/use_thunk_reducer.js
FN:3,useThunkReducer
FN:10,(anonymous_1)
FN:15,(anonymous_2)
FN:15,(anonymous_3)
FNF:4
FNH:4
FNDA:615,useThunkReducer
FNDA:895,(anonymous_1)
FNDA:539,(anonymous_2)
FNDA:431,(anonymous_3)
DA:4,615
DA:5,615
DA:6,615
DA:7,615
DA:8,615
DA:9,615
DA:11,895
DA:12,0
DA:14,895
DA:15,539
DA:20,615
LF:11
LH:10
BRDA:11,0,0,0
BRDA:11,0,1,895
BRDA:14,1,0,628
BRDA:14,1,1,267
BRF:4
BRH:3
end_of_record
TN:
SF:/Users/Zen/Documents/Code/react-listboxes/src/validators/array_members.js
FN:1,arrayMembers
FN:2,(anonymous_1)
FNF:2
FNH:0
FNDA:0,arrayMembers
FNDA:0,(anonymous_1)
DA:2,0
DA:3,0
DA:4,0
DA:5,0
DA:6,0
DA:9,0
LF:6
LH:0
BRDA:3,0,0,0
BRDA:3,0,1,0
BRDA:5,1,0,0
BRDA:5,1,1,0
BRF:4
BRH:0
end_of_record
TN:
SF:/Users/Zen/Documents/Code/react-listboxes/src/validators/component_customiser.js
FNF:0
FNH:0
DA:4,0
LF:1
LH:0
BRF:0
BRH:0
end_of_record
TN:
SF:/Users/Zen/Documents/Code/react-listboxes/src/validators/component_validator.js
FNF:0
FNH:0
DA:4,1
LF:1
LH:1
BRF:0
BRH:0
end_of_record
TN:
SF:/Users/Zen/Documents/Code/react-listboxes/src/validators/options.js
FNF:0
FNH:0
DA:4,0
LF:1
LH:0
BRF:0
BRH:0
end_of_record
