TN:
SF:/Users/daniellewis/code/react-combobox/src/context.js
FNF:0
FNH:0
DA:3,0
LF:1
LH:0
BRF:0
BRH:0
end_of_record
TN:
SF:/Users/daniellewis/code/react-combobox/src/reinspect.js
FNF:0
FNH:0
DA:2,0
DA:3,0
DA:4,0
DA:5,0
DA:7,0
DA:8,0
DA:9,0
LF:7
LH:0
BRDA:2,0,0,0
BRDA:2,0,1,0
BRF:2
BRH:0
end_of_record
TN:
SF:/Users/daniellewis/code/react-combobox/src/components/combo_box_button.jsx
FN:3,ComboBoxButton
FN:9,(anonymous_1)
FN:13,(anonymous_2)
FN:21,(anonymous_3)
FNF:4
FNH:0
FNDA:0,ComboBoxButton
FNDA:0,(anonymous_1)
FNDA:0,(anonymous_2)
FNDA:0,(anonymous_3)
DA:4,0
DA:5,0
DA:6,0
DA:7,0
DA:9,0
DA:10,0
DA:13,0
DA:14,0
DA:15,0
DA:16,0
DA:17,0
DA:21,0
DA:22,0
DA:23,0
DA:27,0
LF:15
LH:0
BRDA:16,0,0,0
BRDA:16,0,1,0
BRDA:22,1,0,0
BRDA:22,1,1,0
BRDA:37,2,0,0
BRDA:37,2,1,0
BRF:6
BRH:0
end_of_record
TN:
SF:/Users/daniellewis/code/react-combobox/src/components/highlight.jsx
FN:4,Highlight
FN:5,(anonymous_1)
FNF:2
FNH:0
FNDA:0,Highlight
FNDA:0,(anonymous_1)
DA:5,0
DA:6,0
DA:9,0
LF:3
LH:0
BRDA:5,0,0,0
BRDA:5,0,1,0
BRF:2
BRH:0
end_of_record
TN:
SF:/Users/daniellewis/code/react-combobox/src/components/highlight_value.jsx
FN:6,HighlightValue
FNF:1
FNH:0
FNDA:0,HighlightValue
DA:7,0
DA:8,0
DA:15,0
LF:3
LH:0
BRF:0
BRH:0
end_of_record
TN:
SF:/Users/daniellewis/code/react-combobox/src/components/select.jsx
FN:7,Select
FN:14,(anonymous_1)
FN:15,(anonymous_2)
FN:20,(anonymous_3)
FN:28,(anonymous_4)
FNF:5
FNH:0
FNDA:0,Select
FNDA:0,(anonymous_1)
FNDA:0,(anonymous_2)
FNDA:0,(anonymous_3)
FNDA:0,(anonymous_4)
DA:10,0
DA:12,0
DA:14,0
DA:15,0
DA:21,0
DA:29,0
DA:46,0
DA:53,0
LF:8
LH:0
BRDA:15,0,0,0
BRDA:15,0,1,0
BRDA:37,1,0,0
BRDA:37,1,1,0
BRF:4
BRH:0
end_of_record
TN:
SF:/Users/daniellewis/code/react-combobox/src/components/combo_box/actions.js
FN:13,setExpanded
FN:17,setActive
FN:21,setInactive
FN:25,setSelected
FN:33,setSelectedValue
FN:37,onSelectValue
FN:38,(anonymous_6)
FN:47,onKeyDown
FN:48,(anonymous_8)
FN:68,(anonymous_9)
FN:145,onChange
FN:146,(anonymous_11)
FN:154,onFocus
FN:155,(anonymous_13)
FN:167,onBlur
FN:168,(anonymous_15)
FNF:16
FNH:0
FNDA:0,setExpanded
FNDA:0,setActive
FNDA:0,setInactive
FNDA:0,setSelected
FNDA:0,setSelectedValue
FNDA:0,onSelectValue
FNDA:0,(anonymous_6)
FNDA:0,onKeyDown
FNDA:0,(anonymous_8)
FNDA:0,(anonymous_9)
FNDA:0,onChange
FNDA:0,(anonymous_11)
FNDA:0,onFocus
FNDA:0,(anonymous_13)
FNDA:0,onBlur
FNDA:0,(anonymous_15)
DA:7,0
DA:8,0
DA:9,0
DA:10,0
DA:11,0
DA:14,0
DA:18,0
DA:22,0
DA:26,0
DA:34,0
DA:38,0
DA:39,0
DA:40,0
DA:41,0
DA:42,0
DA:43,0
DA:48,0
DA:49,0
DA:50,0
DA:51,0
DA:53,0
DA:54,0
DA:57,0
DA:58,0
DA:59,0
DA:60,0
DA:63,0
DA:64,0
DA:67,0
DA:68,0
DA:71,0
DA:74,0
DA:75,0
DA:76,0
DA:78,0
DA:79,0
DA:81,0
DA:85,0
DA:88,0
DA:89,0
DA:90,0
DA:92,0
DA:93,0
DA:95,0
DA:97,0
DA:100,0
DA:101,0
DA:102,0
DA:104,0
DA:107,0
DA:108,0
DA:109,0
DA:111,0
DA:114,0
DA:115,0
DA:116,0
DA:117,0
DA:118,0
DA:119,0
DA:121,0
DA:122,0
DA:123,0
DA:124,0
DA:127,0
DA:133,0
DA:134,0
DA:136,0
DA:138,0
DA:139,0
DA:146,0
DA:147,0
DA:148,0
DA:149,0
DA:150,0
DA:155,0
DA:156,0
DA:157,0
DA:158,0
DA:159,0
DA:161,0
DA:162,0
DA:163,0
DA:168,0
DA:169,0
DA:170,0
DA:171,0
DA:172,0
DA:173,0
DA:175,0
LF:89
LH:0
BRDA:29,0,0,0
BRDA:29,0,1,0
BRDA:42,1,0,0
BRDA:42,1,1,0
BRDA:53,2,0,0
BRDA:53,2,1,0
BRDA:53,3,0,0
BRDA:53,3,1,0
BRDA:57,4,0,0
BRDA:57,4,1,0
BRDA:63,5,0,0
BRDA:63,5,1,0
BRDA:63,6,0,0
BRDA:63,6,1,0
BRDA:63,6,2,0
BRDA:67,7,0,0
BRDA:67,7,1,0
BRDA:71,8,0,0
BRDA:71,8,1,0
BRDA:71,8,2,0
BRDA:71,8,3,0
BRDA:71,8,4,0
BRDA:71,8,5,0
BRDA:71,8,6,0
BRDA:71,8,7,0
BRDA:71,8,8,0
BRDA:71,8,9,0
BRDA:71,8,10,0
BRDA:75,9,0,0
BRDA:75,9,1,0
BRDA:75,10,0,0
BRDA:75,10,1,0
BRDA:78,11,0,0
BRDA:78,11,1,0
BRDA:89,12,0,0
BRDA:89,12,1,0
BRDA:89,13,0,0
BRDA:89,13,1,0
BRDA:92,14,0,0
BRDA:92,14,1,0
BRDA:100,15,0,0
BRDA:100,15,1,0
BRDA:107,16,0,0
BRDA:107,16,1,0
BRDA:114,17,0,0
BRDA:114,17,1,0
BRDA:115,18,0,0
BRDA:115,18,1,0
BRDA:115,19,0,0
BRDA:115,19,1,0
BRDA:118,20,0,0
BRDA:118,20,1,0
BRDA:122,21,0,0
BRDA:122,21,1,0
BRDA:133,22,0,0
BRDA:133,22,1,0
BRDA:133,23,0,0
BRDA:133,23,1,0
BRDA:138,24,0,0
BRDA:138,24,1,0
BRDA:138,25,0,0
BRDA:138,25,1,0
BRDA:138,25,2,0
BRDA:158,26,0,0
BRDA:158,26,1,0
BRDA:162,27,0,0
BRDA:162,27,1,0
BRDA:163,28,0,0
BRDA:163,28,1,0
BRDA:171,29,0,0
BRDA:171,29,1,0
BRF:71
BRH:0
end_of_record
TN:
SF:/Users/daniellewis/code/react-combobox/src/components/combo_box/combo_box.jsx
FN:17,ComboBox
FN:41,(anonymous_1)
FN:43,(anonymous_2)
FN:47,(anonymous_3)
FN:92,(anonymous_4)
FN:93,(anonymous_5)
FN:94,(anonymous_6)
FN:102,(anonymous_7)
FN:103,(anonymous_8)
FN:120,(anonymous_9)
FN:121,(anonymous_10)
FN:140,(anonymous_11)
FN:141,(anonymous_12)
FN:147,(anonymous_13)
FN:168,(anonymous_14)
FN:187,(anonymous_15)
FNF:16
FNH:0
FNDA:0,ComboBox
FNDA:0,(anonymous_1)
FNDA:0,(anonymous_2)
FNDA:0,(anonymous_3)
FNDA:0,(anonymous_4)
FNDA:0,(anonymous_5)
FNDA:0,(anonymous_6)
FNDA:0,(anonymous_7)
FNDA:0,(anonymous_8)
FNDA:0,(anonymous_9)
FNDA:0,(anonymous_10)
FNDA:0,(anonymous_11)
FNDA:0,(anonymous_12)
FNDA:0,(anonymous_13)
FNDA:0,(anonymous_14)
FNDA:0,(anonymous_15)
DA:22,0
DA:23,0
DA:24,0
DA:26,0
DA:30,0
DA:31,0
DA:32,0
DA:33,0
DA:35,0
DA:36,0
DA:37,0
DA:38,0
DA:39,0
DA:41,0
DA:43,0
DA:44,0
DA:47,0
DA:48,0
DA:49,0
DA:50,0
DA:51,0
DA:55,0
DA:56,0
DA:57,0
DA:58,0
DA:59,0
DA:60,0
DA:61,0
DA:62,0
DA:63,0
DA:64,0
DA:66,0
DA:92,0
DA:93,0
DA:94,0
DA:102,0
DA:104,0
DA:105,0
DA:107,0
DA:108,0
DA:120,0
DA:122,0
DA:123,0
DA:125,0
DA:126,0
DA:140,0
DA:141,0
DA:148,0
DA:149,0
DA:169,0
DA:170,0
DA:187,0
DA:215,0
DA:238,0
LF:54
LH:0
BRDA:35,0,0,0
BRDA:35,0,1,0
BRDA:35,0,2,0
BRDA:36,1,0,0
BRDA:36,1,1,0
BRDA:37,2,0,0
BRDA:37,2,1,0
BRDA:37,2,2,0
BRDA:38,3,0,0
BRDA:38,3,1,0
BRDA:38,4,0,0
BRDA:38,4,1,0
BRDA:39,5,0,0
BRDA:39,5,1,0
BRDA:48,6,0,0
BRDA:48,6,1,0
BRDA:48,7,0,0
BRDA:48,7,1,0
BRDA:48,7,2,0
BRDA:50,8,0,0
BRDA:50,8,1,0
BRDA:69,9,0,0
BRDA:69,9,1,0
BRDA:77,10,0,0
BRDA:77,10,1,0
BRDA:88,11,0,0
BRDA:88,11,1,0
BRDA:90,12,0,0
BRDA:90,12,1,0
BRDA:95,13,0,0
BRDA:95,13,1,0
BRDA:98,14,0,0
BRDA:98,14,1,0
BRDA:104,15,0,0
BRDA:104,15,1,0
BRDA:114,16,0,0
BRDA:114,16,1,0
BRDA:122,17,0,0
BRDA:122,17,1,0
BRDA:129,18,0,0
BRDA:129,18,1,0
BRDA:139,19,0,0
BRDA:139,19,1,0
BRDA:142,20,0,0
BRDA:142,20,1,0
BRDA:157,21,0,0
BRDA:157,21,1,0
BRDA:161,22,0,0
BRDA:161,22,1,0
BRDA:179,23,0,0
BRDA:179,23,1,0
BRDA:180,24,0,0
BRDA:180,24,1,0
BRDA:181,25,0,0
BRDA:181,25,1,0
BRDA:182,26,0,0
BRDA:182,26,1,0
BRDA:183,27,0,0
BRDA:183,27,1,0
BRDA:184,28,0,0
BRDA:184,28,1,0
BRDA:187,29,0,0
BRDA:187,29,1,0
BRDA:192,30,0,0
BRDA:192,30,1,0
BRDA:205,31,0,0
BRDA:205,31,1,0
BRDA:208,32,0,0
BRDA:208,32,1,0
BRF:69
BRH:0
end_of_record
TN:
SF:/Users/daniellewis/code/react-combobox/src/components/combo_box/index.jsx
FN:6,Inspector
FNF:1
FNH:0
FNDA:0,Inspector
DA:7,0
DA:8,0
DA:17,0
DA:22,0
LF:4
LH:0
BRF:0
BRH:0
end_of_record
TN:
SF:/Users/daniellewis/code/react-combobox/src/components/combo_box/initial_state.js
FN:1,initialState
FNF:1
FNH:0
FNDA:0,initialState
DA:2,0
LF:1
LH:0
BRF:0
BRH:0
end_of_record
TN:
SF:/Users/daniellewis/code/react-combobox/src/components/combo_box/reducer.js
FN:3,reducer
FNF:1
FNH:0
FNDA:0,reducer
DA:4,0
DA:6,0
DA:8,0
DA:10,0
DA:12,0
DA:14,0
DA:16,0
LF:7
LH:0
BRDA:4,0,0,0
BRDA:4,0,1,0
BRDA:4,0,2,0
BRDA:4,0,3,0
BRDA:4,0,4,0
BRDA:4,0,5,0
BRDA:10,1,0,0
BRDA:10,1,1,0
BRF:8
BRH:0
end_of_record
TN:
SF:/Users/daniellewis/code/react-combobox/src/components/drop_down/actions.js
FN:14,setExpanded
FN:18,clearSearch
FN:22,setSearchKey
FN:26,setSelectedValue
FN:30,setSelected
FN:37,setButtonMouseDown
FN:41,onSelectValue
FN:42,(anonymous_7)
FN:49,onButtonKeyDown
FN:50,(anonymous_9)
FN:65,onKeyDown
FN:66,(anonymous_11)
FN:140,onToggleOpen
FN:141,(anonymous_13)
FN:154,onFocus
FN:155,(anonymous_15)
FN:165,onBlur
FN:166,(anonymous_17)
FN:181,onClick
FN:182,(anonymous_19)
FNF:20
FNH:0
FNDA:0,setExpanded
FNDA:0,clearSearch
FNDA:0,setSearchKey
FNDA:0,setSelectedValue
FNDA:0,setSelected
FNDA:0,setButtonMouseDown
FNDA:0,onSelectValue
FNDA:0,(anonymous_7)
FNDA:0,onButtonKeyDown
FNDA:0,(anonymous_9)
FNDA:0,onKeyDown
FNDA:0,(anonymous_11)
FNDA:0,onToggleOpen
FNDA:0,(anonymous_13)
FNDA:0,onFocus
FNDA:0,(anonymous_15)
FNDA:0,onBlur
FNDA:0,(anonymous_17)
FNDA:0,onClick
FNDA:0,(anonymous_19)
DA:7,0
DA:8,0
DA:9,0
DA:10,0
DA:11,0
DA:12,0
DA:15,0
DA:19,0
DA:23,0
DA:27,0
DA:31,0
DA:38,0
DA:42,0
DA:43,0
DA:44,0
DA:45,0
DA:50,0
DA:51,0
DA:52,0
DA:54,0
DA:55,0
DA:58,0
DA:59,0
DA:60,0
DA:66,0
DA:67,0
DA:68,0
DA:69,0
DA:71,0
DA:72,0
DA:75,0
DA:76,0
DA:77,0
DA:78,0
DA:80,0
DA:81,0
DA:82,0
DA:85,0
DA:87,0
DA:90,0
DA:91,0
DA:92,0
DA:93,0
DA:94,0
DA:96,0
DA:99,0
DA:100,0
DA:101,0
DA:103,0
DA:105,0
DA:108,0
DA:109,0
DA:110,0
DA:112,0
DA:115,0
DA:116,0
DA:117,0
DA:119,0
DA:122,0
DA:123,0
DA:124,0
DA:125,0
DA:126,0
DA:128,0
DA:129,0
DA:131,0
DA:133,0
DA:134,0
DA:141,0
DA:142,0
DA:143,0
DA:144,0
DA:145,0
DA:146,0
DA:147,0
DA:149,0
DA:155,0
DA:156,0
DA:157,0
DA:158,0
DA:160,0
DA:161,0
DA:166,0
DA:167,0
DA:168,0
DA:169,0
DA:170,0
DA:171,0
DA:173,0
DA:174,0
DA:176,0
DA:182,0
DA:183,0
DA:184,0
DA:187,0
DA:188,0
DA:189,0
LF:97
LH:0
BRDA:54,0,0,0
BRDA:54,0,1,0
BRDA:54,1,0,0
BRDA:54,1,1,0
BRDA:58,2,0,0
BRDA:58,2,1,0
BRDA:58,3,0,0
BRDA:58,3,1,0
BRDA:71,4,0,0
BRDA:71,4,1,0
BRDA:71,5,0,0
BRDA:71,5,1,0
BRDA:75,6,0,0
BRDA:75,6,1,0
BRDA:77,7,0,0
BRDA:77,7,1,0
BRDA:87,8,0,0
BRDA:87,8,1,0
BRDA:87,8,2,0
BRDA:87,8,3,0
BRDA:87,8,4,0
BRDA:87,8,5,0
BRDA:91,9,0,0
BRDA:91,9,1,0
BRDA:93,10,0,0
BRDA:93,10,1,0
BRDA:100,11,0,0
BRDA:100,11,1,0
BRDA:100,12,0,0
BRDA:100,12,1,0
BRDA:108,13,0,0
BRDA:108,13,1,0
BRDA:115,14,0,0
BRDA:115,14,1,0
BRDA:122,15,0,0
BRDA:122,15,1,0
BRDA:122,16,0,0
BRDA:122,16,1,0
BRDA:122,16,2,0
BRDA:125,17,0,0
BRDA:125,17,1,0
BRDA:133,18,0,0
BRDA:133,18,1,0
BRDA:133,19,0,0
BRDA:133,19,1,0
BRDA:144,20,0,0
BRDA:144,20,1,0
BRDA:146,21,0,0
BRDA:146,21,1,0
BRDA:157,22,0,0
BRDA:157,22,1,0
BRDA:169,23,0,0
BRDA:169,23,1,0
BRDA:173,24,0,0
BRDA:173,24,1,0
BRDA:183,25,0,0
BRDA:183,25,1,0
BRF:57
BRH:0
end_of_record
TN:
SF:/Users/daniellewis/code/react-combobox/src/components/drop_down/drop_down.jsx
FN:20,DropDown
FN:41,(anonymous_1)
FN:43,(anonymous_2)
FN:47,(anonymous_3)
FN:51,(anonymous_4)
FN:53,(anonymous_5)
FN:56,(anonymous_6)
FN:86,(anonymous_7)
FN:87,(anonymous_8)
FN:100,(anonymous_9)
FN:102,(anonymous_10)
FN:108,(anonymous_11)
FN:129,(anonymous_12)
FN:148,(anonymous_13)
FNF:14
FNH:0
FNDA:0,DropDown
FNDA:0,(anonymous_1)
FNDA:0,(anonymous_2)
FNDA:0,(anonymous_3)
FNDA:0,(anonymous_4)
FNDA:0,(anonymous_5)
FNDA:0,(anonymous_6)
FNDA:0,(anonymous_7)
FNDA:0,(anonymous_8)
FNDA:0,(anonymous_9)
FNDA:0,(anonymous_10)
FNDA:0,(anonymous_11)
FNDA:0,(anonymous_12)
FNDA:0,(anonymous_13)
DA:24,0
DA:28,0
DA:29,0
DA:30,0
DA:31,0
DA:33,0
DA:39,0
DA:40,0
DA:41,0
DA:43,0
DA:44,0
DA:45,0
DA:47,0
DA:48,0
DA:49,0
DA:51,0
DA:53,0
DA:56,0
DA:57,0
DA:58,0
DA:59,0
DA:60,0
DA:64,0
DA:65,0
DA:66,0
DA:67,0
DA:68,0
DA:69,0
DA:71,0
DA:86,0
DA:87,0
DA:100,0
DA:102,0
DA:109,0
DA:110,0
DA:130,0
DA:131,0
DA:148,0
DA:166,0
DA:184,0
LF:40
LH:0
BRDA:44,0,0,0
BRDA:44,0,1,0
BRDA:48,1,0,0
BRDA:48,1,1,0
BRDA:57,2,0,0
BRDA:57,2,1,0
BRDA:57,3,0,0
BRDA:57,3,1,0
BRDA:57,3,2,0
BRDA:59,4,0,0
BRDA:59,4,1,0
BRDA:74,5,0,0
BRDA:74,5,1,0
BRDA:80,6,0,0
BRDA:80,6,1,0
BRDA:83,7,0,0
BRDA:83,7,1,0
BRDA:84,8,0,0
BRDA:84,8,1,0
BRDA:88,9,0,0
BRDA:88,9,1,0
BRDA:91,10,0,0
BRDA:91,10,1,0
BRDA:91,10,2,0
BRDA:91,10,3,0
BRDA:96,11,0,0
BRDA:96,11,1,0
BRDA:99,12,0,0
BRDA:99,12,1,0
BRDA:103,13,0,0
BRDA:103,13,1,0
BRDA:118,14,0,0
BRDA:118,14,1,0
BRDA:122,15,0,0
BRDA:122,15,1,0
BRDA:140,16,0,0
BRDA:140,16,1,0
BRDA:141,17,0,0
BRDA:141,17,1,0
BRDA:142,18,0,0
BRDA:142,18,1,0
BRDA:143,19,0,0
BRDA:143,19,1,0
BRDA:144,20,0,0
BRDA:144,20,1,0
BRDA:145,21,0,0
BRDA:145,21,1,0
BRDA:148,22,0,0
BRDA:148,22,1,0
BRDA:153,23,0,0
BRDA:153,23,1,0
BRF:51
BRH:0
end_of_record
TN:
SF:/Users/daniellewis/code/react-combobox/src/components/drop_down/index.jsx
FN:6,Inspector
FNF:1
FNH:0
FNDA:0,Inspector
DA:7,0
DA:8,0
DA:17,0
DA:22,0
LF:4
LH:0
BRF:0
BRH:0
end_of_record
TN:
SF:/Users/daniellewis/code/react-combobox/src/components/drop_down/initial_state.js
FN:1,initialState
FNF:1
FNH:0
FNDA:0,initialState
DA:2,0
LF:1
LH:0
BRF:0
BRH:0
end_of_record
TN:
SF:/Users/daniellewis/code/react-combobox/src/components/drop_down/reducer.js
FN:3,reducer
FNF:1
FNH:0
FNDA:0,reducer
DA:4,0
DA:6,0
DA:8,0
DA:10,0
DA:12,0
DA:14,0
DA:16,0
DA:18,0
LF:8
LH:0
BRDA:4,0,0,0
BRDA:4,0,1,0
BRDA:4,0,2,0
BRDA:4,0,3,0
BRDA:4,0,4,0
BRDA:4,0,5,0
BRDA:4,0,6,0
BRDA:10,1,0,0
BRDA:10,1,1,0
BRF:9
BRH:0
end_of_record
TN:
SF:/Users/daniellewis/code/react-combobox/src/components/highlighters/prefix_highlight.jsx
FN:5,PrefixHighlight
FNF:1
FNH:0
FNDA:0,PrefixHighlight
DA:6,0
LF:1
LH:0
BRF:0
BRH:0
end_of_record
TN:
SF:/Users/daniellewis/code/react-combobox/src/components/highlighters/substring_highlight.jsx
FN:5,SubstringHighlight
FNF:1
FNH:0
FNDA:0,SubstringHighlight
DA:6,0
LF:1
LH:0
BRF:0
BRH:0
end_of_record
TN:
SF:/Users/daniellewis/code/react-combobox/src/components/highlighters/token_highlight.jsx
FN:5,TokenHighlight
FNF:1
FNH:0
FNDA:0,TokenHighlight
DA:6,0
LF:1
LH:0
BRF:0
BRH:0
end_of_record
TN:
SF:/Users/daniellewis/code/react-combobox/src/constants/blank_key.js
FNF:0
FNH:0
DA:1,0
LF:1
LH:0
BRF:0
BRH:0
end_of_record
TN:
SF:/Users/daniellewis/code/react-combobox/src/constants/group_key_prefix.js
FNF:0
FNH:0
DA:1,0
LF:1
LH:0
BRF:0
BRH:0
end_of_record
TN:
SF:/Users/daniellewis/code/react-combobox/src/constants/r_accent.js
FNF:0
FNH:0
DA:1,0
LF:1
LH:0
BRF:0
BRH:0
end_of_record
TN:
SF:/Users/daniellewis/code/react-combobox/src/constants/r_non_printable_key.js
FNF:0
FNH:0
DA:1,0
LF:1
LH:0
BRF:0
BRH:0
end_of_record
TN:
SF:/Users/daniellewis/code/react-combobox/src/constants/r_punctuation.js
FNF:0
FNH:0
DA:1,0
LF:1
LH:0
BRF:0
BRH:0
end_of_record
TN:
SF:/Users/daniellewis/code/react-combobox/src/constants/r_space.js
FNF:0
FNH:0
DA:1,0
LF:1
LH:0
BRF:0
BRH:0
end_of_record
TN:
SF:/Users/daniellewis/code/react-combobox/src/helpers/add_event_once.js
FN:1,addEventOnce
FN:2,(anonymous_1)
FN:8,(anonymous_2)
FNF:3
FNH:0
FNDA:0,addEventOnce
FNDA:0,(anonymous_1)
FNDA:0,(anonymous_2)
DA:2,0
DA:3,0
DA:4,0
DA:6,0
DA:8,0
DA:9,0
LF:6
LH:0
BRF:0
BRH:0
end_of_record
TN:
SF:/Users/daniellewis/code/react-combobox/src/helpers/debouncer_factory.js
FN:8,debouncerFactory
FN:13,(anonymous_1)
FN:15,(anonymous_2)
FN:20,(anonymous_3)
FNF:4
FNH:0
FNDA:0,debouncerFactory
FNDA:0,(anonymous_1)
FNDA:0,(anonymous_2)
FNDA:0,(anonymous_3)
DA:11,0
DA:13,0
DA:14,0
DA:15,0
DA:16,0
DA:20,0
DA:21,0
DA:22,0
DA:23,0
DA:24,0
DA:27,0
DA:29,0
DA:30,0
DA:31,0
DA:34,0
LF:15
LH:0
BRDA:8,0,0,0
BRDA:8,1,0,0
BRDA:14,2,0,0
BRDA:14,2,1,0
BRDA:14,3,0,0
BRDA:14,3,1,0
BRDA:29,4,0,0
BRDA:29,4,1,0
BRF:8
BRH:0
end_of_record
TN:
SF:/Users/daniellewis/code/react-combobox/src/helpers/dismember_component.js
FN:3,dismemberComponent
FNF:1
FNH:0
FNDA:0,dismemberComponent
DA:4,0
DA:5,0
DA:7,0
DA:8,0
DA:10,0
LF:5
LH:0
BRDA:4,0,0,0
BRDA:4,0,1,0
BRDA:7,1,0,0
BRDA:7,1,1,0
BRDA:7,2,0,0
BRDA:7,2,1,0
BRDA:7,2,2,0
BRDA:7,2,3,0
BRF:8
BRH:0
end_of_record
TN:
SF:/Users/daniellewis/code/react-combobox/src/helpers/equal_values.js
FN:1,equalValues
FNF:1
FNH:0
FNDA:0,equalValues
DA:2,0
LF:1
LH:0
BRDA:2,0,0,0
BRDA:2,0,1,0
BRDA:2,0,2,0
BRDA:2,0,3,0
BRF:4
BRH:0
end_of_record
TN:
SF:/Users/daniellewis/code/react-combobox/src/helpers/find_selected_index.js
FN:1,findSelectedIndex
FN:4,(anonymous_1)
FNF:2
FNH:0
FNDA:0,findSelectedIndex
FNDA:0,(anonymous_1)
DA:2,0
DA:3,0
DA:4,0
DA:6,0
DA:7,0
DA:9,0
LF:6
LH:0
BRDA:3,0,0,0
BRDA:3,0,1,0
BRDA:6,1,0,0
BRDA:6,1,1,0
BRDA:6,2,0,0
BRDA:6,2,1,0
BRF:6
BRH:0
end_of_record
TN:
SF:/Users/daniellewis/code/react-combobox/src/helpers/get_platform.js
FN:1,getPlatform
FNF:1
FNH:0
FNDA:0,getPlatform
DA:2,0
DA:3,0
DA:5,0
LF:3
LH:0
BRDA:2,0,0,0
BRDA:2,0,1,0
BRF:2
BRH:0
end_of_record
TN:
SF:/Users/daniellewis/code/react-combobox/src/helpers/group_options.js
FN:1,groupOptions
FN:4,(anonymous_1)
FN:13,(anonymous_2)
FNF:3
FNH:0
FNDA:0,groupOptions
FNDA:0,(anonymous_1)
FNDA:0,(anonymous_2)
DA:2,0
DA:4,0
DA:5,0
DA:6,0
DA:7,0
DA:8,0
DA:10,0
DA:13,0
DA:14,0
DA:15,0
DA:17,0
DA:18,0
LF:12
LH:0
BRDA:6,0,0,0
BRDA:6,0,1,0
BRDA:14,1,0,0
BRDA:14,1,1,0
BRF:4
BRH:0
end_of_record
TN:
SF:/Users/daniellewis/code/react-combobox/src/helpers/join_tokens.js
FN:1,joinTokens
FNF:1
FNH:0
FNDA:0,joinTokens
DA:2,0
LF:1
LH:0
BRDA:2,0,0,0
BRDA:2,0,1,0
BRF:2
BRH:0
end_of_record
TN:
SF:/Users/daniellewis/code/react-combobox/src/helpers/make_prefix_search.js
FN:4,(anonymous_0)
FN:5,(anonymous_1)
FN:7,(anonymous_2)
FN:13,(anonymous_3)
FNF:4
FNH:0
FNDA:0,(anonymous_0)
FNDA:0,(anonymous_1)
FNDA:0,(anonymous_2)
FNDA:0,(anonymous_3)
DA:4,0
DA:5,0
DA:7,0
DA:8,0
DA:9,0
DA:12,0
DA:13,0
LF:7
LH:0
BRDA:8,0,0,0
BRDA:8,0,1,0
BRDA:8,1,0,0
BRDA:8,1,1,0
BRF:4
BRH:0
end_of_record
TN:
SF:/Users/daniellewis/code/react-combobox/src/helpers/make_search.js
FN:4,(anonymous_0)
FN:5,(anonymous_1)
FN:7,(anonymous_2)
FN:14,(anonymous_3)
FN:15,(anonymous_4)
FN:15,(anonymous_5)
FNF:6
FNH:0
FNDA:0,(anonymous_0)
FNDA:0,(anonymous_1)
FNDA:0,(anonymous_2)
FNDA:0,(anonymous_3)
FNDA:0,(anonymous_4)
FNDA:0,(anonymous_5)
DA:4,0
DA:5,0
DA:7,0
DA:8,0
DA:9,0
DA:12,0
DA:13,0
DA:15,0
LF:8
LH:0
BRDA:8,0,0,0
BRDA:8,0,1,0
BRDA:8,1,0,0
BRDA:8,1,1,0
BRDA:15,2,0,0
BRDA:15,2,1,0
BRF:6
BRH:0
end_of_record
TN:
SF:/Users/daniellewis/code/react-combobox/src/helpers/merge_nodes.js
FNF:0
FNH:0
LF:0
LH:0
BRF:0
BRH:0
end_of_record
TN:
SF:/Users/daniellewis/code/react-combobox/src/helpers/next_in_list.js
FN:1,nextInList
FNF:1
FNH:0
FNDA:0,nextInList
DA:6,0
DA:7,0
DA:8,0
DA:9,0
DA:11,0
DA:13,0
DA:14,0
DA:16,0
DA:17,0
DA:19,0
LF:10
LH:0
BRDA:3,0,0,0
BRDA:4,1,0,0
BRDA:4,2,0,0
BRDA:4,3,0,0
BRDA:7,4,0,0
BRDA:7,4,1,0
BRDA:8,5,0,0
BRDA:8,5,1,0
BRDA:13,6,0,0
BRDA:13,6,1,0
BRDA:16,7,0,0
BRDA:16,7,1,0
BRF:12
BRH:0
end_of_record
TN:
SF:/Users/daniellewis/code/react-combobox/src/helpers/normalise_highlight.js
FN:4,normaliseHighlight
FN:5,(anonymous_1)
FN:16,(anonymous_2)
FNF:3
FNH:0
FNDA:0,normaliseHighlight
FNDA:0,(anonymous_1)
FNDA:0,(anonymous_2)
DA:5,0
DA:6,0
DA:7,0
DA:8,0
DA:9,0
DA:11,0
DA:14,0
DA:16,0
DA:19,0
LF:9
LH:0
BRDA:6,0,0,0
BRDA:6,0,1,0
BRDA:6,1,0,0
BRDA:6,1,1,0
BRDA:6,1,2,0
BRDA:8,2,0,0
BRDA:8,2,1,0
BRDA:8,3,0,0
BRDA:8,3,1,0
BRDA:14,4,0,0
BRDA:14,4,1,0
BRDA:16,5,0,0
BRDA:16,5,1,0
BRDA:19,6,0,0
BRDA:19,6,1,0
BRF:15
BRH:0
end_of_record
TN:
SF:/Users/daniellewis/code/react-combobox/src/helpers/only_option_is_selected.js
FN:1,onlyOptionIsSelected
FNF:1
FNH:0
FNDA:0,onlyOptionIsSelected
DA:2,0
LF:1
LH:0
BRDA:2,0,0,0
BRDA:2,0,1,0
BRDA:2,0,2,0
BRF:3
BRH:0
end_of_record
TN:
SF:/Users/daniellewis/code/react-combobox/src/helpers/optionise.js
FN:1,(anonymous_0)
FNF:1
FNH:0
FNDA:0,(anonymous_0)
DA:1,0
DA:2,0
DA:3,0
DA:6,0
DA:7,0
DA:10,0
DA:11,0
DA:12,0
DA:25,0
LF:9
LH:0
BRDA:2,0,0,0
BRDA:2,0,1,0
BRDA:6,1,0,0
BRDA:6,1,1,0
BRDA:6,2,0,0
BRDA:6,2,1,0
BRDA:10,3,0,0
BRDA:10,3,1,0
BRDA:16,4,0,0
BRDA:16,4,1,0
BRDA:16,4,2,0
BRF:11
BRH:0
end_of_record
TN:
SF:/Users/daniellewis/code/react-combobox/src/helpers/optionise_group.js
FN:3,(anonymous_0)
FNF:1
FNH:0
FNDA:0,(anonymous_0)
DA:3,0
DA:4,0
DA:5,0
DA:6,0
DA:17,0
LF:5
LH:0
BRDA:4,0,0,0
BRDA:4,0,1,0
BRDA:5,1,0,0
BRDA:9,2,0,0
BRDA:9,2,1,0
BRDA:9,2,2,0
BRF:6
BRH:0
end_of_record
TN:
SF:/Users/daniellewis/code/react-combobox/src/helpers/previous_in_list.js
FN:1,previousInList
FNF:1
FNH:0
FNDA:0,previousInList
DA:6,0
DA:7,0
DA:8,0
DA:10,0
DA:11,0
DA:13,0
DA:14,0
DA:16,0
DA:17,0
DA:19,0
LF:10
LH:0
BRDA:3,0,0,0
BRDA:4,1,0,0
BRDA:4,2,0,0
BRDA:4,3,0,0
BRDA:7,4,0,0
BRDA:7,4,1,0
BRDA:7,5,0,0
BRDA:7,5,1,0
BRDA:10,6,0,0
BRDA:10,6,1,0
BRDA:13,7,0,0
BRDA:13,7,1,0
BRDA:16,8,0,0
BRDA:16,8,1,0
BRF:14
BRH:0
end_of_record
TN:
SF:/Users/daniellewis/code/react-combobox/src/helpers/render_grouped_options.js
FN:1,renderGroupedOptions
FN:3,(anonymous_1)
FNF:2
FNH:0
FNDA:0,renderGroupedOptions
FNDA:0,(anonymous_1)
DA:2,0
DA:3,0
DA:4,0
DA:5,0
DA:6,0
DA:7,0
DA:8,0
DA:10,0
DA:12,0
DA:14,0
LF:10
LH:0
BRDA:4,0,0,0
BRDA:4,0,1,0
BRDA:5,1,0,0
BRDA:5,1,1,0
BRF:4
BRH:0
end_of_record
TN:
SF:/Users/daniellewis/code/react-combobox/src/helpers/to_normalized_string.js
FN:3,toNormalizedString
FNF:1
FNH:0
FNDA:0,toNormalizedString
DA:4,0
DA:5,0
DA:7,0
DA:10,0
DA:12,0
LF:5
LH:0
BRDA:4,0,0,0
BRDA:4,0,1,0
BRDA:4,1,0,0
BRDA:4,1,1,0
BRDA:7,2,0,0
BRDA:7,2,1,0
BRF:6
BRH:0
end_of_record
TN:
SF:/Users/daniellewis/code/react-combobox/src/helpers/to_searchable_string.js
FN:5,toSearchableString
FNF:1
FNH:0
FNDA:0,toSearchableString
DA:6,0
LF:1
LH:0
BRF:0
BRH:0
end_of_record
TN:
SF:/Users/daniellewis/code/react-combobox/src/helpers/tokenise.js
FN:4,tokenise
FNF:1
FNH:0
FNDA:0,tokenise
DA:5,0
LF:1
LH:0
BRF:0
BRH:0
end_of_record
TN:
SF:/Users/daniellewis/code/react-combobox/src/helpers/unique_id_generator.js
FN:1,uniqueIdGenerator
FN:4,(anonymous_1)
FN:7,(anonymous_2)
FNF:3
FNH:0
FNDA:0,uniqueIdGenerator
FNDA:0,(anonymous_1)
FNDA:0,(anonymous_2)
DA:2,0
DA:4,0
DA:5,0
DA:6,0
DA:7,0
DA:9,0
DA:10,0
LF:7
LH:0
BRDA:7,0,0,0
BRF:1
BRH:0
end_of_record
TN:
SF:/Users/daniellewis/code/react-combobox/src/highlighters/pass_through_highlighter.js
FN:4,passThroughHighlighter
FNF:1
FNH:0
FNDA:0,passThroughHighlighter
DA:5,0
LF:1
LH:0
BRF:0
BRH:0
end_of_record
TN:
SF:/Users/daniellewis/code/react-combobox/src/highlighters/prefix_highlighter.js
FN:7,prefixHighlighter
FNF:1
FNH:0
FNDA:0,prefixHighlighter
DA:8,0
DA:9,0
DA:12,0
DA:13,0
DA:16,0
LF:5
LH:0
BRDA:8,0,0,0
BRDA:8,0,1,0
BRDA:8,1,0,0
BRDA:8,1,1,0
BRDA:9,2,0,0
BRDA:9,2,1,0
BRDA:12,3,0,0
BRDA:12,3,1,0
BRDA:12,4,0,0
BRDA:12,4,1,0
BRF:10
BRH:0
end_of_record
TN:
SF:/Users/daniellewis/code/react-combobox/src/highlighters/substring_highlighter.js
FN:7,substringHighlighter
FNF:1
FNH:0
FNDA:0,substringHighlighter
DA:8,0
DA:9,0
DA:12,0
DA:13,0
DA:14,0
DA:21,0
LF:6
LH:0
BRDA:8,0,0,0
BRDA:8,0,1,0
BRDA:8,1,0,0
BRDA:8,1,1,0
BRDA:9,2,0,0
BRDA:9,2,1,0
BRDA:13,3,0,0
BRDA:13,3,1,0
BRF:8
BRH:0
end_of_record
TN:
SF:/Users/daniellewis/code/react-combobox/src/highlighters/token_highlighter.js
FN:13,tokenHighlighter
FN:54,(anonymous_1)
FNF:2
FNH:0
FNDA:0,tokenHighlighter
FNDA:0,(anonymous_1)
DA:14,0
DA:16,0
DA:18,0
DA:19,0
DA:20,0
DA:21,0
DA:22,0
DA:23,0
DA:24,0
DA:27,0
DA:28,0
DA:29,0
DA:31,0
DA:34,0
DA:36,0
DA:38,0
DA:39,0
DA:40,0
DA:42,0
DA:44,0
DA:45,0
DA:48,0
DA:49,0
DA:50,0
DA:52,0
DA:54,0
DA:55,0
DA:56,0
DA:57,0
DA:60,0
DA:63,0
DA:65,0
DA:66,0
DA:68,0
LF:34
LH:0
BRDA:14,0,0,0
BRDA:14,0,1,0
BRDA:28,1,0,0
BRDA:28,1,1,0
BRDA:29,2,0,0
BRDA:29,2,1,0
BRDA:31,3,0,0
BRDA:31,3,1,0
BRDA:31,4,0,0
BRDA:31,4,1,0
BRDA:31,4,2,0
BRDA:36,5,0,0
BRDA:36,5,1,0
BRDA:36,6,0,0
BRDA:36,6,1,0
BRDA:36,6,2,0
BRDA:38,7,0,0
BRDA:38,7,1,0
BRDA:39,8,0,0
BRDA:39,8,1,0
BRDA:48,9,0,0
BRDA:48,9,1,0
BRDA:48,10,0,0
BRDA:48,10,1,0
BRDA:55,11,0,0
BRDA:55,11,1,0
BRDA:56,12,0,0
BRDA:56,12,1,0
BRDA:65,13,0,0
BRDA:65,13,1,0
BRF:30
BRH:0
end_of_record
TN:
SF:/Users/daniellewis/code/react-combobox/src/hooks/use_async_search.js
FN:5,reduce
FN:9,init
FN:17,(anonymous_2)
FN:24,(anonymous_3)
FN:25,(anonymous_4)
FN:25,(anonymous_5)
FN:27,(anonymous_6)
FNF:7
FNH:0
FNDA:0,reduce
FNDA:0,init
FNDA:0,(anonymous_2)
FNDA:0,(anonymous_3)
FNDA:0,(anonymous_4)
FNDA:0,(anonymous_5)
FNDA:0,(anonymous_6)
DA:6,0
DA:10,0
DA:17,0
DA:21,0
DA:22,0
DA:23,0
DA:24,0
DA:25,0
DA:26,0
DA:27,0
DA:28,0
DA:29,0
DA:34,0
DA:35,0
DA:37,0
DA:38,0
DA:39,0
DA:40,0
DA:41,0
DA:44,0
DA:45,0
DA:46,0
DA:47,0
DA:51,0
DA:52,0
DA:53,0
DA:55,0
DA:56,0
DA:57,0
DA:59,0
DA:62,0
LF:31
LH:0
BRDA:19,0,0,0
BRDA:19,1,0,0
BRDA:19,2,0,0
BRDA:19,3,0,0
BRDA:28,4,0,0
BRDA:28,4,1,0
BRDA:34,5,0,0
BRDA:34,5,1,0
BRDA:37,6,0,0
BRDA:37,6,1,0
BRDA:40,7,0,0
BRDA:40,7,1,0
BRDA:52,8,0,0
BRDA:52,8,1,0
BRDA:56,9,0,0
BRDA:56,9,1,0
BRF:16
BRH:0
end_of_record
TN:
SF:/Users/daniellewis/code/react-combobox/src/hooks/use_grouped_options.js
FN:3,useGroupedOptions
FN:4,(anonymous_1)
FN:6,(anonymous_2)
FNF:3
FNH:0
FNDA:0,useGroupedOptions
FNDA:0,(anonymous_1)
FNDA:0,(anonymous_2)
DA:4,0
DA:5,0
DA:6,0
DA:7,0
DA:8,0
DA:9,0
DA:11,0
DA:13,0
LF:8
LH:0
BRDA:8,0,0,0
BRDA:8,0,1,0
BRF:2
BRH:0
end_of_record
TN:
SF:/Users/daniellewis/code/react-combobox/src/hooks/use_hover_intent.js
FN:8,useHoverIntent
FN:9,(anonymous_1)
FN:15,compare
FN:20,(anonymous_3)
FN:24,onMove
FN:29,cleanUp
FN:38,(anonymous_6)
FNF:7
FNH:0
FNDA:0,useHoverIntent
FNDA:0,(anonymous_1)
FNDA:0,compare
FNDA:0,(anonymous_3)
FNDA:0,onMove
FNDA:0,cleanUp
FNDA:0,(anonymous_6)
DA:5,0
DA:6,0
DA:9,0
DA:10,0
DA:11,0
DA:12,0
DA:16,0
DA:17,0
DA:19,0
DA:20,0
DA:25,0
DA:26,0
DA:30,0
DA:31,0
DA:32,0
DA:35,0
DA:36,0
DA:37,0
DA:38,0
LF:19
LH:0
BRDA:16,0,0,0
BRDA:16,0,1,0
BRF:2
BRH:0
end_of_record
TN:
SF:/Users/daniellewis/code/react-combobox/src/hooks/use_id.js
FN:3,useId
FN:5,(anonymous_1)
FNF:2
FNH:0
FNDA:0,useId
FNDA:0,(anonymous_1)
DA:4,0
DA:5,0
DA:7,0
LF:3
LH:0
BRDA:5,0,0,0
BRDA:5,0,1,0
BRF:2
BRH:0
end_of_record
TN:
SF:/Users/daniellewis/code/react-combobox/src/hooks/use_normalised_options.js
FN:28,useNormalisedOptions
FN:29,(anonymous_1)
FN:33,(anonymous_2)
FN:43,(anonymous_3)
FN:50,(anonymous_4)
FN:54,(anonymous_5)
FN:79,(anonymous_6)
FN:82,(anonymous_7)
FN:88,(anonymous_8)
FNF:9
FNH:0
FNDA:0,useNormalisedOptions
FNDA:0,(anonymous_1)
FNDA:0,(anonymous_2)
FNDA:0,(anonymous_3)
FNDA:0,(anonymous_4)
FNDA:0,(anonymous_5)
FNDA:0,(anonymous_6)
FNDA:0,(anonymous_7)
FNDA:0,(anonymous_8)
DA:29,0
DA:30,0
DA:33,0
DA:34,0
DA:35,0
DA:36,0
DA:39,0
DA:40,0
DA:43,0
DA:44,0
DA:45,0
DA:46,0
DA:50,0
DA:51,0
DA:53,0
DA:54,0
DA:55,0
DA:56,0
DA:57,0
DA:58,0
DA:60,0
DA:61,0
DA:63,0
DA:65,0
DA:66,0
DA:67,0
DA:68,0
DA:70,0
DA:72,0
DA:74,0
DA:79,0
DA:82,0
DA:83,0
DA:84,0
DA:88,0
DA:89,0
DA:92,0
DA:95,0
LF:38
LH:0
BRDA:30,0,0,0
BRDA:30,0,1,0
BRDA:30,1,0,0
BRDA:30,1,1,0
BRDA:39,2,0,0
BRDA:39,2,1,0
BRDA:51,3,0,0
BRDA:51,3,1,0
BRDA:55,4,0,0
BRDA:55,4,1,0
BRDA:63,5,0,0
BRDA:63,5,1,0
BRDA:66,6,0,0
BRDA:66,6,1,0
BRDA:79,7,0,0
BRDA:79,7,1,0
BRDA:83,8,0,0
BRDA:83,8,1,0
BRDA:89,9,0,0
BRDA:89,9,1,0
BRF:20
BRH:0
end_of_record
TN:
SF:/Users/daniellewis/code/react-combobox/src/hooks/use_on_blur.js
FN:4,useOnBlur
FN:7,(anonymous_1)
FN:8,(anonymous_2)
FN:15,(anonymous_3)
FN:17,(anonymous_4)
FN:23,(anonymous_5)
FN:27,(anonymous_6)
FNF:7
FNH:0
FNDA:0,useOnBlur
FNDA:0,(anonymous_1)
FNDA:0,(anonymous_2)
FNDA:0,(anonymous_3)
FNDA:0,(anonymous_4)
FNDA:0,(anonymous_5)
FNDA:0,(anonymous_6)
DA:5,0
DA:7,0
DA:8,0
DA:9,0
DA:10,0
DA:15,0
DA:16,0
DA:17,0
DA:18,0
DA:19,0
DA:23,0
DA:24,0
DA:25,0
DA:27,0
DA:28,0
DA:29,0
DA:33,0
LF:17
LH:0
BRDA:9,0,0,0
BRDA:9,0,1,0
BRDA:9,1,0,0
BRDA:9,1,1,0
BRF:4
BRH:0
end_of_record
TN:
SF:/Users/daniellewis/code/react-combobox/src/hooks/use_on_mouse_leave.js
FN:3,useOnMouseLeave
FN:4,(anonymous_1)
FN:6,(anonymous_2)
FN:7,(anonymous_3)
FN:11,(anonymous_4)
FN:15,(anonymous_5)
FN:19,(anonymous_6)
FNF:7
FNH:0
FNDA:0,useOnMouseLeave
FNDA:0,(anonymous_1)
FNDA:0,(anonymous_2)
FNDA:0,(anonymous_3)
FNDA:0,(anonymous_4)
FNDA:0,(anonymous_5)
FNDA:0,(anonymous_6)
DA:4,0
DA:5,0
DA:6,0
DA:7,0
DA:8,0
DA:11,0
DA:12,0
DA:15,0
DA:16,0
DA:17,0
DA:19,0
DA:20,0
LF:12
LH:0
BRDA:16,0,0,0
BRDA:16,0,1,0
BRF:2
BRH:0
end_of_record
TN:
SF:/Users/daniellewis/code/react-combobox/src/hooks/use_optionised_props.js
FN:5,(anonymous_0)
FN:9,(anonymous_1)
FN:13,(anonymous_2)
FN:15,(anonymous_3)
FN:22,(anonymous_4)
FN:27,(anonymous_5)
FN:27,(anonymous_6)
FN:32,(anonymous_7)
FN:33,(anonymous_8)
FNF:9
FNH:0
FNDA:0,(anonymous_0)
FNDA:0,(anonymous_1)
FNDA:0,(anonymous_2)
FNDA:0,(anonymous_3)
FNDA:0,(anonymous_4)
FNDA:0,(anonymous_5)
FNDA:0,(anonymous_6)
FNDA:0,(anonymous_7)
FNDA:0,(anonymous_8)
DA:5,0
DA:8,0
DA:10,0
DA:13,0
DA:14,0
DA:15,0
DA:16,0
DA:21,0
DA:22,0
DA:26,0
DA:27,0
DA:31,0
DA:33,0
DA:34,0
DA:35,0
DA:37,0
DA:42,0
LF:17
LH:0
BRDA:10,0,0,0
BRDA:10,0,1,0
BRDA:22,1,0,0
BRDA:22,1,1,0
BRDA:22,2,0,0
BRDA:22,2,1,0
BRDA:27,3,0,0
BRDA:27,3,1,0
BRDA:33,4,0,0
BRDA:33,4,1,0
BRDA:34,5,0,0
BRDA:34,5,1,0
BRDA:34,6,0,0
BRDA:34,6,1,0
BRDA:37,7,0,0
BRDA:37,7,1,0
BRF:16
BRH:0
end_of_record
TN:
SF:/Users/daniellewis/code/react-combobox/src/hooks/use_previous.js
FN:3,usePrevious
FN:5,(anonymous_1)
FNF:2
FNH:0
FNDA:0,usePrevious
FNDA:0,(anonymous_1)
DA:4,0
DA:5,0
DA:6,0
DA:8,0
LF:4
LH:0
BRF:0
BRH:0
end_of_record
TN:
SF:/Users/daniellewis/code/react-combobox/src/hooks/use_search.js
FN:5,(anonymous_0)
FN:6,(anonymous_1)
FN:8,(anonymous_2)
FN:10,(anonymous_3)
FNF:4
FNH:0
FNDA:0,(anonymous_0)
FNDA:0,(anonymous_1)
FNDA:0,(anonymous_2)
FNDA:0,(anonymous_3)
DA:5,0
DA:6,0
DA:7,0
DA:8,0
DA:9,0
DA:10,0
DA:13,0
LF:7
LH:0
BRF:0
BRH:0
end_of_record
TN:
SF:/Users/daniellewis/code/react-combobox/src/hooks/use_selected_index.js
FN:4,useSelectedIndex
FN:6,(anonymous_1)
FNF:2
FNH:0
FNDA:0,useSelectedIndex
FNDA:0,(anonymous_1)
DA:5,0
DA:6,0
LF:2
LH:0
BRF:0
BRH:0
end_of_record
TN:
SF:/Users/daniellewis/code/react-combobox/src/hooks/use_thunk_reducer.js
FN:4,useThunkReducer
FN:11,(anonymous_1)
FN:11,(anonymous_2)
FN:11,(anonymous_3)
FNF:4
FNH:0
FNDA:0,useThunkReducer
FNDA:0,(anonymous_1)
FNDA:0,(anonymous_2)
FNDA:0,(anonymous_3)
DA:5,0
DA:6,0
DA:7,0
DA:8,0
DA:9,0
DA:10,0
DA:11,0
DA:15,0
LF:8
LH:0
BRDA:11,0,0,0
BRDA:11,0,1,0
BRF:2
BRH:0
end_of_record
TN:
SF:/Users/daniellewis/code/react-combobox/src/validators/array_members.js
FN:1,arrayMembers
FN:2,(anonymous_1)
FNF:2
FNH:0
FNDA:0,arrayMembers
FNDA:0,(anonymous_1)
DA:2,0
DA:3,0
DA:4,0
DA:5,0
DA:6,0
DA:9,0
LF:6
LH:0
BRDA:3,0,0,0
BRDA:3,0,1,0
BRDA:5,1,0,0
BRDA:5,1,1,0
BRF:4
BRH:0
end_of_record
TN:
SF:/Users/daniellewis/code/react-combobox/src/validators/component_customiser.js
FNF:0
FNH:0
DA:4,0
LF:1
LH:0
BRF:0
BRH:0
end_of_record
TN:
SF:/Users/daniellewis/code/react-combobox/src/validators/options.js
FNF:0
FNH:0
DA:4,0
LF:1
LH:0
BRF:0
BRH:0
end_of_record
